500, 3186688, 0, 0
1000, 3180544, 0, 0
1500, 2285568, 0, 0
2000, 2031616, 0, 0
2501, 2646355, 0, 0
3001, 2869652, 0, 0
3501, 2892646, 0, 0
4001, 3062802, 0, 0
4500, 2964992, 0, 0
5000, 2864128, 0, 0
5500, 1280512, 0, 0
6065, 906194, 0, 0
6500, 2106368, 0, 0
7000, 2406912, 0, 0
7501, 2509924, 0, 0
8001, 2412327, 0, 0
8501, 2563576, 0, 0
9000, 2395648, 0, 0
9500, 2504192, 0, 0
10000, 2447872, 0, 0
10500, 2342912, 0, 0
11001, 2340790, 0, 0
11501, 2486930, 0, 0
12001, 3025500, 0, 0
12500, 2570752, 0, 0
13000, 2437120, 0, 0
13500, 2487296, 0, 0
14000, 2624512, 0, 0
14501, 2482331, 0, 0
15001, 2407728, 0, 0
15501, 2647377, 0, 0
16001, 3074043, 0, 0
16500, 2905600, 0, 0
17000, 3034624, 0, 0
17500, 3170304, 0, 0
18001, 2938123, 0, 0
18501, 2999441, 0, 0
19001, 3157333, 0, 0
19500, 3070464, 0, 0
20000, 3074560, 0, 0
20500, 3125760, 0, 0
21001, 3039808, 0, 0
21501, 3177261, 0, 0
22001, 3139449, 0, 0
22500, 3149312, 0, 0
23000, 2968576, 0, 0
23500, 2913280, 0, 0
24000, 2958336, 0, 0
24501, 3098570, 0, 0
25001, 3108790, 0, 0
25501, 3298874, 0, 0
26000, 3103744, 0, 0
26500, 2984960, 0, 0
27000, 3068928, 0, 0
27501, 3098059, 0, 0
28001, 3232958, 0, 0
28501, 3040319, 0, 0
29000, 3058176, 0, 0
29500, 3041280, 0, 0
30000, 2880512, 0, 0
30500, 3156992, 0, 0
31000, 3039232, 0, 0
31501, 3098059, 0, 0
32001, 2969293, 0, 0
32501, 3018347, 0, 0
33000, 3120640, 0, 0
33500, 3251712, 0, 0
34000, 2871296, 0, 0
34500, 2926080, 0, 0
35001, 2982578, 0, 0
35501, 3172662, 0, 0
36001, 3157844, 0, 0
36500, 3147264, 0, 0
37000, 2913792, 0, 0
37500, 2981376, 0, 0
38001, 3111345, 0, 0
38501, 3120031, 0, 0
39001, 3099592, 0, 0
39500, 3084288, 0, 0
40000, 3058688, 0, 0
40505, 2969093, 0, 0
41001, 2573285, 0, 0
41501, 3094994, 0, 0
42001, 2915640, 0, 0
42500, 3140608, 0, 0
43000, 2768384, 0, 0
43500, 2226688, 0, 0
44001, 3126163, 0, 0
44501, 3127185, 0, 0
45001, 2186986, 0, 0
45501, 2034203, 0, 0
46000, 1864704, 0, 0
46500, 2948608, 0, 0
47000, 2646528, 0, 0
47500, 1969664, 0, 0
48001, 2032159, 0, 0
48501, 2419992, 0, 0
49001, 3003528, 0, 0
49500, 3012608, 0, 0
50000, 3048448, 0, 0
50500, 3075072, 0, 0
51001, 2944766, 0, 0
51501, 3072000, 0, 0
52001, 2961117, 0, 0
52500, 2590208, 0, 0
53000, 1008128, 0, 0
53500, 2251776, 0, 0
54000, 919040, 0, 0
54501, 2443497, 0, 0
55001, 2909508, 0, 0
55501, 2965716, 0, 0
56000, 2979328, 0, 0
56500, 2108416, 0, 0
57000, 3076608, 0, 0
57500, 2940416, 0, 0
58001, 3032143, 0, 0
58501, 2989221, 0, 0
59001, 2961117, 0, 0
59501, 3177261, 0, 0
60000, 3219456, 0, 0
60500, 3102208, 0, 0
61000, 3023872, 0, 0
61500, 3139584, 0, 0
62001, 3131784, 0, 0
62501, 3012215, 0, 0
63001, 2518099, 0, 0
63501, 2018874, 0, 0
64000, 1950208, 0, 0
64500, 1961984, 0, 0
65000, 1877504, 0, 0
65500, 1948160, 0, 0
66001, 1962155, 0, 0
66501, 2120047, 0, 0
67001, 2182387, 0, 0
67500, 2995200, 0, 0
68000, 3043840, 0, 0
68500, 3054592, 0, 0
69000, 3056640, 0, 0
69501, 3086307, 0, 0
70001, 3003528, 0, 0
70501, 2191584, 0, 0
71001, 2442475, 0, 0
71500, 3044864, 0, 0
72000, 3167232, 0, 0
72500, 3096576, 0, 0
73000, 3194880, 0, 0
73501, 2974403, 0, 0
74001, 3047473, 0, 0
74501, 3057692, 0, 0
75000, 3216384, 0, 0
75500, 3063808, 0, 0
76000, 3166720, 0, 0
76500, 3290112, 0, 0
77001, 3333109, 0, 0
77501, 2934035, 0, 0
78001, 3013237, 0, 0
78501, 3140471, 0, 0
79000, 3066880, 0, 0
79500, 3065856, 0, 0
80000, 3066368, 0, 0
80500, 2949120, 0, 0
81001, 3032654, 0, 0
81501, 3206898, 0, 0
82001, 3081197, 0, 0
82500, 3090944, 0, 0
83000, 2966016, 0, 0
83500, 2997760, 0, 0
84000, 3159552, 0, 0
84501, 3068423, 0, 0
85001, 3016814, 0, 0
85501, 3036742, 0, 0
86001, 3180327, 0, 0
86500, 3089408, 0, 0
87000, 3180032, 0, 0
87500, 3066368, 0, 0
88000, 3039232, 0, 0
88501, 3057181, 0, 0
89001, 2943744, 0, 0
89501, 2486930, 0, 0
90000, 2083840, 0, 0
90500, 2077696, 0, 0
91000, 2127360, 0, 0
91500, 2032640, 0, 0
92001, 2120047, 0, 0
92501, 2051576, 0, 0
93001, 2990243, 0, 0
93501, 3204343, 0, 0
94000, 3124736, 0, 0
94500, 3131392, 0, 0
95000, 3189760, 0, 0
95500, 2896896, 0, 0
96001, 1973397, 0, 0
96501, 1898283, 0, 0
97001, 1939672, 0, 0
97500, 1985536, 0, 0
98000, 3050496, 0, 0
98500, 3162624, 0, 0
99000, 3078144, 0, 0
99501, 3130762, 0, 0
100001, 3135361, 0, 0
100501, 3081708, 0, 0
101000, 3245568, 0, 0
101500, 3239936, 0, 0
102000, 3110400, 0, 0
102500, 2883584, 0, 0
103001, 3040830, 0, 0
103501, 3014770, 0, 0
104001, 2947321, 0, 0
104500, 3071488, 0, 0
105000, 3042816, 0, 0
105500, 3060224, 0, 0
106000, 3145216, 0, 0
106501, 3331576, 0, 0
107001, 3228359, 0, 0
107501, 2763880, 0, 0
108001, 3150179, 0, 0
108500, 2889728, 0, 0
109000, 2344960, 0, 0
109500, 3077632, 0, 0
110000, 3025408, 0, 0
110501, 3290187, 0, 0
111001, 3065868, 0, 0
111501, 2798626, 0, 0
112000, 3130880, 0, 0
112500, 3106304, 0, 0
113000, 3222016, 0, 0
113500, 2994688, 0, 0
114001, 3036742, 0, 0
114501, 3133828, 0, 0
115001, 3104191, 0, 0
115501, 2680079, 0, 0
116000, 2037760, 0, 0
116500, 2043392, 0, 0
117000, 2070528, 0, 0
117500, 2038272, 0, 0
118001, 2268231, 0, 0
118501, 3089884, 0, 0
119001, 3150179, 0, 0
119500, 3075584, 0, 0
120000, 2992640, 0, 0
120500, 3024384, 0, 0
121000, 2955776, 0, 0
121500, 2985472, 0, 0
122001, 3112878, 0, 0
122501, 3053604, 0, 0
123001, 2945788, 0, 0
123500, 3002368, 0, 0
124000, 2936320, 0, 0
124500, 2968576, 0, 0
125000, 2995712, 0, 0
125501, 3030099, 0, 0
126001, 3102147, 0, 0
126501, 2950898, 0, 0
127000, 1851392, 0, 0
127500, 1909248, 0, 0
128000, 1870336, 0, 0
128500, 2993664, 0, 0
129001, 3032654, 0, 0
129501, 2986155, 0, 0
130001, 2986666, 0, 0
130500, 3068416, 0, 0
131000, 2996224, 0, 0
131500, 3102720, 0, 0
132000, 3036160, 0, 0
132501, 3036742, 0, 0
133001, 2853301, 0, 0
133501, 2336702, 0, 0
134001, 2595768, 0, 0
134500, 3060736, 0, 0
135000, 2233344, 0, 0
135500, 2080768, 0, 0
136000, 2064384, 0, 0
136501, 2060263, 0, 0
137001, 2166546, 0, 0
137501, 2438898, 0, 0
138000, 3122688, 0, 0
138500, 3044352, 0, 0
139000, 3164160, 0, 0
139500, 3167232, 0, 0
140001, 3039808, 0, 0
140501, 2956007, 0, 0
141001, 3076087, 0, 0
141500, 3014144, 0, 0
142000, 2395648, 0, 0
142500, 2836480, 0, 0
143000, 2992640, 0, 0
143501, 2897756, 0, 0
144001, 3081708, 0, 0
144501, 2972870, 0, 0
145001, 2946810, 0, 0
145500, 2900480, 0, 0
146000, 3154944, 0, 0
146500, 2375168, 0, 0
147001, 2019385, 0, 0
147501, 1947848, 0, 0
148001, 1967265, 0, 0
148501, 2254435, 0, 0
149000, 2356224, 0, 0
149500, 2503680, 0, 0
150000, 3205120, 0, 0
150500, 2979840, 0, 0
151001, 3014770, 0, 0
151501, 3067401, 0, 0
152001, 2813956, 0, 0
152500, 2444288, 0, 0
153000, 2387968, 0, 0
153500, 2416640, 0, 0
154000, 2113024, 0, 0
154501, 2218155, 0, 0
155001, 2372982, 0, 0
155501, 2186986, 0, 0
156000, 2547712, 0, 0
156500, 2015232, 0, 0
157000, 2285568, 0, 0
157500, 3001344, 0, 0
158000, 3202560, 0, 0
158501, 2703584, 0, 0
159001, 2477221, 0, 0
159500, 2793472, 0, 0
160000, 2801664, 0, 0
160500, 2419712, 0, 0
161000, 1924096, 0, 0
161501, 2384223, 0, 0
162001, 2221221, 0, 0
162501, 2457804, 0, 0
163000, 2592768, 0, 0
163500, 2460160, 0, 0
164000, 2473472, 0, 0
164501, 2385756, 0, 0
165001, 2502770, 0, 0
165501, 2367361, 0, 0
166001, 2473644, 0, 0
166500, 2454528, 0, 0
167000, 2511360, 0, 0
167500, 2461184, 0, 0
168000, 2468864, 0, 0
168501, 2638179, 0, 0
169001, 2055664, 0, 0
169501, 2729644, 0, 0
170000, 2991104, 0, 0
170500, 2924032, 0, 0
171000, 3216896, 0, 0
171500, 3006464, 0, 0
172001, 2950898, 0, 0
172501, 3241644, 0, 0
173001, 3027033, 0, 0
173500, 2945536, 0, 0
174000, 3090432, 0, 0
174501, 2996886, 0, 0
175000, 2934272, 0, 0
175500, 3081728, 0, 0
176001, 3130762, 0, 0
176501, 2990243, 0, 0
177001, 3181860, 0, 0
177500, 3188224, 0, 0
178000, 2891776, 0, 0
178500, 3276800, 0, 0
179000, 3209216, 0, 0
179501, 3287632, 0, 0
180001, 3100614, 0, 0
