500, 2570824, 0, 0
1000, 2573202, 0, 0
1500, 3577363, 0, 0
2000, 4025195, 0, 0
2500, 3096617, 0, 0
3000, 2845557, 0, 0
3500, 2828418, 0, 0
4000, 2666198, 0, 0
4500, 2752822, 0, 0
5000, 2857789, 0, 0
5634, 3447005, 0, 0
6065, 9340495, 0, 0
6500, 5040117, 0, 0
7000, 3397350, 0, 0
7500, 3256859, 0, 0
8000, 3388621, 0, 0
8500, 3188798, 0, 0
9000, 3411089, 0, 0
9500, 3267571, 0, 0
10000, 3344433, 0, 0
10500, 3491956, 0, 0
11000, 3498922, 0, 0
11500, 3280401, 0, 0
12000, 2705917, 0, 0
12500, 3169150, 0, 0
13000, 3365551, 0, 0
13500, 3289416, 0, 0
14000, 3120025, 0, 0
14500, 3289046, 0, 0
15000, 3397665, 0, 0
15500, 3093118, 0, 0
16000, 2653534, 0, 0
16500, 2813848, 0, 0
17000, 2695352, 0, 0
17500, 2584023, 0, 0
18000, 2781122, 0, 0
18500, 2721003, 0, 0
19000, 2590889, 0, 0
19500, 2660465, 0, 0
20000, 2659698, 0, 0
20500, 2620500, 0, 0
21000, 2690283, 0, 0
21500, 2571015, 0, 0
22000, 2601916, 0, 0
22500, 2594114, 0, 0
23000, 2756744, 0, 0
23500, 2808054, 0, 0
24000, 2766587, 0, 0
24500, 2640809, 0, 0
25000, 2624882, 0, 0
25500, 2477429, 0, 0
26000, 2630185, 0, 0
26500, 2742297, 0, 0
27000, 2666749, 0, 0
27500, 2639498, 0, 0
28000, 2526524, 0, 0
28500, 2684733, 0, 0
29000, 2675204, 0, 0
29500, 2689142, 0, 0
30000, 2844219, 0, 0
30500, 2591613, 0, 0
31000, 2696862, 0, 0
31500, 2633172, 0, 0
32000, 2751590, 0, 0
32500, 2707410, 0, 0
33000, 2617836, 0, 0
33500, 2517640, 0, 0
34000, 2849882, 0, 0
34500, 2797501, 0, 0
35000, 2742098, 0, 0
35500, 2575828, 0, 0
36000, 2585342, 0, 0
36500, 2593745, 0, 0
37000, 2811504, 0, 0
37500, 2743342, 0, 0
38000, 2629851, 0, 0
38500, 2620268, 0, 0
39000, 2632209, 0, 0
39500, 2648164, 0, 0
40000, 2678619, 0, 0
40500, 2752940, 0, 0
41000, 3144623, 0, 0
41500, 2640461, 0, 0
42000, 2800258, 0, 0
42500, 2603912, 0, 0
43000, 2950119, 0, 0
43500, 3680397, 0, 0
44000, 2618740, 0, 0
44500, 2610730, 0, 0
45000, 3730608, 0, 0
45500, 4011658, 0, 0
46000, 4383121, 0, 0
46500, 2781079, 0, 0
47000, 3084729, 0, 0
47500, 4164186, 0, 0
48000, 4020113, 0, 0
48500, 3379248, 0, 0
49000, 2723988, 0, 0
49500, 2709478, 0, 0
50000, 2686192, 0, 0
50500, 2663826, 0, 0
51000, 2771710, 0, 0
51500, 2661219, 0, 0
52000, 2757941, 0, 0
52500, 3149488, 0, 0
53052, 3770285, 0, 0
53500, 5601454, 0, 0
54000, 8900819, 0, 0
54500, 3348180, 0, 0
55000, 2808115, 0, 0
55500, 2755463, 0, 0
56000, 2738339, 0, 0
56500, 3881245, 0, 0
57000, 2663971, 0, 0
57500, 2782294, 0, 0
58000, 2695469, 0, 0
58500, 2733035, 0, 0
59000, 2760699, 0, 0
59500, 2569723, 0, 0
60000, 2536245, 0, 0
60500, 2637668, 0, 0
61000, 2710998, 0, 0
61500, 2605478, 0, 0
62000, 2609178, 0, 0
62500, 2713255, 0, 0
63000, 3233701, 0, 0
63500, 4054194, 0, 0
64000, 4187526, 0, 0
64500, 4172035, 0, 0
65000, 4363606, 0, 0
65501, 4198227, 0, 0
66000, 4173317, 0, 0
66500, 3856412, 0, 0
67000, 3748628, 0, 0
67500, 2729101, 0, 0
68000, 2687924, 0, 0
68500, 2681009, 0, 0
69000, 2679297, 0, 0
69500, 2647847, 0, 0
70000, 2719621, 0, 0
70500, 3717683, 0, 0
71000, 3356699, 0, 0
71500, 2682771, 0, 0
72000, 2582473, 0, 0
72500, 2646961, 0, 0
73000, 2557758, 0, 0
73500, 2749145, 0, 0
74000, 2681758, 0, 0
74500, 2673252, 0, 0
75000, 2538803, 0, 0
75500, 2668521, 0, 0
76000, 2587893, 0, 0
76500, 2487292, 0, 0
77000, 2449473, 0, 0
77500, 2787381, 0, 0
78000, 2713572, 0, 0
78500, 2599569, 0, 0
79000, 2663640, 0, 0
79500, 2670076, 0, 0
80000, 2668384, 0, 0
80500, 2775877, 0, 0
81000, 2693670, 0, 0
81500, 2547847, 0, 0
82000, 2651781, 0, 0
82500, 2642329, 0, 0
83000, 2759452, 0, 0
83500, 2735318, 0, 0
84000, 2588451, 0, 0
84500, 2663690, 0, 0
85000, 2706984, 0, 0
85500, 2691272, 0, 0
86000, 2568656, 0, 0
86500, 2643484, 0, 0
87000, 2575348, 0, 0
87500, 2670205, 0, 0
88000, 2691796, 0, 0
88500, 2671807, 0, 0
89000, 2777076, 0, 0
89500, 3275642, 0, 0
90000, 3926051, 0, 0
90500, 3938803, 0, 0
91000, 3853954, 0, 0
91500, 4028417, 0, 0
92000, 3850642, 0, 0
92500, 3984854, 0, 0
93000, 2737764, 0, 0
93500, 2548289, 0, 0
94000, 2615337, 0, 0
94500, 2613737, 0, 0
95000, 2565676, 0, 0
95500, 2820565, 0, 0
96000, 4139339, 0, 0
96500, 4304323, 0, 0
97000, 4216568, 0, 0
97500, 4127464, 0, 0
98000, 2682063, 0, 0
98500, 2587933, 0, 0
99000, 2660440, 0, 0
99500, 2610544, 0, 0
100000, 2604841, 0, 0
100500, 2651438, 0, 0
101000, 2519852, 0, 0
101500, 2524099, 0, 0
102000, 2631244, 0, 0
102500, 2838315, 0, 0
103000, 2687489, 0, 0
103500, 2709962, 0, 0
104000, 2773588, 0, 0
104500, 2661174, 0, 0
105000, 2687424, 0, 0
105500, 2677603, 0, 0
106000, 2603188, 0, 0
106500, 2452544, 0, 0
107000, 2529333, 0, 0
107500, 2956205, 0, 0
108000, 2593988, 0, 0
108500, 2821685, 0, 0
109000, 3498642, 0, 0
109500, 2659640, 0, 0
110000, 2704973, 0, 0
110500, 2485493, 0, 0
111000, 2659351, 0, 0
111500, 2926669, 0, 0
112000, 2606977, 0, 0
112500, 2636735, 0, 0
113000, 2539576, 0, 0
113500, 2732249, 0, 0
114000, 2691121, 0, 0
114500, 2606767, 0, 0
115000, 2632110, 0, 0
115500, 3043108, 0, 0
116000, 4006869, 0, 0
116500, 4013967, 0, 0
117000, 3950440, 0, 0
117500, 4018360, 0, 0
118000, 3611592, 0, 0
118500, 2644786, 0, 0
119000, 2589808, 0, 0
119500, 2659493, 0, 0
120000, 2734461, 0, 0
120500, 2706736, 0, 0
121000, 2771236, 0, 0
121500, 2741092, 0, 0
122000, 2624398, 0, 0
122500, 2673991, 0, 0
123000, 2776132, 0, 0
123500, 2720350, 0, 0
124000, 2788845, 0, 0
124500, 2756071, 0, 0
125000, 2735758, 0, 0
125500, 2694395, 0, 0
126000, 2633314, 0, 0
126500, 2762870, 0, 0
127000, 4404943, 0, 0
127500, 4301383, 0, 0
128000, 4375334, 0, 0
128500, 2738036, 0, 0
129000, 2694103, 0, 0
129500, 2737850, 0, 0
130000, 2734832, 0, 0
130500, 2664575, 0, 0
131000, 2731289, 0, 0
131500, 2639076, 0, 0
132000, 2696307, 0, 0
132500, 2688615, 0, 0
133000, 2857615, 0, 0
133500, 3502935, 0, 0
134000, 3152740, 0, 0
134500, 2669156, 0, 0
135000, 3661436, 0, 0
135500, 3929698, 0, 0
136001, 3965373, 0, 0
136500, 3969078, 0, 0
137000, 3774605, 0, 0
137500, 3359360, 0, 0
138000, 2616190, 0, 0
138500, 2691212, 0, 0
139000, 2585681, 0, 0
139500, 2581424, 0, 0
140000, 2688738, 0, 0
140500, 2764571, 0, 0
141000, 2654602, 0, 0
141500, 2711155, 0, 0
142000, 3415640, 0, 0
142500, 2888684, 0, 0
143000, 2735379, 0, 0
143500, 2819438, 0, 0
144000, 2652206, 0, 0
144500, 2746271, 0, 0
145000, 2769944, 0, 0
145500, 2820785, 0, 0
146000, 2595522, 0, 0
146500, 3439281, 0, 0
147000, 4052050, 0, 0
147500, 4189318, 0, 0
148000, 4152381, 0, 0
148500, 3632329, 0, 0
149000, 3468451, 0, 0
149500, 3273519, 0, 0
150000, 2553700, 0, 0
150500, 2746799, 0, 0
151000, 2710840, 0, 0
151500, 2663487, 0, 0
152000, 2896853, 0, 0
152500, 3346426, 0, 0
153000, 3429330, 0, 0
153500, 3387801, 0, 0
154000, 3880076, 0, 0
154500, 3691944, 0, 0
155000, 3430051, 0, 0
155500, 3745094, 0, 0
156000, 3203322, 0, 0
156500, 4064796, 0, 0
157000, 3586265, 0, 0
157500, 2729675, 0, 0
158000, 2555114, 0, 0
158500, 3019813, 0, 0
159000, 3297753, 0, 0
159500, 2927711, 0, 0
160000, 2915149, 0, 0
160500, 3388107, 0, 0
161000, 4252518, 0, 0
161500, 3428299, 0, 0
162000, 3687377, 0, 0
162500, 3320654, 0, 0
163000, 3152931, 0, 0
163500, 3328516, 0, 0
164000, 3308942, 0, 0
164500, 3426770, 0, 0
165000, 3265149, 0, 0
165500, 3449143, 0, 0
166000, 3304057, 0, 0
166500, 3328044, 0, 0
167000, 3259539, 0, 0
167500, 3327512, 0, 0
168000, 3316370, 0, 0
168500, 3098367, 0, 0
169000, 3965416, 0, 0
169500, 3002238, 0, 0
170000, 2729131, 0, 0
170500, 2802733, 0, 0
171000, 2543765, 0, 0
171500, 2723821, 0, 0
172000, 2765642, 0, 0
172500, 2520511, 0, 0
173000, 2701131, 0, 0
173500, 2774162, 0, 0
174000, 2647331, 0, 0
174500, 2724860, 0, 0
175000, 2793260, 0, 0
175500, 2652228, 0, 0
176000, 2612807, 0, 0
176500, 2732220, 0, 0
177000, 2564993, 0, 0
177500, 2565127, 0, 0
178000, 2830310, 0, 0
178500, 2500282, 0, 0
179000, 2547547, 0, 0
179500, 2484994, 0, 0
180000, 2628756, 0, 0
180002, 3970084, 0, 0
