500, 91177, 1, 0
1238, 95301, 1, 0
1500, 110470, 1, 0
2007, 102153, 1, 0
2504, 93854, 1, 0
3001, 221146, 1, 0
3512, 136482, 1, 0
4014, 91239, 1, 0
4503, 95013, 1, 0
5007, 84205, 1, 0
5515, 82991, 1, 0
6002, 526382, 1, 0
6507, 101600, 1, 0
7015, 92019, 1, 0
7525, 86787, 1, 0
8002, 85202, 1, 0
8500, 90033, 1, 0
9004, 95339, 1, 0
9505, 87258, 1, 0
10004, 81248, 1, 0
10501, 89704, 1, 0
11002, 101670, 1, 0
11504, 87696, 1, 0
12020, 93795, 1, 0
12506, 106331, 1, 0
13007, 98915, 1, 0
13509, 106283, 1, 0
14005, 85617, 1, 0
14500, 79277, 1, 0
15003, 83367, 1, 0
15511, 89845, 1, 0
16010, 78270, 1, 0
16500, 83169, 1, 0
17027, 111131, 1, 0
17508, 108826, 1, 0
18002, 107115, 1, 0
18501, 118628, 1, 0
19019, 102051, 1, 0
19509, 89713, 1, 0
20007, 90290, 1, 0
20512, 98411, 1, 0
21042, 97308, 1, 0
21515, 79582, 1, 0
22000, 93949, 1, 0
22505, 85190, 1, 0
23244, 76607, 1, 0
23571, 86820, 1, 0
24003, 77991, 1, 0
24504, 76539, 1, 0
25001, 93019, 1, 0
25500, 75766, 1, 0
26011, 82051, 1, 0
26504, 81581, 1, 0
27005, 88018, 1, 0
27501, 83183, 1, 0
28003, 102594, 1, 0
28502, 100074, 1, 0
29009, 97867, 1, 0
29505, 89176, 1, 0
30000, 109891, 1, 0
30501, 106158, 1, 0
31003, 91725, 1, 0
31501, 86195, 1, 0
32009, 87695, 1, 0
32500, 106781, 1, 0
33024, 81744, 1, 0
33505, 88247, 1, 0
34001, 98801, 1, 0
34504, 96667, 1, 0
35003, 82539, 1, 0
35503, 74745, 1, 0
36000, 81336, 1, 0
36501, 84731, 1, 0
37006, 83890, 1, 0
37511, 83933, 1, 0
38006, 96683, 1, 0
38514, 91214, 1, 0
39007, 100914, 1, 0
39514, 102249, 1, 0
40005, 98263, 1, 0
40512, 98305, 1, 0
41035, 97699, 1, 0
41506, 95148, 1, 0
42026, 99096, 1, 0
42501, 88657, 1, 0
43003, 154877, 1, 0
43502, 107586, 1, 0
44005, 99132, 1, 0
44500, 269314, 1, 0
45001, 107037, 1, 0
45510, 98849, 1, 0
46029, 112239, 1, 0
46502, 102639, 1, 0
47001, 99772, 1, 0
47500, 97439, 1, 0
48006, 100199, 1, 0
48503, 90757, 1, 0
49003, 84591, 1, 0
49500, 83363, 1, 0
50010, 88499, 1, 0
50505, 129249, 1, 0
51002, 84526, 1, 0
51505, 75975, 1, 0
52000, 155216, 1, 0
52503, 125953, 1, 0
53001, 101639, 1, 0
53500, 106296, 1, 0
54001, 110041, 1, 0
54514, 106818, 1, 0
55003, 95443, 1, 0
55509, 101838, 1, 0
56012, 114300, 1, 0
56503, 106139, 1, 0
57002, 96544, 1, 0
57509, 93528, 1, 0
58006, 94411, 1, 0
58516, 97563, 1, 0
59000, 92928, 1, 0
59505, 99132, 1, 0
60002, 96046, 1, 0
60507, 89075, 1, 0
61007, 79829, 1, 0
61500, 88235, 1, 0
62009, 88022, 1, 0
62500, 88943, 1, 0
63002, 84203, 1, 0
63505, 99514, 1, 0
64000, 100485, 1, 0
64513, 95080, 1, 0
65025, 101281, 1, 0
65503, 104060, 1, 0
66004, 113226, 1, 0
66530, 98426, 1, 0
67000, 101453, 1, 0
67501, 101715, 1, 0
68007, 99647, 1, 0
68507, 82300, 1, 0
69001, 86029, 1, 0
69503, 80970, 1, 0
70008, 91295, 1, 0
70501, 86009, 1, 0
71000, 93380, 1, 0
71503, 87324, 1, 0
72141, 79509, 1, 0
72502, 216697, 1, 0
73015, 216384, 1, 0
73506, 100406, 1, 0
74000, 94563, 1, 0
74509, 98127, 1, 0
75002, 86459, 1, 0
75503, 87954, 1, 0
76001, 88473, 1, 0
76501, 76986, 1, 0
77000, 105948, 1, 0
77500, 91512, 1, 0
78006, 81663, 1, 0
78513, 81665, 1, 0
79000, 87720, 1, 0
79506, 89387, 1, 0
80004, 96995, 1, 0
80680, 100787, 1, 0
81004, 85779, 1, 0
81504, 81612, 1, 0
82005, 89440, 1, 0
82505, 93184, 1, 0
83002, 86932, 1, 0
83512, 97161, 1, 0
84017, 115236, 1, 0
84515, 99680, 1, 0
85006, 80615, 1, 0
85503, 94703, 1, 0
86000, 83015, 1, 0
86500, 96558, 1, 0
87002, 103174, 1, 0
87511, 112918, 1, 0
88001, 107825, 1, 0
88505, 97426, 1, 0
89002, 110711, 1, 0
89513, 98202, 1, 0
90003, 95832, 1, 0
90502, 104892, 1, 0
91013, 103572, 1, 0
91512, 83944, 1, 0
92001, 87168, 1, 0
92500, 83678, 1, 0
93339, 78905, 1, 0
93509, 84716, 1, 0
94002, 80519, 1, 0
94503, 80999, 1, 0
95000, 85557, 1, 0
95503, 87588, 1, 0
96001, 98540, 1, 0
96504, 111803, 1, 0
97003, 82936, 1, 0
97507, 93989, 1, 0
98008, 94372, 1, 0
98502, 81156, 1, 0
99001, 92473, 1, 0
99520, 98336, 1, 0
100001, 100599, 1, 0
100502, 103704, 1, 0
101006, 90003, 1, 0
101506, 179485, 1, 0
102003, 250217, 1, 0
102510, 92478, 1, 0
103002, 106164, 1, 0
103505, 84968, 1, 0
104006, 107674, 1, 0
104504, 98375, 1, 0
105015, 105933, 1, 0
105514, 107744, 1, 0
106007, 110574, 1, 0
106500, 101577, 1, 0
107004, 92475, 1, 0
107514, 94312, 1, 0
108020, 102564, 1, 0
108522, 94337, 1, 0
109000, 102588, 1, 0
109507, 95863, 1, 0
110019, 96636, 1, 0
110500, 110239, 1, 0
111013, 94180, 1, 0
111507, 94276, 1, 0
112002, 99816, 1, 0
112501, 95683, 1, 0
113002, 86773, 1, 0
113501, 75250, 1, 0
114004, 86366, 1, 0
114503, 91813, 1, 0
115000, 89191, 1, 0
115501, 82992, 1, 0
116001, 88593, 1, 0
116522, 90840, 1, 0
117019, 86682, 1, 0
117500, 112041, 1, 0
118003, 104238, 1, 0
118503, 106841, 1, 0
119003, 101727, 1, 0
119500, 97490, 1, 0
120000, 94814, 1, 0
120501, 103277, 1, 0
121004, 100642, 1, 0
121501, 92532, 1, 0
122001, 100562, 1, 0
122517, 90379, 1, 0
123018, 84142, 1, 0
123503, 90995, 1, 0
124004, 96980, 1, 0
124501, 102582, 1, 0
125001, 92859, 1, 0
125511, 86441, 1, 0
126001, 112821, 1, 0
126500, 102388, 1, 0
127002, 104869, 1, 0
127523, 96024, 1, 0
128002, 263374, 1, 0
128510, 81043, 1, 0
129002, 83413, 1, 0
129510, 88242, 1, 0
130004, 91634, 1, 0
130501, 93187, 1, 0
131003, 77008, 1, 0
131504, 85136, 1, 0
132004, 96431, 1, 0
132501, 95143, 1, 0
133223, 96980, 1, 0
133506, 81432, 1, 0
134001, 87049, 1, 0
134515, 87846, 1, 0
135000, 94652, 1, 0
135504, 99837, 1, 0
136023, 80520, 1, 0
136500, 89600, 1, 0
137003, 88240, 1, 0
137500, 109302, 1, 0
138005, 89917, 1, 0
138501, 97402, 1, 0
139006, 89067, 1, 0
139502, 85134, 1, 0
140019, 82759, 1, 0
140529, 91877, 1, 0
141010, 92906, 1, 0
141604, 98069, 1, 0
142001, 171106, 1, 0
142502, 96640, 1, 0
143001, 103523, 1, 0
143500, 87207, 1, 0
144004, 81792, 1, 0
144500, 95433, 1, 0
145001, 120682, 1, 0
145671, 121070, 1, 0
146002, 101913, 1, 0
146505, 101806, 1, 0
147010, 97395, 1, 0
147510, 96727, 1, 0
148004, 93742, 1, 0
148507, 96412, 1, 0
149000, 97608, 1, 0
149512, 95446, 1, 0
150003, 97211, 1, 0
150505, 93737, 1, 0
151000, 82572, 1, 0
151501, 85867, 1, 0
152018, 95451, 1, 0
152503, 90967, 1, 0
153000, 87909, 1, 0
153510, 146390, 1, 0
154017, 120609, 1, 0
154504, 196735, 1, 0
155011, 137103, 1, 0
155503, 90238, 1, 0
156007, 102157, 1, 0
156506, 101824, 1, 0
157018, 103543, 1, 0
157501, 84418, 1, 0
158000, 105488, 1, 0
158512, 117930, 1, 0
159007, 93034, 1, 0
159502, 92400, 1, 0
160004, 143559, 1, 0
160501, 101863, 1, 0
161010, 93830, 1, 0
161501, 94684, 1, 0
162010, 91375, 1, 0
162509, 95345, 1, 0
163014, 95622, 1, 0
163500, 96197, 1, 0
164001, 101422, 1, 0
164513, 102286, 1, 0
165000, 93626, 1, 0
165519, 93529, 1, 0
166006, 105910, 1, 0
166505, 94983, 1, 0
167000, 96554, 1, 0
167500, 90203, 1, 0
168003, 95497, 1, 0
168505, 90262, 1, 0
169002, 100982, 1, 0
169504, 89620, 1, 0
170029, 116994, 1, 0
170500, 106260, 1, 0
171004, 97830, 1, 0
171508, 84385, 1, 0
172003, 93886, 1, 0
172525, 96085, 1, 0
173001, 95292, 1, 0
173517, 101319, 1, 0
174006, 93944, 1, 0
174505, 88596, 1, 0
175003, 86466, 1, 0
175505, 98842, 1, 0
176012, 89287, 1, 0
176509, 91897, 1, 0
177001, 88323, 1, 0
177508, 92804, 1, 0
178001, 96337, 1, 0
178500, 117972, 1, 0
179003, 136275, 1, 0
179518, 82645, 1, 0
181423, 77729, 1, 0
