500, 187932247, 1, 0
1201, 200740400, 1, 0
1501, 285418590, 1, 0
2003, 166032474, 1, 0
2508, 141983191, 1, 0
3041, 132435071, 1, 0
3517, 146907356, 1, 0
4004, 128976241, 1, 0
4501, 195970872, 1, 0
5014, 169911507, 1, 0
5505, 236009076, 1, 0
6000, 144120862, 1, 0
6501, 161516715, 1, 0
7045, 425148267, 1, 0
7501, 235751054, 1, 0
8008, 175642362, 1, 0
8500, 374029873, 1, 0
9003, 208202721, 1, 0
9521, 176800891, 1, 0
10002, 198671879, 1, 0
10500, 186262792, 1, 0
11008, 133791291, 1, 0
11502, 136325140, 1, 0
12009, 133281160, 1, 0
12505, 156961263, 1, 0
13006, 129766843, 1, 0
13514, 100870902, 1, 0
14014, 129867958, 1, 0
14574, 432055265, 1, 0
15007, 375014222, 1, 0
15502, 146933429, 1, 0
16000, 106262521, 1, 0
16500, 173321227, 1, 0
17002, 137466891, 1, 0
17518, 179412093, 1, 0
18000, 142092274, 1, 0
18507, 156380100, 1, 0
19013, 133474690, 1, 0
19503, 191685235, 1, 0
20002, 180703989, 1, 0
20500, 150182528, 1, 0
21001, 128055369, 1, 0
21509, 156238443, 1, 0
22004, 154135039, 1, 0
22502, 178656191, 1, 0
23207, 171534410, 1, 0
23555, 467821185, 1, 0
24004, 281595608, 1, 0
24501, 162809726, 1, 0
25003, 166111295, 1, 0
25504, 161142926, 1, 0
26000, 130061493, 1, 0
26511, 169903456, 1, 0
27000, 177091693, 1, 0
27502, 158851906, 1, 0
28001, 125763423, 1, 0
28514, 118955162, 1, 0
29001, 131170944, 1, 0
29503, 143054041, 1, 0
30062, 142161674, 1, 0
30503, 154433975, 1, 0
31006, 169935358, 1, 0
31505, 155945628, 1, 0
32004, 198788075, 1, 0
32520, 161936395, 1, 0
33005, 184986945, 1, 0
33503, 261546479, 1, 0
34004, 159485144, 1, 0
34508, 100277132, 1, 0
35002, 151881984, 1, 0
35500, 208718625, 1, 0
36000, 198682669, 1, 0
36504, 103187478, 1, 0
37012, 205024710, 1, 0
37508, 172182639, 1, 0
38007, 154098511, 1, 0
38528, 251630151, 1, 0
39006, 180529678, 1, 0
39504, 115794643, 1, 0
40004, 160101445, 1, 0
40504, 138131099, 1, 0
41000, 153935327, 1, 0
41500, 145065523, 1, 0
42007, 146181032, 1, 0
42502, 176249355, 1, 0
43017, 136195030, 1, 0
43508, 176972747, 1, 0
44004, 124140465, 1, 0
44531, 173395668, 1, 0
45003, 163686270, 1, 0
45504, 176454585, 1, 0
46000, 177350943, 1, 0
46500, 167687489, 1, 0
47000, 193448182, 1, 0
47502, 176361623, 1, 0
48001, 148092939, 1, 0
48501, 156075438, 1, 0
49000, 171765930, 1, 0
49502, 133846644, 1, 0
50010, 163656367, 1, 0
50504, 228344734, 1, 0
51000, 186248606, 1, 0
51504, 149270212, 1, 0
52018, 237154591, 1, 0
52508, 173607592, 1, 0
53000, 134673085, 1, 0
53504, 133525410, 1, 0
54001, 160330609, 1, 0
54500, 203669033, 1, 0
55000, 140770692, 1, 0
55507, 129760066, 1, 0
56002, 170127937, 1, 0
56507, 133800612, 1, 0
57012, 160164059, 1, 0
57503, 202703484, 1, 0
58003, 179086250, 1, 0
58504, 192447933, 1, 0
59003, 164134620, 1, 0
59501, 151580467, 1, 0
60005, 179939680, 1, 0
60507, 157017683, 1, 0
61006, 139959903, 1, 0
61500, 186922794, 1, 0
62000, 163781822, 1, 0
62502, 151465577, 1, 0
63008, 162623251, 1, 0
63507, 142654711, 1, 0
64007, 134033960, 1, 0
64511, 185717548, 1, 0
65000, 142661907, 1, 0
65515, 139667346, 1, 0
66006, 149496106, 1, 0
66504, 173879047, 1, 0
67023, 167112656, 1, 0
67503, 193302509, 1, 0
68005, 163889132, 1, 0
68501, 133703921, 1, 0
69002, 152659967, 1, 0
69514, 147935949, 1, 0
70095, 183611170, 1, 0
70503, 187839585, 1, 0
71002, 157496297, 1, 0
71502, 261919110, 1, 0
72003, 245806319, 1, 0
72502, 226554106, 1, 0
73002, 204072973, 1, 0
73509, 150688545, 1, 0
74040, 164040420, 1, 0
74500, 212743403, 1, 0
75000, 163808009, 1, 0
75507, 147853375, 1, 0
76006, 149069729, 1, 0
76501, 175490490, 1, 0
77002, 185048981, 1, 0
77501, 146483089, 1, 0
78003, 142539494, 1, 0
78530, 123414370, 1, 0
79002, 172146457, 1, 0
79503, 120608485, 1, 0
80003, 244014343, 1, 0
80503, 189921560, 1, 0
81021, 187078059, 1, 0
81502, 174177610, 1, 0
82005, 128787896, 1, 0
82501, 141970867, 1, 0
83001, 127724709, 1, 0
83503, 115924767, 1, 0
84001, 126300128, 1, 0
84501, 150000929, 1, 0
85018, 113198740, 1, 0
85507, 157517035, 1, 0
86018, 129060171, 1, 0
86510, 197976907, 1, 0
87010, 144118162, 1, 0
87502, 148635488, 1, 0
88014, 160153205, 1, 0
88514, 178911030, 1, 0
89006, 264713157, 1, 0
89504, 137882987, 1, 0
90001, 135265883, 1, 0
90502, 164850466, 1, 0
91001, 209569723, 1, 0
91503, 178163031, 1, 0
92004, 128995628, 1, 0
92502, 184627236, 1, 0
93008, 434769124, 1, 0
93507, 188587944, 1, 0
94006, 269465568, 1, 0
94517, 205236237, 1, 0
95001, 143882755, 1, 0
95510, 165700998, 1, 0
96002, 160380686, 1, 0
96511, 158114157, 1, 0
97001, 162838819, 1, 0
97517, 148887715, 1, 0
98000, 156610930, 1, 0
98506, 125474668, 1, 0
99002, 137940614, 1, 0
99501, 128678833, 1, 0
100000, 184868816, 1, 0
100504, 198745695, 1, 0
101000, 116984527, 1, 0
101501, 234946513, 1, 0
102002, 183624483, 1, 0
102512, 145542896, 1, 0
103005, 132451361, 1, 0
103505, 164008457, 1, 0
104004, 136093811, 1, 0
104504, 147168727, 1, 0
105011, 132176402, 1, 0
105514, 158137405, 1, 0
106012, 186614857, 1, 0
106500, 264525877, 1, 0
107057, 191009157, 1, 0
107515, 266324405, 1, 0
108004, 340180096, 1, 0
108505, 166923478, 1, 0
109002, 401596331, 1, 0
109531, 369011677, 1, 0
110008, 284474675, 1, 0
110503, 144107472, 1, 0
111001, 156844496, 1, 0
111501, 178112445, 1, 0
112001, 139494799, 1, 0
112502, 179478733, 1, 0
113008, 134923837, 1, 0
113505, 184113126, 1, 0
114001, 211345003, 1, 0
114510, 129868096, 1, 0
115006, 193949564, 1, 0
115501, 150198387, 1, 0
116000, 113159311, 1, 0
116513, 134546614, 1, 0
117007, 137498816, 1, 0
117514, 147791461, 1, 0
118000, 196182359, 1, 0
118503, 159609915, 1, 0
119007, 175422602, 1, 0
119504, 130613819, 1, 0
120002, 166354233, 1, 0
120501, 153166392, 1, 0
121001, 182320882, 1, 0
121509, 190671796, 1, 0
122031, 158145941, 1, 0
122505, 134115713, 1, 0
123000, 142543650, 1, 0
123511, 170516510, 1, 0
124003, 164637818, 1, 0
124501, 156652215, 1, 0
125001, 178180575, 1, 0
125510, 169528980, 1, 0
126001, 226200964, 1, 0
126521, 174253834, 1, 0
127008, 198993458, 1, 0
127512, 217937228, 1, 0
128000, 142339137, 1, 0
128506, 165507477, 1, 0
129000, 127592595, 1, 0
129502, 128352047, 1, 0
130003, 193206704, 1, 0
130502, 134802446, 1, 0
131002, 136275559, 1, 0
131525, 185527036, 1, 0
132000, 119800961, 1, 0
132500, 151394936, 1, 0
133012, 181306894, 1, 0
133501, 119497754, 1, 0
134003, 157600153, 1, 0
134506, 187066591, 1, 0
135005, 174480453, 1, 0
135505, 171864644, 1, 0
136000, 148901245, 1, 0
136524, 145054449, 1, 0
137005, 160546947, 1, 0
137505, 158888654, 1, 0
138003, 235962808, 1, 0
138502, 169194416, 1, 0
139001, 193800575, 1, 0
139504, 218040134, 1, 0
140005, 138343873, 1, 0
140510, 159850764, 1, 0
141014, 183469832, 1, 0
141500, 181134757, 1, 0
142052, 342677627, 1, 0
142505, 227908098, 1, 0
143008, 124947482, 1, 0
143501, 165060738, 1, 0
144010, 125240324, 1, 0
144514, 147772590, 1, 0
145001, 155478127, 1, 0
145502, 147466160, 1, 0
146019, 184535277, 1, 0
146511, 173149214, 1, 0
147002, 193750742, 1, 0
147502, 147899877, 1, 0
148000, 181282047, 1, 0
148506, 210289999, 1, 0
149032, 136206081, 1, 0
149505, 163452932, 1, 0
150014, 195337468, 1, 0
150515, 210504078, 1, 0
151021, 198158136, 1, 0
151521, 241119800, 1, 0
152002, 137864922, 1, 0
152504, 131143464, 1, 0
153004, 183161127, 1, 0
153506, 134145729, 1, 0
154014, 181054095, 1, 0
154501, 200100559, 1, 0
155003, 154212488, 1, 0
155506, 147297245, 1, 0
156007, 146948715, 1, 0
156507, 147817876, 1, 0
157025, 175462707, 1, 0
157500, 205452118, 1, 0
158001, 122069311, 1, 0
158500, 189351095, 1, 0
159002, 154117719, 1, 0
159504, 158528804, 1, 0
160000, 167837119, 1, 0
160510, 128578875, 1, 0
161004, 142310589, 1, 0
161502, 135263317, 1, 0
162000, 167197388, 1, 0
162500, 132979044, 1, 0
163003, 165608926, 1, 0
163512, 184770764, 1, 0
164002, 231584694, 1, 0
164502, 196988157, 1, 0
165003, 172082276, 1, 0
165500, 130286665, 1, 0
166018, 146155299, 1, 0
166510, 139807703, 1, 0
167010, 220079221, 1, 0
167504, 143687039, 1, 0
168003, 181730784, 1, 0
168510, 191229736, 1, 0
169002, 153853367, 1, 0
169505, 162069828, 1, 0
170000, 129628666, 1, 0
170502, 218195279, 1, 0
171001, 154371174, 1, 0
171507, 169342350, 1, 0
172070, 154724121, 1, 0
172507, 274021892, 1, 0
173001, 185770181, 1, 0
173507, 124453300, 1, 0
174001, 153186356, 1, 0
174504, 157485362, 1, 0
175004, 168707846, 1, 0
175500, 135756166, 1, 0
176003, 144059564, 1, 0
176501, 159017559, 1, 0
177015, 155929735, 1, 0
177511, 206612106, 1, 0
178002, 176611200, 1, 0
178511, 129775733, 1, 0
179000, 145778966, 1, 0
179529, 153099394, 1, 0
180022, 319069671, 1, 0
181404, 1687743275, 1, 0
181404, 1517143030, 1, 0
181404, 2004354715, 1, 0
