500, 188023087, 1, 0
1201, 200825585, 1, 0
1501, 285502398, 1, 0
2003, 166112701, 1, 0
2508, 142057543, 1, 0
3041, 132617625, 1, 0
3517, 147033819, 1, 0
4004, 129065323, 1, 0
4501, 196061178, 1, 0
5014, 170006771, 1, 0
5505, 236099775, 1, 0
6000, 144334092, 1, 0
6501, 161624550, 1, 0
7045, 425327997, 1, 0
7501, 235854959, 1, 0
8008, 175743415, 1, 0
8500, 374116414, 1, 0
9003, 208289193, 1, 0
9521, 176888184, 1, 0
10002, 198764514, 1, 0
10500, 186353726, 1, 0
11008, 133885973, 1, 0
11502, 136408557, 1, 0
12009, 133362314, 1, 0
12505, 157045878, 1, 0
13006, 129851340, 1, 0
13514, 100967609, 1, 0
14014, 129964577, 1, 0
14574, 432155941, 1, 0
15007, 375099199, 1, 0
15502, 147019901, 1, 0
16000, 106345068, 1, 0
16500, 173406619, 1, 0
17002, 137572460, 1, 0
17518, 179525077, 1, 0
18000, 142190341, 1, 0
18507, 156475113, 1, 0
19013, 133560532, 1, 0
19503, 191762755, 1, 0
20002, 180782836, 1, 0
20500, 150266108, 1, 0
21001, 128131945, 1, 0
21509, 156327991, 1, 0
22004, 154214218, 1, 0
22502, 178744877, 1, 0
23207, 171619591, 1, 0
23555, 467901910, 1, 0
24004, 281676908, 1, 0
24501, 162891626, 1, 0
25003, 166198004, 1, 0
25504, 161224706, 1, 0
26000, 130136779, 1, 0
26511, 169976376, 1, 0
27000, 177170108, 1, 0
27502, 158942912, 1, 0
28001, 125861378, 1, 0
28514, 119049544, 1, 0
29001, 131268942, 1, 0
29503, 143142942, 1, 0
30062, 142259148, 1, 0
30503, 154531639, 1, 0
31006, 170017297, 1, 0
31505, 156030916, 1, 0
32004, 198883395, 1, 0
32520, 162031869, 1, 0
33005, 185078506, 1, 0
33503, 261641208, 1, 0
34004, 159576514, 1, 0
34508, 100370085, 1, 0
35002, 151966548, 1, 0
35500, 208807966, 1, 0
36000, 198770045, 1, 0
36504, 103269196, 1, 0
37012, 205114310, 1, 0
37508, 172267774, 1, 0
38007, 154198282, 1, 0
38528, 251728228, 1, 0
39006, 180628639, 1, 0
39504, 115888015, 1, 0
40004, 160194536, 1, 0
40504, 138226718, 1, 0
41000, 154035872, 1, 0
41500, 145165636, 1, 0
42007, 146279896, 1, 0
42502, 176346475, 1, 0
43017, 136395493, 1, 0
43508, 177074921, 1, 0
44004, 124231661, 1, 0
44531, 173594020, 1, 0
45003, 163797842, 1, 0
45504, 176557517, 1, 0
46000, 177445614, 1, 0
46500, 167777928, 1, 0
47000, 193538794, 1, 0
47502, 176456725, 1, 0
48001, 148187088, 1, 0
48501, 156156599, 1, 0
49000, 171845764, 1, 0
49502, 133933737, 1, 0
50010, 163738022, 1, 0
50504, 228436949, 1, 0
51000, 186341513, 1, 0
51504, 149352989, 1, 0
52018, 237237393, 1, 0
52508, 173687911, 1, 0
53000, 134756350, 1, 0
53504, 133622325, 1, 0
54001, 160424352, 1, 0
54500, 203760102, 1, 0
55000, 140869171, 1, 0
55507, 129857824, 1, 0
56002, 170227613, 1, 0
56507, 133904425, 1, 0
57012, 160264155, 1, 0
57503, 202791120, 1, 0
58003, 179179564, 1, 0
58504, 192526518, 1, 0
59003, 164215037, 1, 0
59501, 151669425, 1, 0
60005, 180032955, 1, 0
60507, 157100169, 1, 0
61006, 140053840, 1, 0
61500, 187013402, 1, 0
62000, 163865586, 1, 0
62502, 151544546, 1, 0
63008, 162711537, 1, 0
63507, 142750294, 1, 0
64007, 134115879, 1, 0
64511, 185797605, 1, 0
65000, 142742395, 1, 0
65515, 139752039, 1, 0
66006, 149596716, 1, 0
66504, 173971532, 1, 0
67023, 167204686, 1, 0
67503, 193402404, 1, 0
68005, 163982650, 1, 0
68501, 133792784, 1, 0
69002, 152742027, 1, 0
69514, 148013168, 1, 0
70095, 183695623, 1, 0
70503, 187917171, 1, 0
71002, 157607940, 1, 0
71502, 262062500, 1, 0
72003, 245910411, 1, 0
72502, 226644498, 1, 0
73002, 204440247, 1, 0
73509, 150901804, 1, 0
74040, 164124012, 1, 0
74500, 212836744, 1, 0
75000, 163898390, 1, 0
75507, 147935571, 1, 0
76006, 149157420, 1, 0
76501, 175583119, 1, 0
77002, 185140637, 1, 0
77501, 146567374, 1, 0
78003, 142623520, 1, 0
78530, 123498249, 1, 0
79002, 172244982, 1, 0
79503, 120695361, 1, 0
80003, 244109290, 1, 0
80503, 190011232, 1, 0
81021, 187161152, 1, 0
81502, 174264149, 1, 0
82005, 128877750, 1, 0
82501, 142063574, 1, 0
83001, 127826217, 1, 0
83503, 116019060, 1, 0
84001, 126395822, 1, 0
84501, 150089195, 1, 0
85018, 113283255, 1, 0
85507, 157605947, 1, 0
86018, 129150294, 1, 0
86510, 198075687, 1, 0
87010, 144212449, 1, 0
87502, 148737404, 1, 0
88014, 160245722, 1, 0
88514, 179000646, 1, 0
89006, 264802061, 1, 0
89504, 137974392, 1, 0
90001, 135353358, 1, 0
90502, 164940939, 1, 0
91001, 209661933, 1, 0
91503, 178260814, 1, 0
92004, 129087267, 1, 0
92502, 184714499, 1, 0
93008, 434858741, 1, 0
93507, 188681629, 1, 0
94006, 269567067, 1, 0
94517, 205325651, 1, 0
95001, 143974474, 1, 0
95510, 165782138, 1, 0
96002, 160475087, 1, 0
96511, 158217028, 1, 0
97001, 162940964, 1, 0
97517, 148986252, 1, 0
98000, 156701880, 1, 0
98506, 125556038, 1, 0
99002, 138032206, 1, 0
99501, 128758653, 1, 0
100000, 184952756, 1, 0
100504, 198839439, 1, 0
101000, 117076692, 1, 0
101501, 235076528, 1, 0
102002, 183916891, 1, 0
102512, 145652179, 1, 0
103005, 132545668, 1, 0
103505, 164101587, 1, 0
104004, 136183761, 1, 0
104504, 147261964, 1, 0
105011, 132268333, 1, 0
105514, 158265116, 1, 0
106012, 186731773, 1, 0
106500, 264629197, 1, 0
107057, 191106955, 1, 0
107515, 266418763, 1, 0
108004, 340273262, 1, 0
108505, 167008700, 1, 0
109002, 401678014, 1, 0
109531, 369099642, 1, 0
110008, 284554166, 1, 0
110503, 144186483, 1, 0
111001, 156927676, 1, 0
111501, 178193614, 1, 0
112001, 139572540, 1, 0
112502, 179566935, 1, 0
113008, 135007664, 1, 0
113505, 184197476, 1, 0
114001, 211432009, 1, 0
114510, 129946734, 1, 0
115006, 194021434, 1, 0
115501, 150274105, 1, 0
116000, 113233937, 1, 0
116513, 134626904, 1, 0
117007, 137573516, 1, 0
117514, 147878638, 1, 0
118000, 196277650, 1, 0
118503, 159706436, 1, 0
119007, 175515724, 1, 0
119504, 130705412, 1, 0
120002, 166451178, 1, 0
120501, 153289639, 1, 0
121001, 182416031, 1, 0
121509, 190761270, 1, 0
122031, 158225888, 1, 0
122505, 134197014, 1, 0
123000, 142654563, 1, 0
123511, 170601523, 1, 0
124003, 164731998, 1, 0
124501, 156750824, 1, 0
125001, 178261468, 1, 0
125510, 169616197, 1, 0
126001, 226279747, 1, 0
126521, 174339451, 1, 0
127008, 199081645, 1, 0
127512, 218022057, 1, 0
128000, 142563398, 1, 0
128506, 165659405, 1, 0
129000, 127675685, 1, 0
129502, 128442860, 1, 0
130003, 193297506, 1, 0
130502, 134890729, 1, 0
131002, 136361947, 1, 0
131525, 185609985, 1, 0
132000, 119878703, 1, 0
132500, 151477408, 1, 0
133012, 181400912, 1, 0
133501, 119588369, 1, 0
134003, 157685103, 1, 0
134506, 187149773, 1, 0
135005, 174558363, 1, 0
135505, 171948416, 1, 0
136000, 148985704, 1, 0
136524, 145138770, 1, 0
137005, 160635423, 1, 0
137504, 158982895, 1, 0
138003, 236047724, 1, 0
138502, 169283564, 1, 0
139001, 193887372, 1, 0
139504, 218126244, 1, 0
140005, 138422100, 1, 0
140510, 159929089, 1, 0
141014, 183556544, 1, 0
141500, 181212271, 1, 0
142052, 342762323, 1, 0
142505, 228003807, 1, 0
143008, 125041508, 1, 0
143501, 165144205, 1, 0
144010, 125331600, 1, 0
144514, 147868304, 1, 0
145001, 155581445, 1, 0
145502, 147566625, 1, 0
146019, 184632391, 1, 0
146511, 173253747, 1, 0
147002, 193853857, 1, 0
147502, 147999021, 1, 0
148000, 181389908, 1, 0
148506, 210395834, 1, 0
149032, 136307598, 1, 0
149505, 163540436, 1, 0
150014, 195435109, 1, 0
150515, 210589131, 1, 0
151021, 198237394, 1, 0
151521, 241198282, 1, 0
152002, 137939615, 1, 0
152504, 131219666, 1, 0
153004, 183240601, 1, 0
153506, 134430491, 1, 0
154014, 181182873, 1, 0
154501, 200199789, 1, 0
155003, 154386940, 1, 0
155506, 147406314, 1, 0
156007, 147044218, 1, 0
156507, 147916851, 1, 0
157025, 175564980, 1, 0
157500, 205548047, 1, 0
158001, 122169710, 1, 0
158500, 189446095, 1, 0
159002, 154224438, 1, 0
159504, 158628605, 1, 0
160000, 167939965, 1, 0
160510, 128680694, 1, 0
161004, 142407068, 1, 0
161502, 135356926, 1, 0
162000, 167299926, 1, 0
162500, 133086047, 1, 0
163003, 165714650, 1, 0
163512, 184868303, 1, 0
164002, 231680182, 1, 0
164502, 197088790, 1, 0
165003, 172175840, 1, 0
165500, 130388144, 1, 0
166018, 146248992, 1, 0
166510, 139896409, 1, 0
167010, 220171767, 1, 0
167504, 143771090, 1, 0
168003, 181807561, 1, 0
168510, 191314644, 1, 0
169002, 153959468, 1, 0
169505, 162179809, 1, 0
170000, 129741392, 1, 0
170502, 218304230, 1, 0
171001, 154459493, 1, 0
171507, 169424928, 1, 0
172070, 154814488, 1, 0
172507, 274113440, 1, 0
173001, 185870353, 1, 0
173507, 124555019, 1, 0
174001, 153262716, 1, 0
174504, 157569719, 1, 0
175004, 168797020, 1, 0
175500, 135838676, 1, 0
176003, 144141696, 1, 0
176501, 159098298, 1, 0
177015, 156005547, 1, 0
177511, 206693191, 1, 0
178002, 176707678, 1, 0
178511, 129941865, 1, 0
179000, 145973497, 1, 0
179529, 153206425, 1, 0
180022, 319169910, 1, 0
181404, 1687781715, 1, 0
181404, 1517252370, 1, 0
181404, 2004447488, 1, 0
