500, 29015940, 0, 0
1000, 37737828, 0, 0
1500, 26320437, 0, 0
2000, 59523871, 0, 0
2500, 38038109, 0, 0
3002, 41403272, 0, 0
3500, 38369738, 0, 0
4000, 26768248, 0, 0
4500, 27094343, 0, 0
5001, 34856120, 0, 0
5500, 29652991, 0, 0
6000, 24221102, 0, 0
6500, 38980727, 0, 0
7000, 36112945, 0, 0
7500, 30188925, 0, 0
8000, 23950085, 0, 0
8501, 30604298, 0, 0
9000, 29531459, 0, 0
9500, 30101549, 0, 0
10000, 24359968, 0, 0
10500, 25900972, 0, 0
11000, 25195206, 0, 0
11501, 31419586, 0, 0
12000, 31144951, 0, 0
12500, 34629064, 0, 0
13000, 34365353, 0, 0
13500, 25485905, 0, 0
14000, 30294759, 0, 0
14500, 37301295, 0, 0
15003, 52006786, 0, 0
15500, 38521740, 0, 0
16000, 30596364, 0, 0
16500, 29922044, 0, 0
17000, 43142847, 0, 0
17501, 38355518, 0, 0
18000, 39757560, 0, 0
18500, 27856908, 0, 0
19002, 29116079, 0, 0
19501, 27923355, 0, 0
20000, 38392854, 0, 0
20500, 25453435, 0, 0
21000, 34832940, 0, 0
21500, 21908930, 0, 0
22000, 37758302, 0, 0
22500, 20206892, 0, 0
23000, 32262271, 0, 0
23500, 27856802, 0, 0
24000, 37274225, 0, 0
24501, 25268126, 0, 0
25000, 37445710, 0, 0
25501, 38240782, 0, 0
26000, 43546546, 0, 0
26502, 23061027, 0, 0
27000, 45179266, 0, 0
27500, 35001263, 0, 0
28000, 25147918, 0, 0
28500, 31613467, 0, 0
29000, 40857677, 0, 0
29500, 36948816, 0, 0
30000, 27190670, 0, 0
30500, 27676208, 0, 0
31000, 23273601, 0, 0
31500, 24040700, 0, 0
32000, 32554575, 0, 0
32500, 29037245, 0, 0
33000, 32491675, 0, 0
33500, 21497216, 0, 0
34000, 33551446, 0, 0
34500, 34853534, 0, 0
35000, 26285033, 0, 0
35500, 32762224, 0, 0
36000, 42730559, 0, 0
36502, 35763291, 0, 0
37000, 28185197, 0, 0
37500, 43593858, 0, 0
38000, 34231514, 0, 0
38501, 23612009, 0, 0
39000, 33867430, 0, 0
39500, 38529782, 0, 0
40002, 35433706, 0, 0
40500, 27326212, 0, 0
41001, 35475172, 0, 0
41501, 27753017, 0, 0
42000, 30946789, 0, 0
42500, 36725187, 0, 0
43000, 40236377, 0, 0
43502, 33708797, 0, 0
44000, 32852249, 0, 0
44500, 25428764, 0, 0
45000, 27289308, 0, 0
45500, 31291720, 0, 0
46000, 29557881, 0, 0
46500, 28861884, 0, 0
47000, 25612215, 0, 0
47500, 20664530, 0, 0
48000, 24474735, 0, 0
48500, 32059897, 0, 0
49000, 25579725, 0, 0
49500, 29373684, 0, 0
50001, 31109802, 0, 0
50501, 51432084, 0, 0
51000, 34460261, 0, 0
51500, 37272051, 0, 0
52000, 39049121, 0, 0
52501, 23979895, 0, 0
53000, 28861264, 0, 0
53500, 39884206, 0, 0
54000, 32780500, 0, 0
54500, 21952981, 0, 0
55000, 27127955, 0, 0
55500, 44115617, 0, 0
56000, 34116286, 0, 0
56501, 36042773, 0, 0
57000, 42474334, 0, 0
57500, 37675052, 0, 0
58000, 32910462, 0, 0
58500, 23073108, 0, 0
59001, 23585010, 0, 0
59500, 34494903, 0, 0
60000, 30779780, 0, 0
60502, 26643610, 0, 0
61000, 36985215, 0, 0
61500, 32588651, 0, 0
62001, 31125843, 0, 0
62500, 33297059, 0, 0
63001, 34917516, 0, 0
63500, 25439102, 0, 0
64000, 24551672, 0, 0
64500, 33710522, 0, 0
65000, 26535534, 0, 0
65500, 28085709, 0, 0
66000, 29909125, 0, 0
66500, 31788706, 0, 0
67001, 32228616, 0, 0
67500, 34744435, 0, 0
68000, 30075753, 0, 0
68500, 24224355, 0, 0
69001, 21541626, 0, 0
69500, 38071074, 0, 0
70000, 39235811, 0, 0
70500, 25793415, 0, 0
71000, 33754461, 0, 0
71500, 29966811, 0, 0
72000, 40899210, 0, 0
72503, 25123597, 0, 0
73001, 33757793, 0, 0
73500, 37245496, 0, 0
74000, 42071657, 0, 0
74500, 33783340, 0, 0
75000, 32222133, 0, 0
75500, 38639090, 0, 0
76001, 42603267, 0, 0
76500, 33304305, 0, 0
77000, 31063956, 0, 0
77500, 26991003, 0, 0
78000, 33202865, 0, 0
78500, 32153932, 0, 0
79001, 36417117, 0, 0
79500, 35859278, 0, 0
80001, 34298672, 0, 0
80500, 40429355, 0, 0
81000, 52982645, 0, 0
81501, 30500460, 0, 0
82000, 32823118, 0, 0
82500, 32645778, 0, 0
83000, 36514379, 0, 0
83500, 32973588, 0, 0
84000, 27004855, 0, 0
84501, 33900050, 0, 0
85000, 33225613, 0, 0
85500, 28537933, 0, 0
86000, 26628247, 0, 0
86500, 29081300, 0, 0
87000, 27515194, 0, 0
87500, 29599280, 0, 0
88000, 29136072, 0, 0
88500, 32812760, 0, 0
89001, 66160049, 0, 0
89500, 35645628, 0, 0
90000, 37936062, 0, 0
90500, 32357115, 0, 0
91000, 32031182, 0, 0
91500, 56204457, 0, 0
92000, 31512800, 0, 0
92500, 30671687, 0, 0
93000, 29009562, 0, 0
93500, 32261917, 0, 0
94000, 23752769, 0, 0
94500, 26703995, 0, 0
95000, 21279312, 0, 0
95500, 26457960, 0, 0
96000, 30006656, 0, 0
96500, 32354120, 0, 0
97000, 26207078, 0, 0
97500, 31356384, 0, 0
98000, 28341725, 0, 0
98500, 28753603, 0, 0
99000, 31892603, 0, 0
99505, 36546775, 0, 0
100000, 42813504, 0, 0
100500, 46494896, 0, 0
101001, 40351946, 0, 0
101500, 35364783, 0, 0
102000, 30292828, 0, 0
102500, 38150683, 0, 0
103000, 29712196, 0, 0
103500, 35969938, 0, 0
104000, 25646590, 0, 0
104500, 29903765, 0, 0
105000, 38711795, 0, 0
105500, 32043078, 0, 0
106000, 34505585, 0, 0
106500, 25990932, 0, 0
107000, 29684955, 0, 0
107500, 33859204, 0, 0
108000, 29821311, 0, 0
108500, 103682708, 0, 0
109000, 35376800, 0, 0
109500, 30577120, 0, 0
110003, 31481831, 0, 0
110501, 32708553, 0, 0
111000, 27316589, 0, 0
111501, 28599603, 0, 0
112000, 27016074, 0, 0
112500, 31761204, 0, 0
113000, 27398775, 0, 0
113500, 22253008, 0, 0
114000, 24681595, 0, 0
114500, 32952682, 0, 0
115000, 31817932, 0, 0
115500, 32522438, 0, 0
116000, 34073042, 0, 0
116501, 42982919, 0, 0
117000, 31959146, 0, 0
117500, 44445480, 0, 0
118000, 36964186, 0, 0
118500, 32368031, 0, 0
119000, 21408638, 0, 0
119501, 29932906, 0, 0
120000, 32592561, 0, 0
120501, 46293674, 0, 0
121001, 39213298, 0, 0
121501, 29015111, 0, 0
122000, 39728087, 0, 0
122500, 32404419, 0, 0
123000, 29603241, 0, 0
123500, 21213052, 0, 0
124000, 26694514, 0, 0
124500, 25641798, 0, 0
125000, 28910597, 0, 0
125501, 31591548, 0, 0
126002, 30073405, 0, 0
126501, 27893117, 0, 0
127000, 32676515, 0, 0
127500, 33913571, 0, 0
128002, 36513125, 0, 0
128500, 39790307, 0, 0
129000, 26213075, 0, 0
129500, 33767128, 0, 0
130001, 30453683, 0, 0
130500, 26772977, 0, 0
131000, 29462214, 0, 0
131500, 37409513, 0, 0
132000, 26474707, 0, 0
132500, 26363710, 0, 0
133000, 27914764, 0, 0
133500, 32289229, 0, 0
134000, 29835187, 0, 0
134500, 30161680, 0, 0
135000, 23608194, 0, 0
135500, 25849527, 0, 0
136000, 28823133, 0, 0
136501, 37946767, 0, 0
137000, 29862228, 0, 0
137500, 31669378, 0, 0
138000, 35728103, 0, 0
138500, 22440246, 0, 0
139000, 21175609, 0, 0
139500, 27434274, 0, 0
140000, 27410090, 0, 0
140500, 38850451, 0, 0
141000, 36771620, 0, 0
141500, 27729055, 0, 0
142000, 35459616, 0, 0
142500, 30809019, 0, 0
143000, 26171363, 0, 0
143501, 29342589, 0, 0
144001, 34257580, 0, 0
144500, 28228210, 0, 0
145001, 26233266, 0, 0
145500, 31361099, 0, 0
146000, 32414978, 0, 0
146502, 57221834, 0, 0
147000, 31537384, 0, 0
147501, 28392932, 0, 0
148000, 29036311, 0, 0
148500, 28029511, 0, 0
149000, 20887514, 0, 0
149500, 30365545, 0, 0
150001, 29346098, 0, 0
150500, 25360027, 0, 0
151000, 28006963, 0, 0
151500, 28225200, 0, 0
152001, 31242435, 0, 0
152500, 28191179, 0, 0
153000, 33461764, 0, 0
153500, 27873754, 0, 0
154001, 23795803, 0, 0
154500, 26242865, 0, 0
155001, 33599217, 0, 0
155501, 37080741, 0, 0
156000, 34924064, 0, 0
156501, 31535936, 0, 0
157000, 33847433, 0, 0
157500, 28475571, 0, 0
158001, 27622168, 0, 0
158502, 20672497, 0, 0
159000, 31774046, 0, 0
159500, 39158928, 0, 0
160000, 37055843, 0, 0
160500, 30287009, 0, 0
161000, 36394854, 0, 0
161501, 42413915, 0, 0
162000, 32138940, 0, 0
162500, 36576880, 0, 0
163000, 22229573, 0, 0
163502, 34601228, 0, 0
164002, 37188286, 0, 0
164500, 27318736, 0, 0
165000, 44253720, 0, 0
165500, 41376233, 0, 0
166001, 38392243, 0, 0
166503, 46437152, 0, 0
167000, 34021736, 0, 0
167500, 37085528, 0, 0
168000, 32250010, 0, 0
168500, 33677791, 0, 0
169000, 34898092, 0, 0
169501, 34061956, 0, 0
170000, 32326982, 0, 0
170500, 40705429, 0, 0
171000, 28218694, 0, 0
171500, 31763259, 0, 0
172000, 37152670, 0, 0
172500, 22730344, 0, 0
173000, 35695007, 0, 0
173502, 33270254, 0, 0
174001, 33581388, 0, 0
174501, 52640927, 0, 0
175000, 30106467, 0, 0
175500, 29583584, 0, 0
176001, 23650695, 0, 0
176500, 29539193, 0, 0
177000, 33761389, 0, 0
177500, 28322745, 0, 0
178000, 20195067, 0, 0
178721, 18556433, 0, 0
179000, 49153284, 0, 0
179500, 24799654, 0, 0
180000, 21280927, 0, 0
180582, 587088814, 0, 0
180583, 718205582, 0, 0
