500, 12335, 0, 0
1001, 12937, 0, 0
1500, 13086, 0, 0
2000, 12807, 0, 0
2501, 13092, 0, 0
3000, 13881, 0, 0
3502, 12927, 0, 0
4001, 12567, 0, 0
4501, 13339, 0, 0
5000, 13434, 0, 0
5500, 12319, 0, 0
6001, 10559, 0, 0
6500, 11479, 0, 0
7002, 10921, 0, 0
7501, 11329, 0, 0
8000, 12157, 0, 0
8500, 11796, 0, 0
9000, 13077, 0, 0
9501, 12818, 0, 0
10000, 13204, 0, 0
10501, 15679, 0, 0
11000, 14777, 0, 0
11500, 12665, 0, 0
12000, 12390, 0, 0
12500, 13130, 0, 0
13001, 12782, 0, 0
13501, 12776, 0, 0
14001, 11773, 0, 0
14500, 14442, 0, 0
15002, 16300, 0, 0
15500, 17420, 0, 0
16000, 14209, 0, 0
16500, 11808, 0, 0
17000, 11497, 0, 0
17500, 12555, 0, 0
18001, 12235, 0, 0
18500, 11370, 0, 0
19000, 11753, 0, 0
19500, 12463, 0, 0
20001, 10781, 0, 0
20500, 8822, 0, 0
21000, 11602, 0, 0
21501, 12344, 0, 0
22000, 12827, 0, 0
22500, 12758, 0, 0
23000, 12768, 0, 0
23501, 15518, 0, 0
24001, 13417, 0, 0
24500, 13428, 0, 0
25000, 13044, 0, 0
25501, 13081, 0, 0
26000, 12377, 0, 0
26500, 13225, 0, 0
27000, 13102, 0, 0
27500, 13597, 0, 0
28001, 14624, 0, 0
28500, 15079, 0, 0
29000, 11896, 0, 0
29500, 12093, 0, 0
30001, 14563, 0, 0
30501, 14516, 0, 0
31000, 15974, 0, 0
31500, 12678, 0, 0
32000, 14438, 0, 0
32500, 12470, 0, 0
33001, 13024, 0, 0
33501, 13873, 0, 0
34000, 14334, 0, 0
34500, 14206, 0, 0
35000, 14250, 0, 0
35500, 12819, 0, 0
36000, 12886, 0, 0
36501, 13851, 0, 0
37000, 13704, 0, 0
37500, 12875, 0, 0
38000, 12997, 0, 0
38501, 10385, 0, 0
39000, 12637, 0, 0
39581, 14749, 0, 0
40001, 12952, 0, 0
40500, 11440, 0, 0
41000, 13305, 0, 0
41500, 13076, 0, 0
42003, 12316, 0, 0
42501, 13768, 0, 0
43001, 12913, 0, 0
43500, 12428, 0, 0
44001, 15152, 0, 0
44500, 14648, 0, 0
45000, 13105, 0, 0
45500, 11616, 0, 0
46000, 13156, 0, 0
46503, 13713, 0, 0
47000, 11842, 0, 0
47500, 13587, 0, 0
48000, 11770, 0, 0
48501, 12646, 0, 0
49000, 11079, 0, 0
49500, 10971, 0, 0
50000, 11787, 0, 0
50500, 12906, 0, 0
51001, 12509, 0, 0
51501, 10978, 0, 0
52002, 12194, 0, 0
52500, 12481, 0, 0
53000, 12084, 0, 0
53501, 13863, 0, 0
54000, 12491, 0, 0
54500, 12203, 0, 0
55002, 13031, 0, 0
55501, 12598, 0, 0
56000, 11935, 0, 0
56500, 11659, 0, 0
57001, 10735, 0, 0
57500, 12208, 0, 0
58000, 9753, 0, 0
58500, 9521, 0, 0
59000, 11518, 0, 0
59500, 11152, 0, 0
60002, 11567, 0, 0
60500, 12049, 0, 0
61000, 13579, 0, 0
61500, 11955, 0, 0
62000, 12746, 0, 0
62501, 13798, 0, 0
63000, 11812, 0, 0
63500, 11781, 0, 0
64000, 13130, 0, 0
64500, 12636, 0, 0
65000, 10486, 0, 0
65500, 11485, 0, 0
66000, 11162, 0, 0
66501, 11201, 0, 0
67000, 12494, 0, 0
67500, 14239, 0, 0
68000, 12224, 0, 0
68501, 12439, 0, 0
69000, 12301, 0, 0
69501, 10445, 0, 0
70000, 8783, 0, 0
70501, 11567, 0, 0
71000, 13379, 0, 0
71502, 12473, 0, 0
72000, 12746, 0, 0
72500, 12630, 0, 0
73000, 12000, 0, 0
73500, 12642, 0, 0
74000, 12916, 0, 0
74500, 13039, 0, 0
75000, 11783, 0, 0
75500, 11713, 0, 0
76000, 12178, 0, 0
76500, 11474, 0, 0
77000, 11408, 0, 0
77500, 11813, 0, 0
78001, 11205, 0, 0
78501, 10688, 0, 0
79000, 12035, 0, 0
79500, 13360, 0, 0
80000, 11723, 0, 0
80501, 11064, 0, 0
81000, 12258, 0, 0
81500, 12103, 0, 0
82000, 11207, 0, 0
82501, 13179, 0, 0
83000, 12441, 0, 0
83500, 11367, 0, 0
84000, 10035, 0, 0
84501, 11072, 0, 0
85000, 12836, 0, 0
85500, 13108, 0, 0
86000, 12495, 0, 0
86500, 12817, 0, 0
87000, 14280, 0, 0
87500, 11944, 0, 0
88000, 11716, 0, 0
88502, 11121, 0, 0
89000, 11805, 0, 0
89501, 12903, 0, 0
90000, 13085, 0, 0
90500, 14280, 0, 0
91000, 13763, 0, 0
91501, 14118, 0, 0
92001, 12160, 0, 0
92502, 11333, 0, 0
93000, 11898, 0, 0
93500, 13366, 0, 0
94000, 12872, 0, 0
94500, 12401, 0, 0
95000, 13395, 0, 0
95500, 13178, 0, 0
96000, 12902, 0, 0
96500, 14108, 0, 0
97000, 13718, 0, 0
97500, 14216, 0, 0
98000, 12997, 0, 0
98500, 13059, 0, 0
99001, 12700, 0, 0
99500, 11071, 0, 0
100000, 11231, 0, 0
100500, 11365, 0, 0
101000, 11894, 0, 0
101500, 12029, 0, 0
102000, 12738, 0, 0
102501, 13045, 0, 0
103000, 12938, 0, 0
103500, 13030, 0, 0
104000, 12704, 0, 0
104500, 13444, 0, 0
105000, 13593, 0, 0
105501, 12963, 0, 0
106000, 14249, 0, 0
106503, 13658, 0, 0
107001, 12819, 0, 0
107500, 13920, 0, 0
108004, 13640, 0, 0
108501, 14026, 0, 0
109000, 14003, 0, 0
109500, 12778, 0, 0
110000, 13414, 0, 0
110501, 14911, 0, 0
111000, 13387, 0, 0
111500, 13827, 0, 0
112000, 12293, 0, 0
112500, 12783, 0, 0
113001, 13632, 0, 0
113500, 14693, 0, 0
114001, 13322, 0, 0
114500, 13060, 0, 0
115000, 14318, 0, 0
115500, 13093, 0, 0
116000, 13326, 0, 0
116500, 13108, 0, 0
117000, 12637, 0, 0
117501, 11668, 0, 0
118000, 12294, 0, 0
118500, 12510, 0, 0
119000, 11841, 0, 0
119500, 12677, 0, 0
120000, 11423, 0, 0
120500, 11906, 0, 0
121000, 12393, 0, 0
121500, 11259, 0, 0
122000, 11351, 0, 0
122501, 11818, 0, 0
123000, 12719, 0, 0
123500, 13426, 0, 0
124000, 11948, 0, 0
124500, 13431, 0, 0
125000, 13819, 0, 0
125500, 13175, 0, 0
126000, 12153, 0, 0
126500, 13908, 0, 0
127001, 13431, 0, 0
127500, 14525, 0, 0
128000, 11929, 0, 0
128500, 12587, 0, 0
129000, 14414, 0, 0
129500, 12621, 0, 0
130000, 13901, 0, 0
130500, 14127, 0, 0
131000, 14121, 0, 0
131500, 15686, 0, 0
132000, 13547, 0, 0
132500, 13232, 0, 0
133000, 13061, 0, 0
133501, 10397, 0, 0
134000, 10505, 0, 0
134501, 10093, 0, 0
135000, 12585, 0, 0
135500, 12966, 0, 0
136000, 13065, 0, 0
136501, 12820, 0, 0
137001, 11967, 0, 0
137500, 13771, 0, 0
138000, 12036, 0, 0
138500, 12416, 0, 0
139000, 11896, 0, 0
139500, 13014, 0, 0
140000, 12663, 0, 0
140500, 12821, 0, 0
141000, 14215, 0, 0
141500, 12950, 0, 0
142000, 10215, 0, 0
142500, 10670, 0, 0
143001, 12003, 0, 0
143500, 14273, 0, 0
144001, 13639, 0, 0
144500, 13041, 0, 0
145000, 15022, 0, 0
145501, 14335, 0, 0
146000, 14681, 0, 0
146500, 14568, 0, 0
147000, 14277, 0, 0
147500, 14479, 0, 0
148002, 13987, 0, 0
148500, 13612, 0, 0
149001, 14360, 0, 0
149500, 15720, 0, 0
150000, 13801, 0, 0
150500, 13122, 0, 0
151001, 12912, 0, 0
151500, 12907, 0, 0
152000, 12839, 0, 0
152501, 12926, 0, 0
153001, 14409, 0, 0
153503, 14163, 0, 0
154000, 12854, 0, 0
154500, 11871, 0, 0
155000, 12817, 0, 0
155500, 14105, 0, 0
156000, 13654, 0, 0
156500, 11028, 0, 0
157000, 11799, 0, 0
157501, 11844, 0, 0
158000, 12131, 0, 0
158500, 13488, 0, 0
159000, 11901, 0, 0
159500, 12437, 0, 0
160001, 11899, 0, 0
160500, 13348, 0, 0
161000, 11178, 0, 0
161500, 11346, 0, 0
162000, 12282, 0, 0
162500, 13167, 0, 0
163001, 12538, 0, 0
163500, 11855, 0, 0
164000, 11833, 0, 0
164501, 12362, 0, 0
165000, 13079, 0, 0
165501, 13268, 0, 0
166000, 12803, 0, 0
166500, 9697, 0, 0
167000, 11137, 0, 0
167500, 14063, 0, 0
168000, 12241, 0, 0
168500, 12026, 0, 0
169001, 13478, 0, 0
169500, 12845, 0, 0
170000, 12447, 0, 0
170501, 12743, 0, 0
171000, 13168, 0, 0
171502, 13347, 0, 0
172002, 13895, 0, 0
172500, 13384, 0, 0
173001, 12691, 0, 0
173500, 12560, 0, 0
174002, 12329, 0, 0
174502, 12311, 0, 0
175003, 13129, 0, 0
175500, 12922, 0, 0
176000, 12099, 0, 0
176500, 13186, 0, 0
177000, 12753, 0, 0
177500, 12768, 0, 0
178000, 10751, 0, 0
178721, 12493, 0, 0
179000, 13655, 0, 0
179500, 13183, 0, 0
180525, 12972, 0, 0
