500, 28659996, 0, 0
500, 26672332, 1, 0
1000, 20980535, 0, 0
1000, 27171280, 1, 0
1501, 25072508, 0, 0
1501, 29507758, 1, 0
2000, 31313610, 1, 0
2000, 21751772, 0, 0
2500, 18624432, 0, 0
2501, 18134109, 1, 0
3000, 23780658, 0, 0
3002, 28865795, 1, 0
3500, 21207454, 0, 0
3501, 26260704, 1, 0
4000, 19284452, 0, 0
4001, 31295006, 1, 0
4500, 19491463, 0, 0
4503, 35534102, 1, 0
5000, 19282870, 0, 0
5001, 31148108, 1, 0
5500, 19209609, 0, 0
5500, 24473000, 1, 0
6000, 29341324, 1, 0
6000, 20835142, 0, 0
6500, 18943794, 0, 0
6500, 29823171, 1, 0
7000, 26540860, 1, 0
7001, 18017853, 0, 0
7500, 44512197, 1, 0
7500, 25179236, 0, 0
8000, 21048108, 1, 0
8002, 20763446, 0, 0
8500, 29190806, 1, 0
8500, 21185878, 0, 0
9000, 18209271, 0, 0
9000, 22578030, 1, 0
9500, 17974788, 0, 0
9502, 28723805, 1, 0
10000, 22397842, 1, 0
10001, 24303572, 0, 0
10500, 31710308, 1, 0
10500, 23255370, 0, 0
11000, 19426734, 0, 0
11000, 29582709, 1, 0
11500, 21749478, 0, 0
11500, 24906199, 1, 0
12000, 27694566, 1, 0
12000, 18192085, 0, 0
12500, 24304514, 1, 0
12501, 18076651, 0, 0
13000, 19806728, 0, 0
13004, 26246960, 1, 0
13500, 21753696, 0, 0
13506, 30400407, 1, 0
14000, 27468324, 1, 0
14000, 20176105, 0, 0
14500, 32863266, 0, 0
14501, 27735650, 1, 0
15000, 25862422, 1, 0
15000, 28606454, 0, 0
15500, 19193000, 0, 0
15501, 29154223, 1, 0
16000, 25449970, 1, 0
16000, 18179007, 0, 0
16500, 18859881, 0, 0
16501, 27421319, 1, 0
17000, 19842736, 0, 0
17004, 23186433, 1, 0
17500, 17672239, 0, 0
17501, 26783250, 1, 0
18000, 16744443, 0, 0
18000, 29172904, 1, 0
18500, 17589500, 0, 0
18501, 22632025, 1, 0
19000, 20327912, 0, 0
19001, 24349585, 1, 0
19500, 28612955, 1, 0
19501, 20135628, 0, 0
20000, 18276839, 0, 0
20001, 24190223, 1, 0
20500, 18246986, 0, 0
20502, 22566072, 1, 0
21000, 19441405, 0, 0
21000, 22804518, 1, 0
21500, 29732058, 0, 0
21500, 46835451, 1, 0
22000, 19546488, 0, 0
22003, 25360164, 1, 0
22500, 20153813, 0, 0
22500, 26702317, 1, 0
23000, 28343440, 1, 0
23000, 17201653, 0, 0
23500, 25816113, 1, 0
23500, 16861730, 0, 0
24001, 28697470, 1, 0
24001, 18322197, 0, 0
24500, 18379522, 0, 0
24500, 29890676, 1, 0
25000, 18207072, 0, 0
25000, 26288027, 1, 0
25500, 24788459, 1, 0
25501, 19733706, 0, 0
26000, 30732243, 1, 0
26000, 20068607, 0, 0
26500, 29013509, 1, 0
26501, 20730999, 0, 0
27000, 22220410, 0, 0
27001, 20787240, 1, 0
27500, 18248420, 0, 0
27500, 25394590, 1, 0
28000, 24743569, 0, 0
28000, 24470359, 1, 0
28501, 19627973, 0, 0
28501, 22242272, 1, 0
29000, 31492150, 1, 0
29000, 19257550, 0, 0
29500, 17549962, 0, 0
29500, 22849481, 1, 0
30000, 29066100, 1, 0
30000, 19798072, 0, 0
30500, 24168930, 1, 0
30500, 17363942, 0, 0
31000, 29852379, 1, 0
31001, 17540477, 0, 0
31500, 30967844, 1, 0
31500, 18881925, 0, 0
32000, 24640858, 1, 0
32000, 20523675, 0, 0
32501, 20708290, 0, 0
32502, 26355016, 1, 0
33000, 20157052, 0, 0
33000, 26270131, 1, 0
33500, 16728496, 0, 0
33500, 24498769, 1, 0
34000, 23849508, 0, 0
34003, 71405503, 1, 0
34501, 21266177, 1, 0
34554, 25303684, 0, 0
35000, 34850660, 0, 0
35001, 68154190, 1, 0
35500, 18193884, 0, 0
35502, 31955241, 1, 0
36000, 19202894, 0, 0
36000, 28068817, 1, 0
36500, 16928627, 0, 0
36500, 27537055, 1, 0
37000, 31208007, 1, 0
37000, 22697042, 0, 0
37500, 18603076, 0, 0
37501, 29849026, 1, 0
38000, 16608813, 0, 0
38002, 26621225, 1, 0
38501, 25994290, 1, 0
38502, 17493424, 0, 0
39000, 16970651, 0, 0
39000, 29230007, 1, 0
39500, 19777760, 0, 0
39501, 28438237, 1, 0
40001, 23254646, 0, 0
40004, 23844228, 1, 0
40500, 37054876, 1, 0
40500, 24095929, 0, 0
41000, 15964023, 0, 0
41000, 26738326, 1, 0
41500, 27637263, 1, 0
41501, 24679452, 0, 0
42000, 26346155, 1, 0
42000, 20429565, 0, 0
42500, 22345540, 0, 0
42500, 32119673, 1, 0
43000, 18638971, 0, 0
43002, 28752070, 1, 0
43500, 21001827, 0, 0
43501, 33263777, 1, 0
44000, 21092510, 0, 0
44002, 26831581, 1, 0
44500, 22310724, 0, 0
44501, 31439176, 1, 0
45000, 25031603, 0, 0
45001, 22308314, 1, 0
45500, 19497406, 0, 0
45500, 24169644, 1, 0
46000, 18924985, 0, 0
46000, 27997218, 1, 0
46500, 22398609, 1, 0
46500, 14500286, 0, 0
47000, 26959165, 1, 0
47001, 20832993, 0, 0
47500, 18503315, 0, 0
47500, 29843046, 1, 0
48000, 18529040, 0, 0
48000, 31952953, 1, 0
48500, 28791307, 1, 0
48501, 22760145, 0, 0
49002, 20287813, 0, 0
49007, 28265745, 1, 0
49500, 25990740, 0, 0
49504, 34373028, 1, 0
50000, 21813295, 0, 0
50001, 29323304, 1, 0
50500, 30775253, 1, 0
50501, 18353212, 0, 0
51000, 21629138, 0, 0
51003, 32319181, 1, 0
51500, 20593826, 0, 0
51501, 40425293, 1, 0
52000, 17583017, 0, 0
52000, 26967488, 1, 0
52500, 20472483, 0, 0
52500, 30839836, 1, 0
53000, 16924235, 0, 0
53001, 24535445, 1, 0
53500, 17103148, 0, 0
53502, 29460377, 1, 0
54000, 25128346, 1, 0
54000, 16538612, 0, 0
54500, 20609804, 0, 0
54502, 25282315, 1, 0
55000, 22731289, 1, 0
55000, 20721617, 0, 0
55501, 25139578, 0, 0
55502, 30495384, 1, 0
56000, 20097615, 0, 0
56001, 21794422, 1, 0
56500, 18789867, 0, 0
56501, 25770896, 1, 0
57000, 22626809, 0, 0
57004, 28076694, 1, 0
57500, 16390082, 0, 0
57500, 23347758, 1, 0
58000, 17629035, 0, 0
58000, 24990382, 1, 0
58500, 23991214, 1, 0
58501, 18471071, 0, 0
59001, 16117669, 0, 0
59002, 26098279, 1, 0
59500, 20455580, 0, 0
59502, 30526502, 1, 0
60000, 19811204, 0, 0
60001, 26673841, 1, 0
60500, 20544461, 0, 0
60500, 19840378, 1, 0
61000, 18674865, 0, 0
61001, 23330127, 1, 0
61500, 28292411, 1, 0
61500, 22079866, 0, 0
62000, 16353105, 0, 0
62002, 31123211, 1, 0
62500, 22653405, 0, 0
62500, 20767714, 1, 0
63000, 31747428, 1, 0
63001, 26263976, 0, 0
63500, 31132426, 1, 0
63501, 19838935, 0, 0
64000, 28557148, 1, 0
64000, 24180018, 0, 0
64500, 18961392, 0, 0
64507, 25836871, 1, 0
65000, 17766577, 0, 0
65001, 27187375, 1, 0
65500, 21974284, 0, 0
65501, 28914863, 1, 0
66000, 22509001, 1, 0
66000, 17115545, 0, 0
66501, 18923172, 0, 0
66501, 26326918, 1, 0
67001, 21424720, 0, 0
67002, 21493382, 1, 0
67500, 22274024, 0, 0
67501, 30363484, 1, 0
68000, 18058712, 0, 0
68000, 25282230, 1, 0
68500, 19917635, 0, 0
68500, 24418016, 1, 0
69000, 21822199, 1, 0
69001, 20612118, 0, 0
69500, 22585436, 0, 0
69503, 30072719, 1, 0
70000, 21093205, 0, 0
70002, 27931124, 1, 0
70500, 18186316, 0, 0
70501, 26972919, 1, 0
71000, 23718469, 0, 0
71001, 26529958, 1, 0
71500, 21648792, 0, 0
71500, 30748162, 1, 0
72000, 18259195, 1, 0
72003, 21766361, 0, 0
72500, 26292504, 0, 0
72501, 24382304, 1, 0
73000, 19091817, 0, 0
73000, 29184066, 1, 0
73500, 19056442, 0, 0
73500, 32028628, 1, 0
74000, 25106331, 1, 0
74000, 19651490, 0, 0
74500, 27881690, 1, 0
74502, 19776146, 0, 0
75000, 17022503, 0, 0
75002, 20303166, 1, 0
75501, 20808514, 0, 0
75502, 28315271, 1, 0
76000, 26479159, 0, 0
76001, 37184213, 1, 0
76500, 18102335, 0, 0
76500, 23248092, 1, 0
77000, 22422561, 0, 0
77001, 26303866, 1, 0
77500, 18590817, 0, 0
77503, 23209241, 1, 0
78000, 27020354, 1, 0
78001, 17895725, 0, 0
78500, 24343178, 0, 0
78501, 27839099, 1, 0
79000, 22901394, 0, 0
79000, 27360085, 1, 0
79500, 19871175, 0, 0
79501, 26420436, 1, 0
80000, 21368189, 0, 0
80000, 25225831, 1, 0
80500, 20925458, 0, 0
80500, 24002138, 1, 0
81000, 22328604, 0, 0
81001, 23100341, 1, 0
81500, 17235279, 0, 0
81500, 20724799, 1, 0
82000, 22656122, 0, 0
82000, 15838714, 1, 0
82500, 20452809, 0, 0
82501, 21694986, 1, 0
83000, 21554293, 0, 0
83003, 32041636, 1, 0
83500, 17762166, 0, 0
83501, 25328503, 1, 0
84000, 20862015, 0, 0
84000, 21997638, 1, 0
84500, 25750256, 1, 0
84501, 20372060, 0, 0
85001, 20781608, 1, 0
85001, 18454391, 0, 0
85500, 28493822, 1, 0
85500, 20285446, 0, 0
86000, 21353143, 0, 0
86000, 28272182, 1, 0
86500, 16952985, 0, 0
86501, 22121213, 1, 0
87001, 18223316, 0, 0
87002, 26840155, 1, 0
87501, 22887679, 0, 0
87501, 33949759, 1, 0
88000, 17093326, 0, 0
88000, 23935310, 1, 0
88500, 20511591, 1, 0
88501, 16307246, 0, 0
89000, 23901221, 1, 0
89000, 20842134, 0, 0
89500, 16007795, 0, 0
89504, 27050972, 1, 0
90000, 21870169, 1, 0
90000, 17939838, 0, 0
90500, 21200663, 0, 0
90500, 29709130, 1, 0
91000, 17745441, 0, 0
91000, 26290540, 1, 0
91500, 24234208, 1, 0
91501, 19707198, 0, 0
92001, 20885537, 0, 0
92003, 23132074, 1, 0
92500, 22083953, 0, 0
92502, 32866851, 1, 0
93000, 19453562, 0, 0
93000, 23879076, 1, 0
93501, 18891234, 0, 0
93503, 28997798, 1, 0
94000, 19418089, 0, 0
94000, 29152895, 1, 0
94500, 25919772, 1, 0
94500, 21627008, 0, 0
95000, 18958093, 0, 0
95001, 26933282, 1, 0
95500, 20310475, 0, 0
95500, 23781108, 1, 0
96000, 17220092, 0, 0
96000, 27463366, 1, 0
96500, 18581428, 0, 0
96501, 28145429, 1, 0
97000, 19753558, 0, 0
97000, 24463057, 1, 0
97500, 27939806, 1, 0
97500, 20607614, 0, 0
98000, 22800495, 0, 0
98000, 27540444, 1, 0
98500, 21173313, 0, 0
98502, 27637918, 1, 0
99000, 21804263, 0, 0
99000, 24700965, 1, 0
99500, 16682680, 0, 0
99500, 31277385, 1, 0
100000, 26202548, 1, 0
100000, 24722234, 0, 0
100500, 21183915, 0, 0
100500, 25925672, 1, 0
101000, 28746676, 1, 0
101000, 19600637, 0, 0
101500, 19672392, 0, 0
101500, 27760203, 1, 0
102000, 20566070, 0, 0
102001, 28468036, 1, 0
102500, 17213056, 0, 0
102500, 26435988, 1, 0
103000, 17016465, 0, 0
103000, 29504460, 1, 0
103501, 30910391, 1, 0
103501, 18760336, 0, 0
104002, 12609615, 0, 0
104039, 18936299, 1, 0
104500, 132472827, 0, 0
104500, 136993905, 1, 0
105015, 35157503, 1, 0
105021, 22000388, 0, 0
105500, 32609648, 0, 0
105502, 59412542, 1, 0
106000, 28589150, 0, 0
106000, 44453924, 1, 0
106500, 18346856, 0, 0
106500, 27614748, 1, 0
107000, 27476335, 1, 0
107000, 17731178, 0, 0
107500, 24906954, 1, 0
107500, 17825872, 0, 0
108000, 16688530, 0, 0
108000, 26452414, 1, 0
108500, 18600554, 0, 0
108501, 26249136, 1, 0
109000, 16970439, 0, 0
109001, 23732165, 1, 0
109500, 31557746, 1, 0
109500, 20968405, 0, 0
110000, 19310909, 0, 0
110000, 21894850, 1, 0
110500, 23488958, 0, 0
110502, 30755912, 1, 0
111001, 21824121, 0, 0
111002, 24105107, 1, 0
111500, 29661854, 1, 0
111500, 18191824, 0, 0
112000, 24430006, 1, 0
112000, 19801452, 0, 0
112500, 19832345, 0, 0
112500, 24174122, 1, 0
113000, 22222467, 0, 0
113001, 24600071, 1, 0
113501, 18670170, 0, 0
113506, 25320611, 1, 0
114000, 19688518, 0, 0
114007, 28464980, 1, 0
114500, 19508732, 0, 0
114500, 25830707, 1, 0
115000, 38014972, 1, 0
115000, 30652493, 0, 0
115500, 18340785, 0, 0
115500, 31195068, 1, 0
116000, 24634367, 1, 0
116000, 16191865, 0, 0
116500, 24874957, 1, 0
116500, 16356038, 0, 0
117000, 17310611, 0, 0
117001, 28827319, 1, 0
117500, 18045026, 0, 0
117502, 23837666, 1, 0
118000, 20356035, 0, 0
118004, 21898604, 1, 0
118500, 18855836, 0, 0
118500, 18638408, 1, 0
119000, 36219131, 1, 0
119000, 26958131, 0, 0
119500, 27042577, 1, 0
119501, 24530571, 0, 0
120000, 18947446, 0, 0
120002, 23163631, 1, 0
120500, 24902193, 0, 0
120501, 25810426, 1, 0
121000, 18634904, 0, 0
121002, 32022197, 1, 0
121500, 20628067, 0, 0
121502, 25686674, 1, 0
122000, 20614818, 0, 0
122001, 31897327, 1, 0
122500, 30555829, 1, 0
122501, 23331433, 0, 0
123000, 18897604, 0, 0
123001, 24048182, 1, 0
123500, 20590365, 0, 0
123500, 34417564, 1, 0
124000, 16308615, 0, 0
124000, 57491379, 1, 0
124500, 16010696, 0, 0
124501, 29569885, 1, 0
125000, 27999137, 0, 0
125000, 44058896, 1, 0
125500, 25112573, 0, 0
125504, 43083633, 1, 0
126083, 29485569, 1, 0
126083, 19424597, 0, 0
126500, 41828710, 1, 0
126500, 22114123, 0, 0
127000, 16663870, 0, 0
127001, 26549748, 1, 0
127501, 16493712, 0, 0
127501, 29896047, 1, 0
128000, 18832232, 0, 0
128000, 26065048, 1, 0
128500, 22300766, 1, 0
128501, 17022605, 0, 0
129000, 16120439, 0, 0
129003, 20799807, 1, 0
129500, 20295887, 0, 0
129501, 23629537, 1, 0
130000, 19955041, 0, 0
130001, 26911682, 1, 0
130501, 18790881, 0, 0
130502, 27484936, 1, 0
131000, 20280934, 0, 0
131003, 25468510, 1, 0
131500, 19932355, 0, 0
131500, 26454250, 1, 0
132000, 20369645, 0, 0
132002, 26601672, 1, 0
132500, 17722071, 0, 0
132501, 25184007, 1, 0
133000, 17892885, 0, 0
133000, 23089097, 1, 0
133500, 18062481, 0, 0
133501, 24612740, 1, 0
134000, 18978020, 0, 0
134002, 29660463, 1, 0
134500, 24175592, 1, 0
134500, 16406051, 0, 0
135000, 20609184, 0, 0
135000, 19934285, 1, 0
135500, 17022893, 0, 0
135501, 22236107, 1, 0
136000, 17118022, 0, 0
136000, 22220334, 1, 0
136500, 20851011, 0, 0
136501, 27226325, 1, 0
137000, 17941283, 0, 0
137003, 21270859, 1, 0
137500, 30943744, 1, 0
137500, 19986953, 0, 0
138000, 35608561, 1, 0
138000, 21889556, 0, 0
138500, 18765175, 0, 0
138500, 38979797, 1, 0
139000, 17562013, 0, 0
139000, 28602051, 1, 0
139500, 16300681, 0, 0
139500, 21784161, 1, 0
140000, 18251194, 0, 0
140004, 23868355, 1, 0
140500, 20672442, 0, 0
140501, 32467007, 1, 0
141000, 18390193, 0, 0
141002, 26291748, 1, 0
141500, 18573036, 0, 0
141501, 22132730, 1, 0
142000, 18569639, 1, 0
142000, 22561799, 0, 0
142500, 18343943, 0, 0
142501, 22552925, 1, 0
143000, 18639174, 0, 0
143003, 28813463, 1, 0
143500, 19337456, 0, 0
143501, 25534033, 1, 0
144000, 18769243, 0, 0
144001, 19464471, 1, 0
144500, 23702952, 1, 0
144500, 26686275, 0, 0
145001, 23330530, 0, 0
145003, 24566438, 1, 0
145500, 21193509, 1, 0
145501, 18449022, 0, 0
146000, 21669491, 0, 0
146001, 26683441, 1, 0
146500, 25043428, 1, 0
146501, 18155578, 0, 0
147000, 27646560, 1, 0
147000, 20938091, 0, 0
147500, 18973458, 0, 0
147501, 23158231, 1, 0
148000, 19571697, 0, 0
148000, 24734343, 1, 0
148500, 16513159, 0, 0
148506, 25965948, 1, 0
149000, 27015149, 1, 0
149000, 19220805, 0, 0
149500, 15362867, 0, 0
149500, 27481482, 1, 0
150000, 15990009, 0, 0
150000, 22271258, 1, 0
150500, 20952459, 0, 0
150501, 22263328, 1, 0
151000, 25921195, 1, 0
151000, 17235250, 0, 0
151500, 25366294, 0, 0
151501, 31161590, 1, 0
152000, 17456202, 0, 0
152001, 29984433, 1, 0
152502, 21171769, 0, 0
152502, 29077850, 1, 0
153000, 28817139, 0, 0
153003, 52039750, 1, 0
153500, 15676631, 0, 0
153500, 28459219, 1, 0
154000, 17539384, 0, 0
154003, 26335052, 1, 0
154500, 18311498, 0, 0
154500, 27660521, 1, 0
155000, 17149079, 0, 0
155000, 28275606, 1, 0
155500, 19335318, 0, 0
155502, 26385127, 1, 0
156000, 16120298, 0, 0
156000, 26249324, 1, 0
156500, 16298186, 0, 0
156500, 25467637, 1, 0
157000, 16920995, 0, 0
157000, 25058129, 1, 0
157500, 18831763, 0, 0
157501, 19915247, 1, 0
158000, 22069096, 1, 0
158000, 17718557, 0, 0
158500, 16497488, 0, 0
158500, 20965764, 1, 0
159000, 17415971, 1, 0
159000, 16349929, 0, 0
159500, 21543534, 1, 0
159500, 18734125, 0, 0
160000, 25745416, 1, 0
160002, 17881182, 0, 0
160500, 18733893, 0, 0
160501, 23240280, 1, 0
161000, 23312060, 0, 0
161000, 20769853, 1, 0
161500, 19545486, 0, 0
161501, 20967301, 1, 0
162000, 27201877, 1, 0
162000, 23232304, 0, 0
162500, 21609534, 0, 0
162508, 36460900, 1, 0
163000, 24421389, 1, 0
163000, 25323184, 0, 0
163500, 20539236, 0, 0
163501, 29854939, 1, 0
164000, 17761919, 0, 0
164001, 26996268, 1, 0
164500, 17229038, 0, 0
164503, 22381204, 1, 0
165000, 24887935, 1, 0
165000, 16225327, 0, 0
165500, 17762506, 0, 0
165500, 23546641, 1, 0
166000, 24022812, 1, 0
166000, 17640107, 0, 0
166500, 25493144, 1, 0
166500, 19772892, 0, 0
167000, 16780548, 0, 0
167005, 21347623, 1, 0
167500, 21059893, 1, 0
167500, 17274944, 0, 0
168000, 20091225, 0, 0
168005, 24166466, 1, 0
168500, 22143802, 1, 0
168500, 22961397, 0, 0
169000, 20674672, 0, 0
169000, 29027004, 1, 0
169500, 23187923, 0, 0
169500, 30132496, 1, 0
170000, 31596605, 1, 0
170000, 24300170, 0, 0
170500, 20087114, 0, 0
170500, 30710027, 1, 0
171000, 21456870, 0, 0
171000, 26731827, 1, 0
171501, 23002957, 0, 0
171501, 21648825, 1, 0
172003, 32560516, 0, 0
172016, 50598711, 1, 0
172518, 93831437, 1, 0
172535, 31928527, 0, 0
173001, 20230081, 0, 0
173008, 60353789, 1, 0
173511, 45282543, 1, 0
173511, 21726431, 0, 0
174000, 24306102, 0, 0
174000, 42918682, 1, 0
174500, 23563700, 0, 0
174500, 73632203, 1, 0
175000, 18230674, 0, 0
175003, 30208322, 1, 0
175500, 26223149, 1, 0
175501, 17240021, 0, 0
176000, 17760231, 0, 0
176000, 26537527, 1, 0
176500, 14995932, 0, 0
176501, 23366119, 1, 0
177000, 28431093, 1, 0
177000, 16009780, 0, 0
177500, 16497881, 0, 0
177503, 26745982, 1, 0
178000, 25775187, 1, 0
178000, 17554722, 0, 0
178500, 16502361, 0, 0
178500, 20259946, 1, 0
179000, 14625989, 0, 0
179000, 15838268, 1, 0
179500, 17281978, 1, 0
179501, 14037677, 0, 0
180000, 12760756, 0, 0
180211, 17384366, 1, 0
180211, 288011525, 0, 0
180211, 264266523, 1, 0
