500, 1780, 0, 0
500, 834, 1, 0
1000, 2030, 0, 0
1000, 938, 1, 0
1500, 2004, 0, 0
1500, 808, 1, 0
2000, 1956, 0, 0
2000, 900, 1, 0
2500, 2046, 0, 0
2500, 864, 1, 0
3001, 2037, 0, 0
3001, 910, 1, 0
3501, 2193, 0, 0
3501, 898, 1, 0
4000, 2156, 0, 0
4000, 944, 1, 0
4500, 2170, 0, 0
4500, 886, 1, 0
5000, 2146, 0, 0
5000, 868, 1, 0
5500, 1972, 0, 0
5500, 802, 1, 0
6000, 2074, 0, 0
6000, 938, 1, 0
6501, 2061, 0, 0
6501, 892, 1, 0
7000, 1824, 0, 0
7000, 816, 1, 0
7500, 1182, 0, 0
7500, 548, 1, 0
8000, 2216, 0, 0
8000, 904, 1, 0
8500, 2306, 0, 0
8500, 956, 1, 0
9000, 1980, 0, 0
9000, 856, 1, 0
9500, 2270, 0, 0
9500, 888, 1, 0
10001, 1808, 0, 0
10001, 856, 1, 0
10500, 2066, 0, 0
10500, 912, 1, 0
11000, 2040, 0, 0
11000, 938, 1, 0
11500, 2104, 0, 0
11500, 894, 1, 0
12000, 1930, 0, 0
12000, 828, 1, 0
12500, 1630, 0, 0
12500, 688, 1, 0
13000, 1694, 0, 0
13000, 788, 1, 0
13501, 1612, 0, 0
13501, 692, 1, 0
14001, 1664, 0, 0
14001, 676, 1, 0
14500, 1910, 0, 0
14500, 798, 1, 0
15000, 1980, 0, 0
15000, 772, 1, 0
15500, 2070, 0, 0
15500, 882, 1, 0
16000, 2224, 0, 0
16000, 946, 1, 0
16500, 2180, 0, 0
16500, 988, 1, 0
17001, 2013, 0, 0
17001, 864, 1, 0
17501, 2001, 0, 0
17501, 852, 1, 0
18000, 2020, 0, 0
18000, 848, 1, 0
18500, 2196, 0, 0
18500, 892, 1, 0
19000, 2232, 0, 0
19000, 884, 1, 0
19500, 2356, 0, 0
19500, 944, 1, 0
20000, 2186, 0, 0
20000, 992, 1, 0
20501, 2000, 0, 0
20501, 930, 1, 0
21001, 2261, 0, 0
21001, 970, 1, 0
21500, 1378, 0, 0
21500, 598, 1, 0
22000, 1902, 0, 0
22000, 856, 1, 0
22500, 2256, 0, 0
22500, 908, 1, 0
23000, 2180, 0, 0
23000, 954, 1, 0
23500, 2152, 0, 0
23500, 946, 1, 0
24001, 2077, 0, 0
24001, 912, 1, 0
24501, 2071, 0, 0
24501, 858, 1, 0
25000, 2314, 0, 0
25000, 892, 1, 0
25500, 2044, 0, 0
25500, 856, 1, 0
26000, 2132, 0, 0
26000, 846, 1, 0
26500, 1794, 0, 0
26500, 856, 1, 0
27000, 1940, 0, 0
27000, 776, 1, 0
27501, 2147, 0, 0
27501, 936, 1, 0
28001, 2079, 0, 0
28001, 854, 1, 0
28500, 1922, 0, 0
28500, 798, 1, 0
29000, 2044, 0, 0
29000, 972, 1, 0
29500, 2270, 0, 0
29500, 966, 1, 0
30000, 2212, 0, 0
30000, 870, 1, 0
30500, 2102, 0, 0
30500, 934, 1, 0
31001, 2017, 0, 0
31001, 840, 1, 0
31501, 1972, 0, 0
31501, 792, 1, 0
32000, 1834, 0, 0
32000, 802, 1, 0
32500, 1890, 0, 0
32500, 900, 1, 0
33000, 2256, 0, 0
33000, 990, 1, 0
33500, 2224, 0, 0
33500, 972, 1, 0
34000, 1132, 0, 0
34000, 368, 1, 0
34500, 1792, 0, 0
34500, 760, 1, 0
35001, 1195, 0, 0
35001, 506, 1, 0
35501, 2079, 0, 0
35501, 878, 1, 0
36000, 2150, 0, 0
36000, 892, 1, 0
36500, 1984, 0, 0
36500, 782, 1, 0
37000, 1980, 0, 0
37000, 904, 1, 0
37500, 2066, 0, 0
37500, 824, 1, 0
38000, 2120, 0, 0
38000, 832, 1, 0
38501, 2121, 0, 0
38501, 1021, 1, 0
39001, 2295, 0, 0
39001, 926, 1, 0
39500, 2150, 0, 0
39500, 866, 1, 0
40000, 1904, 0, 0
40000, 794, 1, 0
40500, 1532, 0, 0
40500, 718, 1, 0
41000, 1892, 0, 0
41000, 790, 1, 0
41500, 2046, 0, 0
41500, 804, 1, 0
42001, 2253, 0, 0
42001, 1003, 1, 0
42501, 1798, 0, 0
42501, 804, 1, 0
43000, 1884, 0, 0
43000, 868, 1, 0
43500, 1976, 0, 0
43500, 858, 1, 0
44000, 1850, 0, 0
44000, 772, 1, 0
44500, 1856, 0, 0
44500, 746, 1, 0
45000, 1888, 0, 0
45000, 756, 1, 0
45501, 1932, 0, 0
45501, 886, 1, 0
46001, 1800, 0, 0
46001, 794, 1, 0
46500, 1998, 0, 0
46500, 844, 1, 0
47000, 2096, 0, 0
47000, 930, 1, 0
47500, 1876, 0, 0
47500, 864, 1, 0
48001, 2109, 0, 0
48001, 820, 1, 0
48500, 2288, 0, 0
48500, 926, 1, 0
49001, 1890, 0, 0
49001, 778, 1, 0
49501, 1808, 0, 0
49501, 728, 1, 0
50000, 1866, 0, 0
50000, 690, 1, 0
50500, 2108, 0, 0
50500, 794, 1, 0
51000, 1686, 0, 0
51000, 770, 1, 0
51500, 1502, 0, 0
51500, 706, 1, 0
52001, 2169, 0, 0
52001, 928, 1, 0
52501, 1970, 0, 0
52501, 856, 1, 0
53000, 2224, 0, 0
53000, 1026, 1, 0
53500, 2314, 0, 0
53500, 932, 1, 0
54000, 2130, 0, 0
54000, 898, 1, 0
54500, 2022, 0, 0
54500, 802, 1, 0
55001, 2031, 0, 0
55001, 920, 1, 0
55501, 2317, 0, 0
55501, 948, 1, 0
56000, 1970, 0, 0
56000, 798, 1, 0
56500, 1956, 0, 0
56500, 782, 1, 0
57000, 2084, 0, 0
57000, 870, 1, 0
57500, 1970, 0, 0
57500, 786, 1, 0
58000, 2318, 0, 0
58000, 928, 1, 0
58500, 2090, 0, 0
58500, 960, 1, 0
59001, 2183, 0, 0
59001, 928, 1, 0
59501, 2009, 0, 0
59501, 866, 1, 0
60000, 2150, 0, 0
60000, 808, 1, 0
60500, 2192, 0, 0
60500, 924, 1, 0
61000, 2006, 0, 0
61000, 824, 1, 0
61500, 1714, 0, 0
61500, 722, 1, 0
62000, 2004, 0, 0
62000, 836, 1, 0
62501, 1662, 0, 0
62501, 682, 1, 0
63001, 1836, 0, 0
63001, 846, 1, 0
63500, 1944, 0, 0
63500, 884, 1, 0
64000, 2150, 0, 0
64000, 914, 1, 0
64500, 2206, 0, 0
64500, 892, 1, 0
65000, 2220, 0, 0
65000, 928, 1, 0
65500, 1764, 0, 0
65500, 816, 1, 0
66001, 2279, 0, 0
66001, 928, 1, 0
66501, 2137, 0, 0
66501, 882, 1, 0
67000, 1944, 0, 0
67000, 806, 1, 0
67500, 1824, 0, 0
67500, 864, 1, 0
68000, 2158, 0, 0
68000, 976, 1, 0
68500, 1908, 0, 0
68500, 804, 1, 0
69000, 2102, 0, 0
69001, 858, 1, 0
69501, 1940, 0, 0
69501, 850, 1, 0
70000, 2192, 0, 0
70000, 932, 1, 0
70500, 2030, 0, 0
70500, 910, 1, 0
71000, 2276, 0, 0
71000, 944, 1, 0
71500, 1730, 0, 0
71500, 762, 1, 0
72000, 1996, 0, 0
72000, 938, 1, 0
72501, 1622, 0, 0
72501, 760, 1, 0
73001, 1938, 0, 0
73001, 862, 1, 0
73500, 1988, 0, 0
73500, 854, 1, 0
74000, 2174, 0, 0
74000, 904, 1, 0
74500, 2126, 0, 0
74500, 908, 1, 0
75000, 1798, 0, 0
75000, 792, 1, 0
75501, 1914, 0, 0
75501, 734, 1, 0
76001, 2219, 0, 0
76001, 904, 1, 0
76500, 2026, 0, 0
76500, 832, 1, 0
77000, 2062, 0, 0
77000, 878, 1, 0
77500, 1996, 0, 0
77500, 890, 1, 0
78000, 1988, 0, 0
78000, 934, 1, 0
78500, 1996, 0, 0
78500, 822, 1, 0
79000, 2046, 0, 0
79000, 858, 1, 0
79500, 1900, 0, 0
79500, 970, 1, 0
80000, 2098, 0, 0
80000, 962, 1, 0
80500, 2194, 0, 0
80500, 948, 1, 0
81000, 1962, 0, 0
81000, 838, 1, 0
81501, 2069, 0, 0
81501, 942, 1, 0
82001, 1952, 0, 0
82001, 848, 1, 0
82500, 2264, 0, 0
82500, 902, 1, 0
83000, 2120, 0, 0
83000, 902, 1, 0
83500, 2146, 0, 0
83500, 860, 1, 0
84000, 2084, 0, 0
84000, 862, 1, 0
84500, 2344, 0, 0
84500, 1002, 1, 0
85000, 2072, 0, 0
85000, 894, 1, 0
85501, 2167, 0, 0
85501, 968, 1, 0
86000, 2146, 0, 0
86000, 854, 1, 0
86500, 2224, 0, 0
86500, 954, 1, 0
87000, 1802, 0, 0
87000, 776, 1, 0
87500, 1940, 0, 0
87500, 774, 1, 0
88000, 2178, 0, 0
88000, 892, 1, 0
88501, 2127, 0, 0
88501, 880, 1, 0
89001, 2303, 0, 0
89001, 1015, 1, 0
89500, 2224, 0, 0
89500, 950, 1, 0
90000, 1916, 0, 0
90000, 804, 1, 0
90500, 2168, 0, 0
90500, 980, 1, 0
91000, 2106, 0, 0
91000, 912, 1, 0
91500, 2192, 0, 0
91500, 928, 1, 0
92001, 2153, 0, 0
92001, 998, 1, 0
92501, 1932, 0, 0
92501, 878, 1, 0
93000, 1826, 0, 0
93000, 814, 1, 0
93500, 2088, 0, 0
93500, 934, 1, 0
94000, 1992, 0, 0
94000, 924, 1, 0
94500, 1914, 0, 0
94500, 894, 1, 0
95001, 2299, 0, 0
95001, 838, 1, 0
95501, 2151, 0, 0
95501, 1051, 1, 0
96000, 1992, 0, 0
96000, 786, 1, 0
96500, 1932, 0, 0
96500, 766, 1, 0
97000, 1826, 0, 0
97000, 792, 1, 0
97500, 1688, 0, 0
97500, 676, 1, 0
98000, 2050, 0, 0
98000, 954, 1, 0
98501, 1912, 0, 0
98501, 842, 1, 0
99001, 1996, 0, 0
99001, 890, 1, 0
99500, 1998, 0, 0
99500, 818, 1, 0
100000, 1960, 0, 0
100000, 826, 1, 0
100500, 1866, 0, 0
100500, 866, 1, 0
101000, 2150, 0, 0
101000, 892, 1, 0
101500, 2206, 0, 0
101500, 1006, 1, 0
102001, 2277, 0, 0
102001, 982, 1, 0
102501, 2355, 0, 0
102501, 912, 1, 0
103000, 2270, 0, 0
103000, 974, 1, 0
103500, 1696, 0, 0
103500, 674, 1, 0
104000, 304, 0, 0
104000, 142, 1, 0
104500, 666, 0, 0
104500, 244, 1, 0
105001, 1692, 0, 0
105001, 830, 1, 0
105501, 1239, 0, 0
105501, 558, 1, 0
106000, 1252, 0, 0
106000, 510, 1, 0
106500, 2144, 0, 0
106500, 886, 1, 0
107000, 2118, 0, 0
107000, 982, 1, 0
107500, 2184, 0, 0
107500, 996, 1, 0
108000, 2288, 0, 0
108000, 1072, 1, 0
108501, 1992, 0, 0
108501, 866, 1, 0
109001, 1988, 0, 0
109001, 884, 1, 0
109500, 2004, 0, 0
109500, 892, 1, 0
110000, 2030, 0, 0
110000, 846, 1, 0
110500, 2272, 0, 0
110500, 814, 1, 0
111000, 2118, 0, 0
111000, 834, 1, 0
111500, 2242, 0, 0
111500, 970, 1, 0
112001, 2251, 0, 0
112001, 858, 1, 0
112501, 2113, 0, 0
112501, 984, 1, 0
113000, 2192, 0, 0
113000, 896, 1, 0
113500, 2032, 0, 0
113500, 908, 1, 0
114000, 2148, 0, 0
114000, 936, 1, 0
114500, 2126, 0, 0
114500, 844, 1, 0
115000, 1178, 0, 0
115000, 570, 1, 0
115501, 2053, 0, 0
115501, 934, 1, 0
116001, 2173, 0, 0
116001, 1033, 1, 0
116500, 2112, 0, 0
116500, 912, 1, 0
117000, 2044, 0, 0
117000, 984, 1, 0
117500, 2376, 0, 0
117500, 1076, 1, 0
118000, 2078, 0, 0
118000, 840, 1, 0
118500, 1842, 0, 0
118500, 874, 1, 0
119001, 2395, 0, 0
119001, 1007, 1, 0
119501, 1958, 0, 0
119501, 768, 1, 0
120000, 1844, 0, 0
120000, 848, 1, 0
120500, 2056, 0, 0
120500, 836, 1, 0
121000, 1990, 0, 0
121000, 890, 1, 0
121500, 1962, 0, 0
121500, 790, 1, 0
122000, 1928, 0, 0
122000, 764, 1, 0
122501, 1994, 0, 0
122501, 818, 1, 0
123001, 2097, 0, 0
123001, 814, 1, 0
123500, 2024, 0, 0
123500, 790, 1, 0
124000, 1758, 0, 0
124000, 816, 1, 0
124500, 2198, 0, 0
124500, 988, 1, 0
125000, 1568, 0, 0
125000, 650, 1, 0
125500, 1494, 0, 0
125500, 634, 1, 0
126001, 1363, 0, 0
126001, 582, 1, 0
126501, 1930, 0, 0
126501, 900, 1, 0
127000, 2186, 0, 0
127000, 928, 1, 0
127500, 2244, 0, 0
127500, 966, 1, 0
128000, 2256, 0, 0
128000, 926, 1, 0
128500, 1998, 0, 0
128500, 956, 1, 0
129000, 1704, 0, 0
129000, 790, 1, 0
129500, 1944, 0, 0
129500, 808, 1, 0
130001, 1944, 0, 0
130001, 848, 1, 0
130500, 2096, 0, 0
130500, 966, 1, 0
131000, 1988, 0, 0
131000, 902, 1, 0
131500, 2250, 0, 0
131500, 1016, 1, 0
132000, 2342, 0, 0
132000, 904, 1, 0
132500, 2246, 0, 0
132500, 1014, 1, 0
133001, 2355, 0, 0
133001, 1005, 1, 0
133501, 2245, 0, 0
133501, 1045, 1, 0
134000, 2348, 0, 0
134000, 1070, 1, 0
134500, 2338, 0, 0
134500, 916, 1, 0
135000, 2300, 0, 0
135000, 944, 1, 0
135500, 2122, 0, 0
135500, 818, 1, 0
136000, 2110, 0, 0
136000, 886, 1, 0
136501, 2015, 0, 0
136501, 848, 1, 0
137001, 2319, 0, 0
137001, 998, 1, 0
137500, 1844, 0, 0
137500, 872, 1, 0
138000, 1786, 0, 0
138000, 856, 1, 0
138500, 1900, 0, 0
138500, 852, 1, 0
139000, 2322, 0, 0
139000, 1010, 1, 0
139500, 2106, 0, 0
139500, 926, 1, 0
140000, 2000, 0, 0
140000, 912, 1, 0
140501, 1974, 0, 0
140501, 868, 1, 0
141000, 1946, 0, 0
141000, 890, 1, 0
141500, 2156, 0, 0
141500, 1044, 1, 0
142000, 1854, 0, 0
142000, 878, 1, 0
142500, 1842, 0, 0
142500, 792, 1, 0
143000, 2214, 0, 0
143000, 968, 1, 0
143501, 2035, 0, 0
143501, 862, 1, 0
144001, 1824, 0, 0
144001, 862, 1, 0
144500, 1912, 0, 0
144500, 846, 1, 0
145000, 2118, 0, 0
145000, 858, 1, 0
145500, 2178, 0, 0
145500, 942, 1, 0
146000, 2162, 0, 0
146000, 982, 1, 0
146500, 2344, 0, 0
146500, 1054, 1, 0
147001, 2019, 0, 0
147001, 924, 1, 0
147501, 1860, 0, 0
147501, 776, 1, 0
148000, 2012, 0, 0
148000, 910, 1, 0
148500, 2214, 0, 0
148500, 974, 1, 0
149000, 2446, 0, 0
149000, 1150, 1, 0
149500, 2160, 0, 0
149500, 934, 1, 0
150001, 2149, 0, 0
150001, 962, 1, 0
150500, 1982, 0, 0
150500, 916, 1, 0
151000, 2218, 0, 0
151000, 952, 1, 0
151500, 2038, 0, 0
151500, 894, 1, 0
152000, 2084, 0, 0
152000, 962, 1, 0
152501, 1950, 0, 0
152501, 896, 1, 0
153001, 1275, 0, 0
153001, 594, 1, 0
153500, 2268, 0, 0
153500, 1034, 1, 0
154000, 2196, 0, 0
154000, 906, 1, 0
154500, 2172, 0, 0
154500, 922, 1, 0
155000, 2178, 0, 0
155000, 946, 1, 0
155500, 2106, 0, 0
155500, 856, 1, 0
156001, 2102, 0, 0
156001, 916, 1, 0
156501, 2401, 0, 0
156501, 1017, 1, 0
157000, 2372, 0, 0
157000, 1050, 1, 0
157500, 2306, 0, 0
157500, 984, 1, 0
158000, 2346, 0, 0
158000, 1026, 1, 0
158500, 2300, 0, 0
158500, 992, 1, 0
159000, 2018, 0, 0
159000, 858, 1, 0
159501, 1890, 0, 0
159501, 866, 1, 0
160001, 1962, 0, 0
160001, 816, 1, 0
160500, 2396, 0, 0
160500, 1034, 1, 0
161000, 1848, 0, 0
161000, 808, 1, 0
161500, 2048, 0, 0
161500, 856, 1, 0
162000, 2052, 0, 0
162000, 838, 1, 0
162500, 1782, 0, 0
162500, 768, 1, 0
163001, 2047, 0, 0
163001, 870, 1, 0
163501, 1904, 0, 0
163501, 838, 1, 0
164000, 2142, 0, 0
164000, 906, 1, 0
164500, 2360, 0, 0
164500, 976, 1, 0
165000, 2200, 0, 0
165000, 926, 1, 0
165501, 2247, 0, 0
165501, 1001, 1, 0
166000, 2336, 0, 0
166000, 956, 1, 0
166501, 2235, 0, 0
166501, 910, 1, 0
167001, 2041, 0, 0
167001, 890, 1, 0
167500, 1948, 0, 0
167500, 870, 1, 0
168000, 2016, 0, 0
168000, 832, 1, 0
168500, 2034, 0, 0
168500, 910, 1, 0
169000, 1814, 0, 0
169000, 710, 1, 0
169501, 1640, 0, 0
169501, 626, 1, 0
170001, 1820, 0, 0
170001, 804, 1, 0
170500, 1970, 0, 0
170500, 830, 1, 0
171000, 2150, 0, 0
171000, 894, 1, 0
171500, 1714, 0, 0
171500, 696, 1, 0
172000, 1168, 0, 0
172000, 422, 1, 0
172500, 984, 0, 0
172500, 398, 1, 0
173000, 1434, 0, 0
173000, 588, 1, 0
173501, 854, 0, 0
173501, 345, 1, 0
174001, 2185, 0, 0
174001, 938, 1, 0
174500, 1020, 0, 0
174500, 414, 1, 0
175000, 2384, 0, 0
175000, 986, 1, 0
175500, 2192, 0, 0
175500, 964, 1, 0
176000, 2208, 0, 0
176000, 982, 1, 0
176501, 2369, 0, 0
176501, 1021, 1, 0
177001, 2431, 0, 0
177001, 1031, 1, 0
177500, 2410, 0, 0
177500, 1036, 1, 0
178000, 2350, 0, 0
178000, 962, 1, 0
178500, 2972, 0, 0
178500, 1212, 1, 0
179000, 3158, 0, 0
179000, 1358, 1, 0
179500, 3158, 0, 0
179500, 1316, 1, 0
180001, 2900, 0, 0
180001, 1287, 1, 0
