500, 12803, 0, 0
500, 13616, 1, 0
1000, 14261, 0, 0
1000, 15402, 1, 0
1501, 14996, 1, 0
1501, 14286, 0, 0
2000, 13560, 0, 0
2001, 14850, 1, 0
2500, 14128, 0, 0
2501, 15148, 1, 0
3000, 13851, 0, 0
3003, 14892, 1, 0
3500, 14416, 1, 0
3500, 13511, 0, 0
4000, 13995, 1, 0
4000, 13611, 0, 0
4500, 12140, 0, 0
4503, 13117, 1, 0
5000, 13711, 1, 0
5000, 12937, 0, 0
5500, 12548, 0, 0
5503, 13137, 1, 0
6000, 12430, 0, 0
6000, 13087, 1, 0
6500, 12696, 0, 0
6500, 13757, 1, 0
7000, 14490, 1, 0
7001, 13532, 0, 0
7500, 13640, 1, 0
7500, 12838, 0, 0
8000, 13130, 0, 0
8000, 13908, 1, 0
8500, 12885, 0, 0
8500, 13709, 1, 0
9000, 12620, 0, 0
9003, 13811, 1, 0
9500, 15167, 1, 0
9500, 13525, 0, 0
10000, 14373, 0, 0
10002, 16115, 1, 0
10500, 12000, 0, 0
10500, 12793, 1, 0
11000, 12028, 0, 0
11001, 12517, 1, 0
11500, 12719, 0, 0
11501, 13697, 1, 0
12000, 14010, 1, 0
12000, 12736, 0, 0
12500, 14271, 1, 0
12501, 12614, 0, 0
13000, 18910, 1, 0
13001, 15222, 0, 0
13500, 14115, 0, 0
13501, 15015, 1, 0
14000, 15287, 1, 0
14000, 14659, 0, 0
14500, 14972, 0, 0
14501, 15333, 1, 0
15000, 15187, 1, 0
15001, 14229, 0, 0
15500, 13151, 0, 0
15500, 13934, 1, 0
16000, 13548, 0, 0
16000, 14106, 1, 0
16500, 13798, 1, 0
16500, 12688, 0, 0
17000, 14334, 0, 0
17002, 15705, 1, 0
17500, 14287, 1, 0
17501, 13604, 0, 0
18000, 13399, 0, 0
18000, 14529, 1, 0
18500, 13219, 0, 0
18502, 14648, 1, 0
19000, 14611, 1, 0
19000, 13546, 0, 0
19500, 14134, 1, 0
19501, 13084, 0, 0
20000, 14827, 1, 0
20000, 14361, 0, 0
20500, 13103, 1, 0
20501, 12748, 0, 0
21000, 15013, 1, 0
21000, 14072, 0, 0
21500, 17596, 0, 0
21500, 18970, 1, 0
22000, 13937, 0, 0
22003, 14445, 1, 0
22500, 13047, 0, 0
22500, 13747, 1, 0
23000, 13983, 1, 0
23000, 12935, 0, 0
23500, 14441, 1, 0
23500, 13305, 0, 0
24001, 14091, 1, 0
24001, 13243, 0, 0
24500, 13684, 0, 0
24501, 13950, 1, 0
25000, 13659, 0, 0
25000, 15044, 1, 0
25500, 12424, 1, 0
25501, 11723, 0, 0
26000, 12099, 0, 0
26000, 13186, 1, 0
26500, 13243, 1, 0
26501, 12268, 0, 0
27000, 13704, 1, 0
27000, 12952, 0, 0
27500, 14502, 0, 0
27503, 15491, 1, 0
28000, 13090, 0, 0
28000, 14445, 1, 0
28501, 15012, 0, 0
28502, 15689, 1, 0
29000, 14181, 0, 0
29000, 14684, 1, 0
29500, 16629, 1, 0
29501, 14842, 0, 0
30000, 13602, 0, 0
30000, 14489, 1, 0
30500, 13596, 1, 0
30500, 13188, 0, 0
31000, 14469, 0, 0
31006, 15348, 1, 0
31500, 14093, 0, 0
31502, 14753, 1, 0
32000, 13839, 0, 0
32001, 14641, 1, 0
32501, 14628, 1, 0
32501, 13580, 0, 0
33000, 14263, 0, 0
33000, 15426, 1, 0
33500, 13799, 0, 0
33501, 15402, 1, 0
34000, 15101, 0, 0
34003, 15688, 1, 0
34501, 14439, 1, 0
34555, 13413, 0, 0
35000, 14107, 0, 0
35000, 15629, 1, 0
35500, 14902, 0, 0
35500, 15290, 1, 0
36000, 12414, 0, 0
36001, 13342, 1, 0
36500, 13020, 1, 0
36500, 12347, 0, 0
37000, 12732, 0, 0
37000, 13236, 1, 0
37500, 13486, 0, 0
37502, 14510, 1, 0
38000, 14313, 1, 0
38001, 13511, 0, 0
38501, 15025, 0, 0
38502, 15859, 1, 0
39000, 12805, 0, 0
39000, 13904, 1, 0
39500, 13512, 0, 0
39502, 13911, 1, 0
40001, 15089, 0, 0
40002, 16629, 1, 0
40500, 13066, 1, 0
40500, 12990, 0, 0
41000, 13346, 1, 0
41000, 12949, 0, 0
41500, 12964, 0, 0
41503, 13837, 1, 0
42000, 14230, 0, 0
42009, 14578, 1, 0
42500, 12584, 0, 0
42501, 12885, 1, 0
43000, 14522, 1, 0
43001, 13806, 0, 0
43500, 14523, 0, 0
43501, 15516, 1, 0
44000, 14795, 0, 0
44000, 15917, 1, 0
44500, 13940, 0, 0
44501, 15249, 1, 0
45000, 13903, 0, 0
45001, 14581, 1, 0
45500, 12243, 0, 0
45501, 12741, 1, 0
46000, 12744, 0, 0
46000, 14137, 1, 0
46500, 12436, 0, 0
46501, 13320, 1, 0
47000, 15344, 1, 0
47003, 14186, 0, 0
47500, 12381, 0, 0
47500, 13545, 1, 0
48000, 14126, 1, 0
48000, 13597, 0, 0
48500, 13934, 0, 0
48501, 15190, 1, 0
49002, 13008, 0, 0
49007, 14142, 1, 0
49500, 15501, 1, 0
49504, 14117, 0, 0
50000, 15225, 1, 0
50001, 14042, 0, 0
50500, 17058, 1, 0
50501, 14932, 0, 0
51000, 14315, 1, 0
51002, 13456, 0, 0
51500, 16438, 1, 0
51501, 15213, 0, 0
52000, 14656, 1, 0
52001, 13736, 0, 0
52500, 15459, 0, 0
52502, 16318, 1, 0
53000, 13948, 0, 0
53001, 14694, 1, 0
53500, 15378, 1, 0
53500, 14497, 0, 0
54000, 13372, 0, 0
54001, 14374, 1, 0
54500, 12573, 0, 0
54501, 13423, 1, 0
55000, 13442, 0, 0
55000, 14646, 1, 0
55502, 15961, 1, 0
55503, 15394, 0, 0
56000, 15390, 1, 0
56000, 14302, 0, 0
56500, 15271, 0, 0
56502, 16005, 1, 0
57000, 14857, 0, 0
57000, 15593, 1, 0
57500, 14578, 0, 0
57500, 14106, 1, 0
58000, 13570, 0, 0
58000, 14480, 1, 0
58500, 13710, 0, 0
58502, 14592, 1, 0
59001, 15052, 1, 0
59002, 14293, 0, 0
59500, 14817, 0, 0
59501, 15857, 1, 0
60000, 15011, 0, 0
60000, 15532, 1, 0
60500, 11810, 0, 0
60500, 12679, 1, 0
61000, 12191, 0, 0
61001, 13565, 1, 0
61500, 21084, 1, 0
61500, 19144, 0, 0
62000, 15830, 0, 0
62000, 16475, 1, 0
62500, 13715, 0, 0
62500, 14547, 1, 0
63000, 14546, 0, 0
63001, 15182, 1, 0
63500, 13793, 1, 0
63500, 12803, 0, 0
64000, 14556, 0, 0
64000, 14187, 1, 0
64500, 13480, 0, 0
64503, 13865, 1, 0
65000, 14247, 0, 0
65000, 14453, 1, 0
65500, 15772, 0, 0
65500, 16244, 1, 0
66000, 15000, 0, 0
66000, 15450, 1, 0
66501, 16761, 0, 0
66501, 17259, 1, 0
67001, 14252, 0, 0
67004, 15096, 1, 0
67500, 13237, 1, 0
67501, 12043, 0, 0
68000, 13004, 0, 0
68000, 13421, 1, 0
68500, 14253, 0, 0
68501, 15374, 1, 0
69000, 12848, 0, 0
69002, 13521, 1, 0
69500, 14194, 1, 0
69501, 13502, 0, 0
70000, 13829, 0, 0
70001, 14366, 1, 0
70500, 12374, 0, 0
70501, 13196, 1, 0
71000, 14970, 1, 0
71000, 13708, 0, 0
71500, 15363, 1, 0
71500, 14155, 0, 0
72000, 13734, 0, 0
72003, 14574, 1, 0
72500, 15214, 0, 0
72500, 15902, 1, 0
73000, 14717, 0, 0
73000, 16373, 1, 0
73500, 14232, 1, 0
73500, 13765, 0, 0
74000, 14251, 0, 0
74000, 14885, 1, 0
74500, 13713, 0, 0
74502, 14524, 1, 0
75000, 12376, 0, 0
75002, 12611, 1, 0
75501, 14260, 1, 0
75502, 13393, 0, 0
76000, 12560, 0, 0
76004, 13577, 1, 0
76500, 13333, 0, 0
76502, 13780, 1, 0
77000, 14751, 0, 0
77002, 15559, 1, 0
77500, 13905, 0, 0
77500, 14512, 1, 0
78000, 14266, 1, 0
78001, 13235, 0, 0
78500, 13093, 0, 0
78501, 13683, 1, 0
79000, 12984, 0, 0
79000, 14072, 1, 0
79500, 13990, 1, 0
79500, 13401, 0, 0
80000, 13433, 0, 0
80000, 14241, 1, 0
80500, 13137, 0, 0
80501, 13851, 1, 0
81000, 12332, 0, 0
81001, 12859, 1, 0
81500, 12186, 0, 0
81501, 12468, 1, 0
82000, 13957, 0, 0
82000, 15463, 1, 0
82500, 14349, 1, 0
82501, 13076, 0, 0
83000, 14348, 1, 0
83001, 13995, 0, 0
83500, 13833, 0, 0
83501, 14320, 1, 0
84000, 14046, 0, 0
84000, 14803, 1, 0
84500, 14017, 0, 0
84500, 14418, 1, 0
85001, 15153, 1, 0
85001, 13731, 0, 0
85500, 13592, 0, 0
85501, 14531, 1, 0
86000, 14204, 0, 0
86000, 15309, 1, 0
86500, 16788, 0, 0
86500, 17809, 1, 0
87001, 13949, 1, 0
87001, 13702, 0, 0
87501, 13275, 0, 0
87502, 14080, 1, 0
88000, 15818, 0, 0
88002, 16898, 1, 0
88500, 11761, 0, 0
88501, 12744, 1, 0
89000, 13998, 1, 0
89000, 13251, 0, 0
89500, 12646, 0, 0
89500, 13517, 1, 0
90000, 13064, 0, 0
90001, 14016, 1, 0
90500, 12334, 0, 0
90500, 12769, 1, 0
91000, 13506, 0, 0
91002, 14155, 1, 0
91500, 13333, 0, 0
91502, 14523, 1, 0
92001, 12729, 0, 0
92002, 13910, 1, 0
92500, 11576, 0, 0
92500, 12024, 1, 0
93000, 13633, 0, 0
93001, 14451, 1, 0
93501, 15083, 0, 0
93503, 16325, 1, 0
94000, 14038, 0, 0
94003, 15156, 1, 0
94500, 14475, 1, 0
94500, 13166, 0, 0
95000, 13347, 0, 0
95000, 14254, 1, 0
95500, 14427, 0, 0
95500, 14981, 1, 0
96000, 14364, 1, 0
96000, 13409, 0, 0
96500, 12659, 0, 0
96501, 13724, 1, 0
97000, 12087, 0, 0
97001, 13396, 1, 0
97500, 13334, 1, 0
97501, 12564, 0, 0
98000, 11135, 0, 0
98000, 12077, 1, 0
98500, 12954, 0, 0
98501, 13406, 1, 0
99000, 13295, 0, 0
99001, 14648, 1, 0
99500, 15192, 1, 0
99500, 14031, 0, 0
100000, 15835, 0, 0
100000, 16925, 1, 0
100500, 13527, 1, 0
100500, 12498, 0, 0
101000, 13854, 0, 0
101001, 14799, 1, 0
101500, 12622, 0, 0
101502, 13369, 1, 0
102000, 12756, 0, 0
102001, 13593, 1, 0
102500, 16707, 1, 0
102500, 15676, 0, 0
103000, 13389, 0, 0
103000, 13721, 1, 0
103501, 13897, 1, 0
103501, 13370, 0, 0
104002, 19480, 1, 0
104010, 18522, 0, 0
104500, 15311, 0, 0
104501, 16532, 1, 0
105015, 13817, 0, 0
105021, 14729, 1, 0
105500, 14461, 0, 0
105503, 14960, 1, 0
106000, 15178, 0, 0
106000, 16298, 1, 0
106500, 14082, 0, 0
106500, 14812, 1, 0
107000, 14132, 1, 0
107000, 13335, 0, 0
107500, 13493, 0, 0
107500, 14225, 1, 0
108000, 13973, 0, 0
108000, 14803, 1, 0
108500, 15221, 1, 0
108500, 14435, 0, 0
109000, 14847, 1, 0
109000, 14297, 0, 0
109500, 14508, 0, 0
109504, 15042, 1, 0
110000, 13905, 0, 0
110000, 14645, 1, 0
110500, 16751, 1, 0
110500, 15400, 0, 0
111001, 15335, 0, 0
111001, 17076, 1, 0
111500, 18747, 1, 0
111500, 18299, 0, 0
112000, 17008, 0, 0
112000, 17685, 1, 0
112500, 14383, 0, 0
112500, 14993, 1, 0
113000, 11863, 0, 0
113001, 12790, 1, 0
113501, 15890, 1, 0
113504, 15208, 0, 0
114000, 15831, 0, 0
114000, 17973, 1, 0
114500, 16009, 1, 0
114500, 14967, 0, 0
115000, 14807, 0, 0
115000, 15671, 1, 0
115500, 14517, 0, 0
115501, 15734, 1, 0
116000, 13267, 0, 0
116000, 13860, 1, 0
116500, 14074, 0, 0
116501, 14688, 1, 0
117000, 14141, 0, 0
117001, 14359, 1, 0
117500, 14067, 0, 0
117500, 14557, 1, 0
118000, 11966, 0, 0
118002, 11801, 1, 0
118500, 12297, 0, 0
118501, 12871, 1, 0
119000, 14274, 1, 0
119000, 12457, 0, 0
119500, 14964, 1, 0
119501, 13706, 0, 0
120000, 14768, 0, 0
120000, 15487, 1, 0
120500, 13124, 0, 0
120500, 13894, 1, 0
121000, 13510, 0, 0
121002, 13874, 1, 0
121500, 14123, 0, 0
121500, 14384, 1, 0
122000, 14831, 1, 0
122000, 13631, 0, 0
122500, 15675, 1, 0
122501, 15071, 0, 0
123000, 14893, 0, 0
123001, 16346, 1, 0
123500, 15382, 0, 0
123501, 16486, 1, 0
124000, 14729, 0, 0
124001, 16228, 1, 0
124500, 15088, 0, 0
124502, 17596, 1, 0
125000, 17747, 1, 0
125000, 19162, 0, 0
125500, 14211, 0, 0
125500, 14765, 1, 0
126083, 12839, 1, 0
126083, 12797, 0, 0
126500, 11496, 0, 0
126500, 12390, 1, 0
127000, 14745, 1, 0
127000, 13623, 0, 0
127501, 13112, 0, 0
127501, 13625, 1, 0
128000, 12417, 0, 0
128000, 13236, 1, 0
128500, 13014, 1, 0
128501, 12263, 0, 0
129000, 13857, 1, 0
129001, 13219, 0, 0
129500, 15088, 1, 0
129501, 14555, 0, 0
130000, 14719, 0, 0
130003, 15620, 1, 0
130501, 14394, 0, 0
130502, 15144, 1, 0
131000, 15108, 0, 0
131003, 15554, 1, 0
131500, 13461, 0, 0
131501, 14607, 1, 0
132000, 13903, 1, 0
132000, 13742, 0, 0
132500, 12472, 0, 0
132502, 12579, 1, 0
133000, 13093, 0, 0
133000, 13956, 1, 0
133500, 13474, 0, 0
133501, 15149, 1, 0
134000, 13568, 0, 0
134002, 14834, 1, 0
134500, 15071, 1, 0
134500, 14086, 0, 0
135000, 13461, 0, 0
135001, 14833, 1, 0
135500, 14812, 0, 0
135501, 15444, 1, 0
136000, 14542, 0, 0
136002, 15168, 1, 0
136500, 16357, 1, 0
136500, 15215, 0, 0
137000, 13467, 0, 0
137002, 14355, 1, 0
137500, 12993, 0, 0
137501, 13946, 1, 0
138000, 14736, 0, 0
138000, 15281, 1, 0
138500, 14043, 0, 0
138500, 14546, 1, 0
139000, 13499, 0, 0
139000, 14573, 1, 0
139500, 14373, 0, 0
139501, 15235, 1, 0
140000, 16077, 1, 0
140000, 15330, 0, 0
140500, 14705, 0, 0
140501, 15330, 1, 0
141000, 13988, 0, 0
141001, 14264, 1, 0
141500, 15139, 1, 0
141501, 14212, 0, 0
142000, 14855, 0, 0
142001, 15476, 1, 0
142500, 14052, 1, 0
142501, 13692, 0, 0
143000, 13114, 0, 0
143003, 14280, 1, 0
143500, 14387, 0, 0
143501, 15073, 1, 0
144000, 13833, 0, 0
144001, 13923, 1, 0
144500, 14489, 0, 0
144500, 16809, 1, 0
145001, 14056, 0, 0
145001, 14361, 1, 0
145500, 15782, 0, 0
145501, 15086, 1, 0
146000, 15490, 1, 0
146000, 14100, 0, 0
146500, 14786, 0, 0
146501, 15782, 1, 0
147000, 13751, 0, 0
147000, 14719, 1, 0
147500, 14718, 0, 0
147500, 15609, 1, 0
148000, 13172, 0, 0
148000, 13875, 1, 0
148500, 14309, 0, 0
148502, 16801, 1, 0
149000, 11582, 0, 0
149004, 12488, 1, 0
149500, 12845, 0, 0
149500, 14068, 1, 0
150000, 13083, 0, 0
150000, 14738, 1, 0
150500, 15018, 0, 0
150500, 15749, 1, 0
151000, 15565, 1, 0
151000, 14820, 0, 0
151500, 13453, 0, 0
151501, 14506, 1, 0
152000, 13946, 1, 0
152000, 12883, 0, 0
152502, 14015, 0, 0
152502, 15042, 1, 0
153000, 18259, 1, 0
153000, 17474, 0, 0
153500, 15081, 0, 0
153500, 16380, 1, 0
154000, 15072, 0, 0
154000, 15913, 1, 0
154500, 14317, 0, 0
154501, 15166, 1, 0
155000, 13750, 0, 0
155000, 14374, 1, 0
155500, 13065, 0, 0
155502, 13698, 1, 0
156000, 14248, 1, 0
156001, 13375, 0, 0
156500, 12649, 0, 0
156501, 13222, 1, 0
157000, 14131, 0, 0
157002, 14426, 1, 0
157500, 12870, 0, 0
157501, 13515, 1, 0
158000, 13876, 0, 0
158004, 14783, 1, 0
158500, 14527, 1, 0
158501, 13547, 0, 0
159000, 12011, 0, 0
159001, 12907, 1, 0
159500, 12271, 0, 0
159500, 13159, 1, 0
160000, 12462, 0, 0
160000, 13365, 1, 0
160500, 12834, 0, 0
160501, 13407, 1, 0
161000, 14083, 1, 0
161000, 12961, 0, 0
161500, 12734, 0, 0
161501, 13612, 1, 0
162000, 12801, 0, 0
162000, 13687, 1, 0
162500, 13366, 0, 0
162501, 14256, 1, 0
163000, 13950, 1, 0
163000, 13062, 0, 0
163500, 13420, 0, 0
163501, 14115, 1, 0
164000, 13035, 0, 0
164001, 13966, 1, 0
164500, 14087, 0, 0
164501, 15257, 1, 0
165000, 14633, 1, 0
165000, 13588, 0, 0
165500, 14035, 1, 0
165500, 13025, 0, 0
166000, 14549, 1, 0
166000, 13302, 0, 0
166500, 13222, 0, 0
166501, 13732, 1, 0
167000, 13276, 0, 0
167002, 14865, 1, 0
167500, 14652, 0, 0
167501, 15713, 1, 0
168000, 13957, 0, 0
168002, 14532, 1, 0
168500, 13873, 0, 0
168500, 14423, 1, 0
169000, 14490, 0, 0
169000, 15479, 1, 0
169500, 13748, 0, 0
169501, 15311, 1, 0
170000, 13193, 0, 0
170000, 14279, 1, 0
170500, 13292, 0, 0
170500, 14541, 1, 0
171000, 13551, 0, 0
171000, 14113, 1, 0
171501, 12685, 0, 0
171503, 13513, 1, 0
172003, 13733, 0, 0
172015, 13953, 1, 0
172518, 14793, 1, 0
172534, 14175, 0, 0
173001, 13420, 0, 0
173007, 14378, 1, 0
173511, 13981, 0, 0
173511, 14479, 1, 0
174000, 13546, 0, 0
174002, 14538, 1, 0
174500, 13100, 0, 0
174501, 14033, 1, 0
175000, 13524, 0, 0
175001, 14567, 1, 0
175500, 14061, 0, 0
175501, 14972, 1, 0
176000, 13556, 0, 0
176000, 14853, 1, 0
176500, 13863, 0, 0
176500, 14040, 1, 0
177000, 13647, 0, 0
177000, 13993, 1, 0
177500, 15355, 1, 0
177500, 14435, 0, 0
178000, 13897, 0, 0
178000, 15690, 1, 0
178500, 12351, 0, 0
178500, 13239, 1, 0
179000, 12694, 0, 0
179000, 13289, 1, 0
179500, 13906, 1, 0
179501, 13256, 0, 0
180211, 14219, 0, 0
180211, 15008, 1, 0
