500, 13210, 1, 0
1000, 11871, 1, 0
1500, 13221, 1, 0
2000, 11851, 1, 0
2500, 12105, 1, 0
3000, 13153, 1, 0
3500, 13150, 1, 0
4000, 14456, 1, 0
4519, 15084, 1, 0
5000, 13683, 1, 0
5500, 12105, 1, 0
6000, 13726, 1, 0
6500, 12675, 1, 0
7000, 12999, 1, 0
7500, 11928, 1, 0
8000, 13245, 1, 0
8500, 13011, 1, 0
9000, 12635, 1, 0
9500, 13180, 1, 0
10000, 12924, 1, 0
10500, 14450, 1, 0
11000, 15348, 1, 0
11500, 14843, 1, 0
12000, 13182, 1, 0
12500, 12298, 1, 0
13000, 12879, 1, 0
13500, 11868, 1, 0
14000, 11551, 1, 0
14500, 12693, 1, 0
15000, 12252, 1, 0
15500, 14142, 1, 0
16000, 14435, 1, 0
16500, 12954, 1, 0
17000, 12249, 1, 0
17500, 12539, 1, 0
18000, 13468, 1, 0
18500, 11341, 1, 0
19000, 12439, 1, 0
19500, 12634, 1, 0
20000, 13783, 1, 0
20500, 10871, 1, 0
21000, 12779, 1, 0
21500, 13325, 1, 0
22000, 12031, 1, 0
22500, 11583, 1, 0
23000, 13500, 1, 0
23500, 13890, 1, 0
24000, 12032, 1, 0
24500, 12647, 1, 0
25000, 13169, 1, 0
25500, 12930, 1, 0
26000, 13440, 1, 0
26500, 12267, 1, 0
27000, 14509, 1, 0
27500, 12330, 1, 0
28000, 13671, 1, 0
28500, 13504, 1, 0
29000, 10775, 1, 0
29500, 11805, 1, 0
30000, 10755, 1, 0
30500, 12061, 1, 0
31000, 11124, 1, 0
31500, 12807, 1, 0
32000, 11736, 1, 0
32500, 12627, 1, 0
33000, 13536, 1, 0
33500, 9952, 1, 0
34000, 13361, 1, 0
34500, 11440, 1, 0
35000, 11859, 1, 0
35500, 11681, 1, 0
36000, 13304, 1, 0
36500, 13133, 1, 0
37000, 13745, 1, 0
37500, 12290, 1, 0
38000, 12055, 1, 0
38500, 12660, 1, 0
39000, 13641, 1, 0
39500, 12216, 1, 0
40000, 12251, 1, 0
40500, 11116, 1, 0
41000, 11265, 1, 0
41500, 11991, 1, 0
42000, 13186, 1, 0
42500, 12314, 1, 0
43000, 13463, 1, 0
43500, 13773, 1, 0
44000, 11782, 1, 0
44500, 14596, 1, 0
45000, 12316, 1, 0
45500, 14221, 1, 0
46000, 11883, 1, 0
46500, 12044, 1, 0
47000, 11209, 1, 0
47500, 11384, 1, 0
48001, 11849, 1, 0
48500, 11661, 1, 0
49000, 11350, 1, 0
49500, 13438, 1, 0
50000, 13133, 1, 0
50500, 11053, 1, 0
51000, 13362, 1, 0
51500, 12223, 1, 0
52102, 11297, 1, 0
52500, 12278, 1, 0
53002, 14563, 1, 0
53500, 11140, 1, 0
54000, 13175, 1, 0
54500, 12895, 1, 0
55000, 11258, 1, 0
55500, 12770, 1, 0
56000, 17452, 1, 0
56500, 12269, 1, 0
57000, 12016, 1, 0
57500, 14215, 1, 0
58000, 12810, 1, 0
58500, 11358, 1, 0
59000, 12576, 1, 0
59500, 12616, 1, 0
60000, 12701, 1, 0
60500, 11945, 1, 0
61000, 13403, 1, 0
61500, 14298, 1, 0
62000, 12183, 1, 0
62500, 14584, 1, 0
63000, 14291, 1, 0
63500, 14219, 1, 0
64000, 14917, 1, 0
64500, 13715, 1, 0
65000, 11288, 1, 0
65500, 12823, 1, 0
66000, 14382, 1, 0
66500, 13486, 1, 0
67000, 11630, 1, 0
67500, 12118, 1, 0
68000, 12728, 1, 0
68500, 14179, 1, 0
69001, 11629, 1, 0
69500, 9528, 1, 0
70000, 12954, 1, 0
70500, 14422, 1, 0
71000, 11825, 1, 0
71500, 13406, 1, 0
72000, 12868, 1, 0
72500, 11264, 1, 0
73000, 11704, 1, 0
73500, 13385, 1, 0
74025, 13796, 1, 0
74500, 14522, 1, 0
75000, 14844, 1, 0
75500, 13817, 1, 0
76000, 13481, 1, 0
76500, 13018, 1, 0
77000, 13082, 1, 0
77500, 13696, 1, 0
78000, 14128, 1, 0
78500, 12212, 1, 0
79000, 13143, 1, 0
79500, 12679, 1, 0
80000, 12610, 1, 0
80500, 12011, 1, 0
81000, 11279, 1, 0
81500, 13773, 1, 0
82000, 13150, 1, 0
82500, 13473, 1, 0
83000, 14558, 1, 0
83500, 14220, 1, 0
84000, 13013, 1, 0
84500, 12808, 1, 0
85000, 14057, 1, 0
85500, 14606, 1, 0
86000, 13691, 1, 0
86500, 14383, 1, 0
87000, 13414, 1, 0
87500, 14266, 1, 0
88000, 14101, 1, 0
88500, 12899, 1, 0
89001, 11109, 1, 0
89501, 12136, 1, 0
90000, 12406, 1, 0
90500, 11998, 1, 0
91000, 11158, 1, 0
91500, 11260, 1, 0
92000, 11332, 1, 0
92500, 11783, 1, 0
93000, 11705, 1, 0
93500, 12340, 1, 0
94000, 11861, 1, 0
94500, 11280, 1, 0
95000, 11819, 1, 0
95500, 10383, 1, 0
96000, 12311, 1, 0
96500, 12003, 1, 0
97000, 12102, 1, 0
97500, 11570, 1, 0
98000, 12189, 1, 0
98500, 9301, 1, 0
99000, 12084, 1, 0
99500, 10649, 1, 0
100000, 12872, 1, 0
100500, 13334, 1, 0
101000, 12952, 1, 0
101500, 12096, 1, 0
102000, 11084, 1, 0
102500, 11873, 1, 0
103000, 11217, 1, 0
103500, 10827, 1, 0
104000, 13304, 1, 0
104500, 12504, 1, 0
105000, 13228, 1, 0
105500, 12422, 1, 0
106000, 14729, 1, 0
106500, 14124, 1, 0
107002, 13711, 1, 0
107500, 13684, 1, 0
108000, 11978, 1, 0
108500, 11482, 1, 0
109000, 10964, 1, 0
109500, 13450, 1, 0
110000, 13641, 1, 0
110500, 14128, 1, 0
111000, 13284, 1, 0
111500, 12580, 1, 0
112000, 13262, 1, 0
112500, 12691, 1, 0
113000, 14154, 1, 0
113500, 12560, 1, 0
114000, 13284, 1, 0
114500, 11732, 1, 0
115000, 13725, 1, 0
115500, 10986, 1, 0
116000, 11494, 1, 0
116500, 11642, 1, 0
117000, 11926, 1, 0
117500, 11473, 1, 0
118000, 11418, 1, 0
118500, 11659, 1, 0
119000, 12502, 1, 0
119500, 11597, 1, 0
120000, 11259, 1, 0
120500, 12399, 1, 0
121000, 10874, 1, 0
121500, 10819, 1, 0
122000, 10967, 1, 0
122500, 11330, 1, 0
123000, 11660, 1, 0
123500, 14056, 1, 0
124000, 13042, 1, 0
124500, 14083, 1, 0
125000, 12879, 1, 0
125500, 13341, 1, 0
126000, 11765, 1, 0
126500, 14313, 1, 0
127000, 13179, 1, 0
127500, 13324, 1, 0
128000, 12332, 1, 0
128500, 14140, 1, 0
129000, 11875, 1, 0
129500, 12178, 1, 0
130000, 10819, 1, 0
130500, 11789, 1, 0
131000, 12135, 1, 0
131500, 12746, 1, 0
132000, 13162, 1, 0
132500, 11910, 1, 0
133000, 11615, 1, 0
133500, 11818, 1, 0
134000, 10167, 1, 0
134500, 11477, 1, 0
135000, 13413, 1, 0
135500, 13076, 1, 0
136000, 12393, 1, 0
136500, 12210, 1, 0
137000, 11691, 1, 0
137500, 11766, 1, 0
138000, 12791, 1, 0
138500, 12471, 1, 0
139000, 13286, 1, 0
139500, 15995, 1, 0
140000, 11730, 1, 0
140500, 10672, 1, 0
141000, 12387, 1, 0
141500, 12161, 1, 0
142150, 12817, 1, 0
142572, 12838, 1, 0
143000, 10988, 1, 0
143500, 11922, 1, 0
144000, 11826, 1, 0
144500, 10529, 1, 0
145000, 13499, 1, 0
145500, 11440, 1, 0
146000, 12283, 1, 0
146500, 12441, 1, 0
147000, 11385, 1, 0
147500, 13258, 1, 0
148000, 12408, 1, 0
148500, 11842, 1, 0
149000, 11721, 1, 0
149500, 12510, 1, 0
150000, 10354, 1, 0
150500, 11431, 1, 0
151000, 10960, 1, 0
151500, 13301, 1, 0
152000, 12953, 1, 0
152500, 12417, 1, 0
153000, 13978, 1, 0
153500, 12370, 1, 0
154000, 12308, 1, 0
154500, 11633, 1, 0
155000, 11730, 1, 0
155500, 11369, 1, 0
156000, 11696, 1, 0
156500, 10363, 1, 0
157000, 11648, 1, 0
157500, 11539, 1, 0
158000, 11868, 1, 0
158500, 12265, 1, 0
159000, 12372, 1, 0
159500, 11811, 1, 0
160000, 11665, 1, 0
160500, 11913, 1, 0
161000, 13181, 1, 0
161500, 14396, 1, 0
162002, 13684, 1, 0
162500, 12159, 1, 0
163000, 13255, 1, 0
163500, 14507, 1, 0
164000, 13758, 1, 0
164500, 14311, 1, 0
165000, 13789, 1, 0
165500, 12791, 1, 0
166000, 14262, 1, 0
166500, 12062, 1, 0
167000, 13516, 1, 0
167500, 13583, 1, 0
168000, 12228, 1, 0
168500, 13773, 1, 0
169000, 11834, 1, 0
169500, 11794, 1, 0
170000, 12491, 1, 0
170500, 13674, 1, 0
171000, 12176, 1, 0
171500, 12027, 1, 0
172000, 10527, 1, 0
172500, 10703, 1, 0
173000, 12243, 1, 0
173500, 11206, 1, 0
174000, 10951, 1, 0
174501, 12538, 1, 0
175000, 14206, 1, 0
175500, 12358, 1, 0
176000, 10382, 1, 0
176500, 13043, 1, 0
177000, 13430, 1, 0
177500, 11528, 1, 0
178000, 11211, 1, 0
178500, 12673, 1, 0
179000, 11014, 1, 0
179500, 10458, 1, 0
180010, 11195, 1, 0
