500, 9672, 0, 0
1000, 9664, 0, 0
1500, 9504, 0, 0
2000, 10696, 0, 0
2500, 11344, 0, 0
3001, 9197, 0, 0
3501, 8391, 0, 0
4001, 10115, 0, 0
4500, 10464, 0, 0
5000, 8192, 0, 0
5500, 7872, 0, 0
6001, 8088, 0, 0
6501, 8015, 0, 0
7001, 10307, 0, 0
7500, 7504, 0, 0
8000, 8184, 0, 0
8500, 8048, 0, 0
9000, 8384, 0, 0
9500, 8744, 0, 0
10001, 7704, 0, 0
10501, 8167, 0, 0
11001, 7936, 0, 0
11500, 9416, 0, 0
12000, 7912, 0, 0
12500, 8080, 0, 0
13000, 6856, 0, 0
13501, 6970, 0, 0
14001, 7544, 0, 0
14501, 7976, 0, 0
15000, 9528, 0, 0
15500, 10952, 0, 0
16000, 8568, 0, 0
16500, 7264, 0, 0
17001, 9029, 0, 0
17501, 7201, 0, 0
18001, 8239, 0, 0
18500, 8856, 0, 0
19000, 7888, 0, 0
19500, 9320, 0, 0
20000, 10464, 0, 0
20500, 11112, 0, 0
21001, 8558, 0, 0
21501, 8039, 0, 0
22001, 9157, 0, 0
22500, 8488, 0, 0
23000, 9424, 0, 0
23500, 8768, 0, 0
24001, 9037, 0, 0
24501, 7960, 0, 0
25001, 6834, 0, 0
25501, 7113, 0, 0
26000, 7504, 0, 0
26500, 7576, 0, 0
27000, 7496, 0, 0
27500, 7616, 0, 0
28001, 6546, 0, 0
28501, 9101, 0, 0
29001, 9069, 0, 0
29500, 9160, 0, 0
30000, 7624, 0, 0
30500, 6632, 0, 0
31000, 7648, 0, 0
31500, 7048, 0, 0
32001, 7808, 0, 0
32501, 10347, 0, 0
33001, 8998, 0, 0
33500, 8920, 0, 0
34000, 6912, 0, 0
34500, 7776, 0, 0
35000, 8048, 0, 0
35501, 8439, 0, 0
36001, 7568, 0, 0
36501, 6626, 0, 0
37000, 9216, 0, 0
37500, 8880, 0, 0
38000, 8472, 0, 0
38500, 7936, 0, 0
39000, 9160, 0, 0
39501, 7952, 0, 0
40001, 9500, 0, 0
40501, 7624, 0, 0
41000, 8504, 0, 0
41500, 8456, 0, 0
42000, 7408, 0, 0
42500, 7888, 0, 0
43000, 9144, 0, 0
43501, 9788, 0, 0
44001, 7632, 0, 0
44501, 7113, 0, 0
45000, 7480, 0, 0
45500, 6352, 0, 0
46000, 8720, 0, 0
46500, 9208, 0, 0
47001, 9021, 0, 0
47501, 8598, 0, 0
48000, 8640, 0, 0
48500, 8952, 0, 0
49000, 8912, 0, 0
49500, 8320, 0, 0
50001, 8710, 0, 0
50501, 9692, 0, 0
51001, 8558, 0, 0
51501, 7033, 0, 0
52000, 8416, 0, 0
52500, 8944, 0, 0
53000, 9600, 0, 0
53501, 10528, 0, 0
54001, 10195, 0, 0
54501, 8614, 0, 0
55001, 10403, 0, 0
55500, 8816, 0, 0
56000, 7880, 0, 0
56500, 7488, 0, 0
57000, 7760, 0, 0
57501, 9125, 0, 0
58001, 12159, 0, 0
58500, 9408, 0, 0
59000, 7696, 0, 0
59500, 9416, 0, 0
60000, 10568, 0, 0
60500, 10552, 0, 0
61001, 8407, 0, 0
61501, 8550, 0, 0
62000, 7712, 0, 0
62500, 9064, 0, 0
63000, 9208, 0, 0
63500, 10456, 0, 0
64001, 9952, 0, 0
64501, 7824, 0, 0
65001, 8255, 0, 0
65501, 7832, 0, 0
66000, 6576, 0, 0
66500, 8024, 0, 0
67000, 8512, 0, 0
67500, 10152, 0, 0
68000, 10328, 0, 0
68501, 8790, 0, 0
69001, 7417, 0, 0
69501, 7728, 0, 0
70000, 8424, 0, 0
70500, 8632, 0, 0
71000, 8400, 0, 0
71500, 7904, 0, 0
72000, 7184, 0, 0
72501, 9301, 0, 0
73001, 8886, 0, 0
73501, 7664, 0, 0
74000, 9184, 0, 0
74500, 8392, 0, 0
75000, 8056, 0, 0
75500, 9312, 0, 0
76001, 7696, 0, 0
76501, 8662, 0, 0
77001, 9485, 0, 0
77500, 9456, 0, 0
78000, 9712, 0, 0
78500, 7888, 0, 0
79000, 7968, 0, 0
79500, 9016, 0, 0
80001, 10251, 0, 0
80501, 9604, 0, 0
81001, 9429, 0, 0
81500, 9856, 0, 0
82000, 9984, 0, 0
82500, 8328, 0, 0
83000, 8896, 0, 0
83500, 6160, 0, 0
84001, 9852, 0, 0
84501, 7616, 0, 0
85000, 7296, 0, 0
85500, 8208, 0, 0
86000, 6592, 0, 0
86500, 7528, 0, 0
87001, 8838, 0, 0
87501, 9421, 0, 0
88001, 10003, 0, 0
88500, 9784, 0, 0
89000, 9880, 0, 0
89500, 10592, 0, 0
90000, 8792, 0, 0
90500, 8848, 0, 0
91001, 9373, 0, 0
91501, 8023, 0, 0
92001, 11289, 0, 0
92500, 9424, 0, 0
93000, 8760, 0, 0
93500, 10112, 0, 0
94000, 7600, 0, 0
94501, 11560, 0, 0
95001, 9804, 0, 0
95501, 9580, 0, 0
96000, 8840, 0, 0
96500, 9944, 0, 0
97000, 9968, 0, 0
97500, 9712, 0, 0
98001, 7856, 0, 0
98501, 8558, 0, 0
99001, 9876, 0, 0
99500, 9808, 0, 0
100000, 8560, 0, 0
100500, 7832, 0, 0
101001, 8143, 0, 0
101501, 8614, 0, 0
102001, 4231, 0, 0
102500, 6984, 0, 0
103000, 9840, 0, 0
103500, 8296, 0, 0
104000, 8224, 0, 0
104501, 6786, 0, 0
105001, 9373, 0, 0
105501, 9516, 0, 0
106000, 8576, 0, 0
106500, 7208, 0, 0
107000, 9088, 0, 0
107500, 9664, 0, 0
108000, 8136, 0, 0
108501, 6371, 0, 0
109001, 6858, 0, 0
109501, 9948, 0, 0
110000, 10512, 0, 0
110500, 8752, 0, 0
111000, 5192, 0, 0
111500, 8720, 0, 0
112001, 11337, 0, 0
112501, 9005, 0, 0
113001, 8471, 0, 0
113500, 9680, 0, 0
114000, 10432, 0, 0
114500, 9520, 0, 0
115000, 10656, 0, 0
115501, 10762, 0, 0
116001, 10355, 0, 0
116500, 11064, 0, 0
117000, 9736, 0, 0
117500, 9416, 0, 0
118000, 7656, 0, 0
118501, 7360, 0, 0
119001, 8662, 0, 0
119501, 7065, 0, 0
120001, 5708, 0, 0
120500, 7304, 0, 0
121000, 8768, 0, 0
121500, 9560, 0, 0
122000, 10632, 0, 0
122501, 8151, 0, 0
123001, 7848, 0, 0
123501, 7385, 0, 0
124000, 7376, 0, 0
124500, 9136, 0, 0
125000, 10192, 0, 0
125500, 10168, 0, 0
126001, 8918, 0, 0
126501, 8670, 0, 0
127001, 6794, 0, 0
127500, 7312, 0, 0
128000, 8824, 0, 0
128500, 6360, 0, 0
129000, 6152, 0, 0
129501, 7473, 0, 0
130001, 7489, 0, 0
130501, 7888, 0, 0
131000, 7304, 0, 0
131500, 8400, 0, 0
132000, 7752, 0, 0
132500, 8208, 0, 0
133001, 9045, 0, 0
133501, 6275, 0, 0
134001, 5940, 0, 0
134500, 6352, 0, 0
135000, 6960, 0, 0
135500, 8264, 0, 0
136000, 10400, 0, 0
136501, 10802, 0, 0
137001, 8670, 0, 0
137501, 7433, 0, 0
138000, 6696, 0, 0
138500, 8208, 0, 0
139000, 9696, 0, 0
139500, 8480, 0, 0
140001, 8576, 0, 0
140501, 9668, 0, 0
141001, 10283, 0, 0
141501, 10203, 0, 0
142000, 8856, 0, 0
142500, 7312, 0, 0
143000, 6792, 0, 0
143500, 7168, 0, 0
144001, 7656, 0, 0
144501, 8574, 0, 0
145001, 7800, 0, 0
145500, 8032, 0, 0
146000, 6784, 0, 0
146500, 7632, 0, 0
147000, 9976, 0, 0
147501, 9213, 0, 0
148001, 9069, 0, 0
148501, 10187, 0, 0
149000, 7424, 0, 0
149500, 8528, 0, 0
150000, 10040, 0, 0
150500, 9304, 0, 0
151000, 11384, 0, 0
151501, 10443, 0, 0
152001, 10235, 0, 0
152501, 9716, 0, 0
153000, 9488, 0, 0
153500, 9920, 0, 0
154000, 10240, 0, 0
154500, 9152, 0, 0
155001, 9948, 0, 0
155501, 9788, 0, 0
156001, 9117, 0, 0
156500, 8928, 0, 0
157000, 9112, 0, 0
157500, 8384, 0, 0
158001, 9381, 0, 0
158501, 9101, 0, 0
159001, 7409, 0, 0
159500, 8440, 0, 0
160000, 10200, 0, 0
160500, 11448, 0, 0
161000, 9600, 0, 0
161500, 11736, 0, 0
162001, 11864, 0, 0
162501, 11137, 0, 0
163001, 10770, 0, 0
163500, 7208, 0, 0
164000, 6768, 0, 0
164500, 6960, 0, 0
165000, 9872, 0, 0
165501, 8966, 0, 0
166001, 8726, 0, 0
166501, 6978, 0, 0
167000, 9336, 0, 0
167500, 11360, 0, 0
168000, 6720, 0, 0
168500, 9512, 0, 0
169001, 10051, 0, 0
169501, 7616, 0, 0
170001, 9325, 0, 0
170500, 10424, 0, 0
171000, 8800, 0, 0
171500, 9360, 0, 0
172000, 11408, 0, 0
172500, 10040, 0, 0
173001, 10570, 0, 0
173501, 11105, 0, 0
174001, 9972, 0, 0
174500, 9120, 0, 0
175000, 7128, 0, 0
175500, 7128, 0, 0
176000, 7032, 0, 0
176500, 9624, 0, 0
177001, 5397, 0, 0
177501, 7632, 0, 0
178001, 7896, 0, 0
178500, 9888, 0, 0
179000, 9560, 0, 0
179500, 8824, 0, 0
180000, 9704, 0, 0
