500, 20621356, 0, 0
502, 30590372, 1, 0
1000, 17694615, 0, 0
1000, 26047295, 1, 0
1500, 23383736, 1, 0
1500, 14479831, 0, 0
2000, 15371616, 0, 0
2000, 23935568, 1, 0
2500, 33066183, 1, 0
2501, 20567981, 0, 0
3000, 17092820, 0, 0
3001, 30565599, 1, 0
3500, 18811990, 0, 0
3500, 27588076, 1, 0
4000, 16239736, 0, 0
4000, 27765869, 1, 0
4500, 18909129, 0, 0
4501, 22769834, 1, 0
5000, 18689456, 0, 0
5000, 28231645, 1, 0
5500, 19172886, 0, 0
5501, 22758349, 1, 0
6000, 18909763, 0, 0
6004, 24208494, 1, 0
6500, 28747416, 1, 0
6500, 20763523, 0, 0
7000, 27249967, 1, 0
7000, 17587580, 0, 0
7500, 16063359, 0, 0
7501, 28807879, 1, 0
8000, 19316754, 0, 0
8001, 30351046, 1, 0
8501, 16058331, 0, 0
8501, 25442239, 1, 0
9000, 28272302, 1, 0
9000, 20329791, 0, 0
9500, 21884751, 0, 0
9500, 44445739, 1, 0
10000, 16519891, 0, 0
10001, 19847963, 1, 0
10500, 20623762, 0, 0
10500, 29269993, 1, 0
11000, 19312346, 0, 0
11000, 21860303, 1, 0
11500, 29497167, 1, 0
11500, 18301121, 0, 0
12000, 16102423, 0, 0
12001, 33548077, 1, 0
12500, 23111010, 0, 0
12501, 21351417, 1, 0
13000, 19882764, 0, 0
13000, 26515250, 1, 0
13500, 16856127, 0, 0
13500, 24885411, 1, 0
14000, 16269102, 0, 0
14001, 23000221, 1, 0
14500, 13934333, 0, 0
14500, 20189072, 1, 0
15000, 15149032, 0, 0
15000, 18407237, 1, 0
15500, 17222897, 0, 0
15500, 23044990, 1, 0
16000, 21953690, 1, 0
16000, 18897771, 0, 0
16500, 21294676, 0, 0
16501, 28453474, 1, 0
17000, 39841664, 1, 0
17000, 20451799, 0, 0
17501, 20833278, 0, 0
17501, 25801661, 1, 0
18000, 28727838, 1, 0
18000, 20447465, 0, 0
18500, 17039427, 0, 0
18502, 29623128, 1, 0
19000, 29338527, 1, 0
19000, 22015973, 0, 0
19500, 25798492, 1, 0
19500, 16848567, 0, 0
20000, 16991209, 0, 0
20001, 24009278, 1, 0
20501, 19091603, 0, 0
20502, 28521142, 1, 0
21000, 17247067, 0, 0
21002, 21429924, 1, 0
21500, 29142054, 1, 0
21500, 21269624, 0, 0
22000, 34054673, 1, 0
22000, 20982120, 0, 0
22500, 19057162, 0, 0
22500, 25891942, 1, 0
23000, 26852074, 1, 0
23000, 23307360, 0, 0
23500, 28906373, 0, 0
23500, 54975705, 1, 0
24000, 19982535, 0, 0
24001, 30596200, 1, 0
24500, 18075316, 0, 0
24503, 23196181, 1, 0
25000, 19334131, 0, 0
25000, 28632892, 1, 0
25500, 18050292, 0, 0
25500, 29821245, 1, 0
26000, 18310573, 0, 0
26000, 29872136, 1, 0
26502, 15997584, 0, 0
26503, 26440121, 1, 0
27000, 17350065, 0, 0
27002, 22596252, 1, 0
27500, 25203418, 1, 0
27501, 25433287, 0, 0
28000, 31718021, 1, 0
28000, 16904183, 0, 0
28500, 23561731, 1, 0
28500, 19092063, 0, 0
29000, 17772001, 0, 0
29000, 26311938, 1, 0
29500, 26818384, 1, 0
29500, 19633497, 0, 0
30000, 18320394, 0, 0
30000, 25626116, 1, 0
30500, 17685458, 0, 0
30500, 26978523, 1, 0
31000, 20476721, 0, 0
31004, 27929292, 1, 0
31500, 24150693, 0, 0
31500, 29400012, 1, 0
32000, 27000952, 1, 0
32000, 15970207, 0, 0
32500, 31255797, 1, 0
32501, 16713985, 0, 0
33000, 25715898, 1, 0
33000, 15354036, 0, 0
33501, 18255542, 0, 0
33504, 29206858, 1, 0
34001, 17804335, 0, 0
34002, 24660367, 1, 0
34500, 19947503, 0, 0
34500, 32688787, 1, 0
35000, 24556486, 1, 0
35000, 19709996, 0, 0
35500, 16870292, 0, 0
35502, 26581509, 1, 0
36000, 42280115, 0, 0
36001, 81184660, 1, 0
36511, 36403136, 1, 0
36521, 28451054, 0, 0
37000, 26068813, 0, 0
37001, 60703861, 1, 0
37500, 31988162, 1, 0
37501, 16823079, 0, 0
38000, 27747508, 1, 0
38001, 19518444, 0, 0
38500, 18514453, 0, 0
38501, 28381875, 1, 0
39000, 17744676, 0, 0
39003, 27049428, 1, 0
39500, 18044324, 0, 0
39500, 27704184, 1, 0
40000, 17001488, 0, 0
40003, 26156954, 1, 0
40500, 14154662, 0, 0
40505, 22576524, 1, 0
41000, 16237259, 0, 0
41004, 24523140, 1, 0
41500, 19144641, 0, 0
41500, 30940171, 1, 0
42002, 27429991, 0, 0
42007, 26274924, 1, 0
42500, 24727704, 0, 0
42506, 38148174, 1, 0
43003, 27567830, 1, 0
43004, 21292255, 0, 0
43500, 18232501, 0, 0
43501, 27909990, 1, 0
44000, 20099362, 0, 0
44001, 26226261, 1, 0
44500, 28762744, 1, 0
44500, 17742769, 0, 0
45000, 16982210, 0, 0
45000, 23563233, 1, 0
45501, 18675179, 0, 0
45501, 25597531, 1, 0
46000, 15174789, 0, 0
46000, 25348645, 1, 0
46500, 15492967, 0, 0
46501, 23711378, 1, 0
47000, 18957097, 0, 0
47001, 23073818, 1, 0
47500, 23051378, 0, 0
47500, 22830409, 1, 0
48000, 18622317, 0, 0
48000, 25497189, 1, 0
48500, 23850736, 1, 0
48502, 18703568, 0, 0
49000, 26236727, 1, 0
49001, 23449541, 0, 0
49500, 19199588, 0, 0
49500, 20838546, 1, 0
50000, 17089291, 0, 0
50000, 25825509, 1, 0
50500, 18401297, 0, 0
50501, 26635609, 1, 0
51000, 25362640, 0, 0
51008, 34638302, 1, 0
51500, 22170004, 0, 0
51500, 34589743, 1, 0
52002, 18323443, 0, 0
52003, 31432628, 1, 0
52500, 17768085, 0, 0
52500, 38744760, 1, 0
53000, 20345742, 0, 0
53000, 35412484, 1, 0
53500, 19613018, 0, 0
53500, 33793165, 1, 0
54000, 24991156, 1, 0
54000, 18262988, 0, 0
54500, 18033506, 0, 0
54500, 27003185, 1, 0
55001, 18932432, 0, 0
55002, 26950388, 1, 0
55500, 17030465, 0, 0
55500, 28823290, 1, 0
56000, 26615312, 1, 0
56000, 17506119, 0, 0
56500, 17513498, 0, 0
56500, 24446425, 1, 0
57000, 18468678, 0, 0
57000, 22871001, 1, 0
57500, 20623770, 0, 0
57503, 28528715, 1, 0
58000, 22110100, 1, 0
58002, 17474797, 0, 0
58500, 22294680, 0, 0
58502, 26440112, 1, 0
59000, 28888992, 1, 0
59000, 19587393, 0, 0
59500, 20981394, 0, 0
59501, 22942526, 1, 0
60000, 22210041, 0, 0
60001, 32350607, 1, 0
60500, 37960530, 1, 0
60500, 21965401, 0, 0
61000, 19287627, 0, 0
61000, 28915879, 1, 0
61500, 23050186, 1, 0
61500, 14859660, 0, 0
62000, 24651634, 1, 0
62000, 17570670, 0, 0
62500, 18805031, 0, 0
62501, 25804123, 1, 0
63000, 20760832, 0, 0
63000, 24123076, 1, 0
63500, 17217139, 0, 0
63501, 22752710, 1, 0
64000, 18728113, 0, 0
64005, 21119732, 1, 0
64500, 23017367, 1, 0
64503, 20263278, 0, 0
65000, 24697324, 0, 0
65003, 28515914, 1, 0
65500, 19105542, 0, 0
65501, 29299336, 1, 0
66001, 18580285, 0, 0
66002, 28691807, 1, 0
66500, 17926980, 0, 0
66500, 27679102, 1, 0
67001, 20697890, 0, 0
67001, 23339490, 1, 0
67500, 21385085, 0, 0
67501, 31155451, 1, 0
68000, 20376608, 1, 0
68003, 20792772, 0, 0
68500, 18583922, 0, 0
68500, 24560756, 1, 0
69000, 17233538, 0, 0
69000, 28178006, 1, 0
69500, 17548128, 0, 0
69500, 26213111, 1, 0
70000, 18470708, 0, 0
70000, 25780301, 1, 0
70500, 16821047, 0, 0
70501, 20746760, 1, 0
71000, 21410063, 0, 0
71000, 25435553, 1, 0
71501, 19174220, 0, 0
71503, 25208650, 1, 0
72000, 22055000, 1, 0
72000, 18587180, 0, 0
72500, 25978150, 1, 0
72500, 20906804, 0, 0
73000, 23059808, 0, 0
73001, 28013174, 1, 0
73500, 18187247, 1, 0
73500, 20952904, 0, 0
74000, 17169051, 0, 0
74000, 19870620, 1, 0
74500, 18779377, 0, 0
74502, 24548843, 1, 0
75000, 19666736, 0, 0
75000, 25149102, 1, 0
75500, 26186489, 1, 0
75500, 19658551, 0, 0
76000, 19943916, 0, 0
76001, 31616571, 1, 0
76500, 13480924, 0, 0
76501, 22462859, 1, 0
77000, 24213062, 0, 0
77000, 31194851, 1, 0
77500, 34150899, 1, 0
77501, 30238841, 0, 0
78000, 33634679, 0, 0
78001, 30361237, 1, 0
78500, 19158967, 1, 0
78500, 18109629, 0, 0
79000, 21056164, 0, 0
79000, 32571020, 1, 0
79500, 18099656, 0, 0
79500, 25236895, 1, 0
80000, 18897985, 0, 0
80000, 22748108, 1, 0
80500, 18876739, 0, 0
80501, 22373362, 1, 0
81000, 17844262, 0, 0
81001, 20357724, 1, 0
81500, 23318449, 1, 0
81500, 15449169, 0, 0
82000, 20073877, 0, 0
82000, 24795194, 1, 0
82500, 21181308, 0, 0
82500, 30724716, 1, 0
83000, 21269584, 0, 0
83002, 26315742, 1, 0
83501, 19793323, 1, 0
83502, 18162236, 0, 0
84000, 29880150, 1, 0
84000, 19759051, 0, 0
84500, 26426652, 1, 0
84500, 24733799, 0, 0
85000, 18729964, 0, 0
85000, 26436152, 1, 0
85500, 16353832, 0, 0
85500, 30761107, 1, 0
86000, 20453340, 0, 0
86001, 24140266, 1, 0
86500, 24142961, 1, 0
86500, 19439126, 0, 0
87000, 23052933, 0, 0
87001, 36054633, 1, 0
87501, 22984892, 0, 0
87505, 28020993, 1, 0
88000, 19073034, 0, 0
88001, 28466734, 1, 0
88500, 20592898, 0, 0
88502, 26975995, 1, 0
89001, 23129784, 0, 0
89001, 33466968, 1, 0
89500, 21702813, 0, 0
89501, 36751889, 1, 0
90000, 17968033, 0, 0
90001, 29716475, 1, 0
90501, 17666510, 0, 0
90504, 26315216, 1, 0
91000, 19253638, 0, 0
91001, 31438127, 1, 0
91500, 22849934, 1, 0
91500, 16572293, 0, 0
92000, 32171239, 1, 0
92002, 17504906, 0, 0
92500, 27683272, 1, 0
92500, 19551355, 0, 0
93000, 18275291, 0, 0
93000, 25697756, 1, 0
93500, 19090029, 0, 0
93501, 27450319, 1, 0
94000, 22701720, 1, 0
94000, 15286779, 0, 0
94500, 26491735, 1, 0
94500, 17003950, 0, 0
95000, 17923956, 0, 0
95001, 21623588, 1, 0
95500, 16928165, 0, 0
95500, 24354801, 1, 0
96000, 17372291, 0, 0
96000, 22261675, 1, 0
96500, 18090359, 0, 0
96501, 26852165, 1, 0
97000, 22083182, 0, 0
97001, 27522814, 1, 0
97501, 24981533, 1, 0
97501, 17238846, 0, 0
98000, 16307705, 0, 0
98001, 28279731, 1, 0
98500, 17459363, 0, 0
98500, 17629053, 1, 0
99000, 23580965, 1, 0
99000, 20709453, 0, 0
99500, 18524740, 0, 0
99500, 23294320, 1, 0
100000, 18377197, 0, 0
100000, 25900939, 1, 0
100500, 19904797, 0, 0
100503, 24516621, 1, 0
101000, 26532599, 1, 0
101000, 20501289, 0, 0
101500, 22205878, 0, 0
101501, 29043409, 1, 0
102000, 30652602, 1, 0
102000, 19035617, 0, 0
102500, 21300317, 0, 0
102500, 27579364, 1, 0
103000, 19580321, 0, 0
103001, 36576394, 1, 0
103500, 17888829, 0, 0
103501, 30497320, 1, 0
104000, 18375630, 0, 0
104001, 24795132, 1, 0
104500, 17134923, 0, 0
104500, 29025174, 1, 0
105000, 14135859, 0, 0
105000, 30123887, 1, 0
105500, 18744005, 0, 0
105501, 38476587, 1, 0
106000, 26312907, 1, 0
106001, 11699003, 0, 0
106500, 19755737, 0, 0
106501, 41620788, 1, 0
107151, 16864047, 0, 0
107151, 30198370, 1, 0
107500, 32311492, 0, 0
107501, 53559774, 1, 0
108000, 24984745, 0, 0
108003, 53016133, 1, 0
108500, 28302285, 1, 0
108500, 17078485, 0, 0
109000, 16983247, 0, 0
109000, 23296374, 1, 0
109500, 20138258, 0, 0
109500, 25828679, 1, 0
110000, 17596009, 0, 0
110002, 26077560, 1, 0
110500, 25509330, 1, 0
110501, 14893679, 0, 0
111000, 15152818, 0, 0
111001, 23020816, 1, 0
111500, 18772967, 0, 0
111500, 30221170, 1, 0
112000, 19369353, 0, 0
112001, 24158149, 1, 0
112500, 32181934, 1, 0
112500, 21347600, 0, 0
113000, 16648599, 0, 0
113002, 21655012, 1, 0
113500, 16490434, 0, 0
113502, 25521078, 1, 0
114000, 15905093, 0, 0
114001, 23635208, 1, 0
114500, 16174997, 0, 0
114502, 22703472, 1, 0
115000, 17815452, 0, 0
115000, 25905878, 1, 0
115500, 16025688, 0, 0
115501, 24764240, 1, 0
116000, 17397251, 0, 0
116002, 24281888, 1, 0
116500, 16884705, 0, 0
116501, 24453786, 1, 0
117000, 26224093, 0, 0
117001, 46853434, 1, 0
117501, 16732355, 0, 0
117502, 28130580, 1, 0
118001, 15487100, 0, 0
118004, 22954406, 1, 0
118500, 17860719, 0, 0
118501, 26564626, 1, 0
119000, 20139504, 0, 0
119000, 31782893, 1, 0
119500, 25759006, 1, 0
119502, 18072316, 0, 0
120000, 19234020, 0, 0
120000, 30280360, 1, 0
120500, 14530805, 0, 0
120500, 21998667, 1, 0
121000, 24166049, 1, 0
121000, 18363898, 0, 0
121500, 26684151, 1, 0
121500, 20454252, 0, 0
122000, 17099259, 0, 0
122000, 23993889, 1, 0
122501, 16625934, 0, 0
122501, 27197737, 1, 0
123000, 25080725, 1, 0
123000, 17873182, 0, 0
123500, 25737719, 1, 0
123500, 18966481, 0, 0
124000, 20681950, 0, 0
124001, 26311959, 1, 0
124500, 26523839, 1, 0
124500, 19453467, 0, 0
125000, 25050373, 1, 0
125001, 18688410, 0, 0
125501, 17609281, 0, 0
125506, 23132229, 1, 0
126000, 28417348, 0, 0
126000, 48378408, 1, 0
126500, 15912663, 0, 0
126501, 26934301, 1, 0
127000, 19260699, 0, 0
127000, 40997527, 1, 0
127500, 19384313, 0, 0
127500, 27822836, 1, 0
128009, 18963889, 0, 0
128010, 24288620, 1, 0
128500, 17680735, 0, 0
128501, 35707988, 1, 0
129000, 27599403, 1, 0
129000, 14877789, 0, 0
129500, 16194006, 0, 0
129504, 28514625, 1, 0
130000, 14493190, 0, 0
130002, 23609581, 1, 0
130500, 14689506, 0, 0
130500, 22299501, 1, 0
131001, 17514126, 0, 0
131001, 23781957, 1, 0
131500, 14035858, 0, 0
131500, 22522942, 1, 0
132001, 15728469, 0, 0
132001, 24286424, 1, 0
132500, 17395899, 0, 0
132500, 24500958, 1, 0
133000, 17414564, 0, 0
133000, 26124328, 1, 0
133500, 15811862, 0, 0
133501, 22752739, 1, 0
134000, 18869840, 0, 0
134000, 23335051, 1, 0
134500, 18117595, 0, 0
134502, 29697214, 1, 0
135000, 24273694, 1, 0
135001, 17518637, 0, 0
135500, 20809582, 0, 0
135500, 24929855, 1, 0
136000, 17868773, 0, 0
136000, 27932390, 1, 0
136501, 17144168, 0, 0
136505, 21517377, 1, 0
137000, 16986445, 0, 0
137000, 23648238, 1, 0
137500, 17161244, 0, 0
137500, 24493111, 1, 0
138000, 21298318, 0, 0
138003, 27415857, 1, 0
138500, 18953087, 0, 0
138503, 26541885, 1, 0
139000, 18821844, 0, 0
139001, 23746792, 1, 0
139500, 29064072, 1, 0
139500, 21516019, 0, 0
140000, 23329818, 0, 0
140000, 37120780, 1, 0
140500, 19497476, 0, 0
140501, 33969034, 1, 0
141000, 26923822, 1, 0
141000, 19368736, 0, 0
141500, 31175323, 1, 0
141500, 25432882, 0, 0
142000, 16376700, 0, 0
142001, 25113353, 1, 0
142500, 17484450, 0, 0
142500, 20325297, 1, 0
143000, 17376664, 0, 0
143000, 21942401, 1, 0
143500, 22494588, 1, 0
143500, 20461854, 0, 0
144000, 21805447, 0, 0
144001, 29012073, 1, 0
144500, 22319451, 0, 0
144500, 24212195, 1, 0
145000, 20421431, 0, 0
145002, 33388047, 1, 0
145501, 15707432, 0, 0
145507, 25819449, 1, 0
146000, 21880118, 0, 0
146001, 22517968, 1, 0
146500, 18841663, 0, 0
146501, 35776830, 1, 0
147001, 18938638, 0, 0
147002, 27591180, 1, 0
147500, 33147458, 1, 0
147500, 21959280, 0, 0
148000, 25150219, 0, 0
148001, 25426313, 1, 0
148500, 24846299, 1, 0
148500, 18620348, 0, 0
149000, 27999923, 1, 0
149002, 20955557, 0, 0
149500, 18174892, 0, 0
149501, 27406661, 1, 0
150000, 17581481, 0, 0
150001, 26484676, 1, 0
150500, 22486686, 1, 0
150500, 17608073, 0, 0
151000, 17336228, 0, 0
151000, 25561732, 1, 0
151500, 17684063, 0, 0
151501, 27197177, 1, 0
152000, 19792482, 0, 0
152002, 25040404, 1, 0
152500, 27471248, 1, 0
152501, 19086391, 0, 0
153000, 23673888, 1, 0
153000, 17150653, 0, 0
153500, 24124056, 0, 0
153500, 21608921, 1, 0
154000, 19941971, 1, 0
154001, 15308289, 0, 0
154500, 19078390, 0, 0
154500, 25909326, 1, 0
155000, 25719105, 0, 0
155000, 46868260, 1, 0
155500, 25662783, 1, 0
155500, 16650674, 0, 0
156000, 20254753, 0, 0
156001, 24842857, 1, 0
156501, 19903211, 0, 0
156503, 29363504, 1, 0
157000, 17062090, 0, 0
157000, 24429777, 1, 0
157500, 14442918, 0, 0
157502, 21198898, 1, 0
158000, 16561481, 0, 0
158005, 27373892, 1, 0
158500, 20679184, 0, 0
158500, 31208393, 1, 0
159000, 16991169, 0, 0
159001, 25620574, 1, 0
159500, 19183379, 0, 0
159500, 26147344, 1, 0
160000, 20463661, 0, 0
160000, 21492320, 1, 0
160500, 16800305, 0, 0
160500, 26395798, 1, 0
161000, 18858370, 0, 0
161001, 23908170, 1, 0
161500, 23754193, 0, 0
161502, 17896484, 1, 0
162000, 20916739, 0, 0
162000, 28301009, 1, 0
162501, 18402868, 0, 0
162501, 18448237, 1, 0
163000, 22361594, 0, 0
163001, 25615487, 1, 0
163500, 21622368, 0, 0
163500, 15495989, 1, 0
164000, 23625015, 0, 0
164000, 20862299, 1, 0
164500, 23525491, 1, 0
164500, 25733620, 0, 0
165000, 18962333, 0, 0
165002, 24140475, 1, 0
165500, 19522584, 0, 0
165501, 25600621, 1, 0
166000, 20113347, 0, 0
166000, 22740671, 1, 0
166500, 24902135, 1, 0
166500, 18508788, 0, 0
167000, 26616715, 1, 0
167001, 21623547, 0, 0
167500, 31197179, 1, 0
167500, 18508847, 0, 0
168000, 24950300, 1, 0
168001, 17145577, 0, 0
168502, 18649595, 0, 0
168503, 23631534, 1, 0
169000, 17702225, 0, 0
169001, 26193417, 1, 0
169500, 18947070, 0, 0
169502, 24281472, 1, 0
170000, 22884390, 0, 0
170000, 31853990, 1, 0
170500, 20662621, 0, 0
170501, 25123159, 1, 0
171000, 18381830, 0, 0
171000, 27627547, 1, 0
171501, 21741902, 1, 0
171501, 19361233, 0, 0
172000, 22340539, 0, 0
172002, 30989013, 1, 0
172500, 20011699, 0, 0
172502, 34892007, 1, 0
173000, 23098281, 1, 0
173000, 16721348, 0, 0
173501, 17142544, 0, 0
173508, 22154793, 1, 0
174007, 43808477, 1, 0
174007, 44356123, 0, 0
174575, 191141259, 1, 0
174576, 64664648, 0, 0
175000, 40031073, 0, 0
175000, 76785670, 1, 0
175501, 65720803, 1, 0
175501, 27398691, 0, 0
176000, 14639977, 0, 0
176000, 28334057, 1, 0
176500, 32050348, 0, 0
176501, 76538731, 1, 0
177000, 17254521, 0, 0
177001, 26975111, 1, 0
177500, 16348919, 0, 0
177501, 25113745, 1, 0
178000, 17649546, 0, 0
178002, 28126982, 1, 0
178500, 16738233, 0, 0
178501, 23858218, 1, 0
179000, 17088768, 0, 0
179001, 26837663, 1, 0
179500, 15356743, 0, 0
179500, 24575903, 1, 0
180000, 15404093, 0, 0
180263, 25076882, 1, 0
180263, 301814605, 0, 0
180263, 308346803, 1, 0
