500, 5330, 1, 0
1000, 7354, 1, 0
1500, 6400, 1, 0
2000, 5798, 1, 0
2500, 6756, 1, 0
3000, 7108, 1, 0
3500, 6722, 1, 0
4000, 7422, 1, 0
4500, 6852, 1, 0
5000, 6464, 1, 0
5500, 7436, 1, 0
6000, 6628, 1, 0
6500, 4860, 1, 0
7000, 7730, 1, 0
7500, 6936, 1, 0
8000, 7094, 1, 0
8500, 7342, 1, 0
9000, 7418, 1, 0
9500, 7742, 1, 0
10000, 7636, 1, 0
10500, 7448, 1, 0
11000, 7486, 1, 0
11500, 7354, 1, 0
12000, 6466, 1, 0
12500, 6274, 1, 0
13000, 4352, 1, 0
13500, 6384, 1, 0
14000, 7670, 1, 0
14500, 7872, 1, 0
15000, 7766, 1, 0
15500, 7760, 1, 0
16000, 7802, 1, 0
16500, 6106, 1, 0
17000, 6542, 1, 0
17500, 7328, 1, 0
18000, 6750, 1, 0
18500, 7278, 1, 0
19000, 5814, 1, 0
19500, 6566, 1, 0
20000, 6910, 1, 0
20500, 6638, 1, 0
21000, 6796, 1, 0
21500, 6364, 1, 0
22000, 7034, 1, 0
22500, 7026, 1, 0
23000, 7106, 1, 0
23500, 6850, 1, 0
24000, 7272, 1, 0
24500, 6518, 1, 0
25000, 6536, 1, 0
25500, 6020, 1, 0
26000, 6790, 1, 0
26500, 6810, 1, 0
27000, 6930, 1, 0
27500, 6772, 1, 0
28000, 6992, 1, 0
28500, 7558, 1, 0
29000, 6976, 1, 0
29500, 7770, 1, 0
30000, 5820, 1, 0
30500, 5706, 1, 0
31000, 6634, 1, 0
31500, 6396, 1, 0
32000, 6966, 1, 0
32500, 7060, 1, 0
33000, 7554, 1, 0
33500, 7118, 1, 0
34000, 6734, 1, 0
34500, 6344, 1, 0
35000, 6138, 1, 0
35500, 6336, 1, 0
36000, 6284, 1, 0
36500, 5798, 1, 0
37000, 6158, 1, 0
37500, 6410, 1, 0
38000, 6668, 1, 0
38500, 6270, 1, 0
39000, 6918, 1, 0
39500, 7036, 1, 0
40000, 6224, 1, 0
40500, 7232, 1, 0
41000, 6310, 1, 0
41500, 6256, 1, 0
42000, 6402, 1, 0
42500, 7234, 1, 0
43000, 7036, 1, 0
43500, 6814, 1, 0
44000, 7448, 1, 0
44500, 7634, 1, 0
45000, 6380, 1, 0
45500, 6566, 1, 0
46000, 7090, 1, 0
46500, 6892, 1, 0
47000, 7022, 1, 0
47500, 6872, 1, 0
48000, 6714, 1, 0
48500, 6964, 1, 0
49000, 6840, 1, 0
49500, 6968, 1, 0
50000, 7198, 1, 0
50500, 7366, 1, 0
51000, 6744, 1, 0
51500, 6548, 1, 0
52000, 6434, 1, 0
52500, 6724, 1, 0
53000, 6248, 1, 0
53500, 6554, 1, 0
54000, 4384, 1, 0
54500, 5518, 1, 0
55000, 3242, 1, 0
55500, 6184, 1, 0
56000, 6304, 1, 0
56500, 6486, 1, 0
57000, 6772, 1, 0
57500, 6072, 1, 0
58000, 5918, 1, 0
58500, 5990, 1, 0
59000, 6124, 1, 0
59500, 6634, 1, 0
60000, 6724, 1, 0
60500, 6308, 1, 0
61000, 6480, 1, 0
61500, 6582, 1, 0
62000, 6902, 1, 0
62500, 7218, 1, 0
63000, 7242, 1, 0
63500, 6964, 1, 0
64000, 7188, 1, 0
64500, 6582, 1, 0
65000, 7242, 1, 0
65500, 6926, 1, 0
66000, 6650, 1, 0
66500, 6890, 1, 0
67000, 7726, 1, 0
67500, 7372, 1, 0
68000, 6590, 1, 0
68500, 6486, 1, 0
69000, 7358, 1, 0
69500, 6734, 1, 0
70000, 5792, 1, 0
70500, 5440, 1, 0
71000, 6120, 1, 0
71500, 5784, 1, 0
72000, 6472, 1, 0
72500, 6740, 1, 0
73000, 5100, 1, 0
73500, 5688, 1, 0
74000, 6092, 1, 0
74500, 6048, 1, 0
75000, 6742, 1, 0
75500, 6598, 1, 0
76000, 1818, 1, 0
76500, 6778, 1, 0
77000, 7228, 1, 0
77500, 6792, 1, 0
78000, 5930, 1, 0
78500, 6606, 1, 0
79000, 6956, 1, 0
79500, 6822, 1, 0
80000, 7400, 1, 0
80500, 7154, 1, 0
81000, 7460, 1, 0
81500, 7174, 1, 0
82000, 6556, 1, 0
82500, 6842, 1, 0
83000, 6692, 1, 0
83500, 6456, 1, 0
84000, 6714, 1, 0
84500, 6906, 1, 0
85000, 6400, 1, 0
85500, 5772, 1, 0
86000, 6010, 1, 0
86500, 6442, 1, 0
87000, 6214, 1, 0
87500, 6394, 1, 0
88000, 6150, 1, 0
88500, 5478, 1, 0
89000, 6204, 1, 0
89500, 6522, 1, 0
90000, 6682, 1, 0
90500, 6620, 1, 0
91000, 6296, 1, 0
91500, 6778, 1, 0
92000, 7128, 1, 0
92500, 7052, 1, 0
93000, 7456, 1, 0
93500, 6568, 1, 0
94000, 7182, 1, 0
94500, 6294, 1, 0
95000, 6510, 1, 0
95500, 6158, 1, 0
96000, 6516, 1, 0
96500, 6310, 1, 0
97000, 6148, 1, 0
97500, 6620, 1, 0
98000, 7046, 1, 0
98500, 6940, 1, 0
99000, 6778, 1, 0
99500, 6740, 1, 0
100000, 6688, 1, 0
100500, 6874, 1, 0
101000, 6570, 1, 0
101500, 6034, 1, 0
102000, 5946, 1, 0
102500, 5588, 1, 0
103000, 6016, 1, 0
103500, 6016, 1, 0
104000, 6808, 1, 0
104500, 6722, 1, 0
105000, 5990, 1, 0
105500, 5814, 1, 0
106000, 6612, 1, 0
106500, 6174, 1, 0
107000, 6138, 1, 0
107500, 6226, 1, 0
108000, 5280, 1, 0
108500, 6414, 1, 0
109000, 6244, 1, 0
109500, 6710, 1, 0
110000, 6626, 1, 0
110500, 6856, 1, 0
111000, 6486, 1, 0
111500, 6130, 1, 0
112000, 6584, 1, 0
112500, 6376, 1, 0
113000, 6582, 1, 0
113500, 6148, 1, 0
114000, 7114, 1, 0
114500, 6980, 1, 0
115000, 7160, 1, 0
115500, 7056, 1, 0
116000, 7000, 1, 0
116500, 6648, 1, 0
117000, 7086, 1, 0
117500, 6670, 1, 0
118000, 6056, 1, 0
118500, 6668, 1, 0
119000, 5794, 1, 0
119500, 5544, 1, 0
120000, 6054, 1, 0
120500, 6536, 1, 0
121000, 6446, 1, 0
121500, 6760, 1, 0
122000, 7166, 1, 0
122500, 7000, 1, 0
123000, 6902, 1, 0
123500, 6728, 1, 0
124000, 7534, 1, 0
124500, 6434, 1, 0
125000, 6158, 1, 0
125500, 5494, 1, 0
126000, 5826, 1, 0
126500, 5788, 1, 0
127000, 5944, 1, 0
127500, 6272, 1, 0
128000, 6396, 1, 0
128500, 5834, 1, 0
129000, 6936, 1, 0
129500, 7094, 1, 0
130000, 6952, 1, 0
130500, 6534, 1, 0
131000, 6392, 1, 0
131500, 6312, 1, 0
132000, 7072, 1, 0
132500, 6510, 1, 0
133000, 6070, 1, 0
133500, 5914, 1, 0
134000, 6542, 1, 0
134500, 6880, 1, 0
135000, 7476, 1, 0
135500, 6730, 1, 0
136000, 6510, 1, 0
136500, 6362, 1, 0
137000, 6904, 1, 0
137500, 6534, 1, 0
138000, 6674, 1, 0
138500, 6776, 1, 0
139000, 6330, 1, 0
139500, 6924, 1, 0
140000, 6520, 1, 0
140500, 6482, 1, 0
141000, 7074, 1, 0
141500, 6826, 1, 0
142000, 6800, 1, 0
142500, 6104, 1, 0
143000, 6032, 1, 0
143500, 5702, 1, 0
144000, 3016, 1, 0
144500, 2800, 1, 0
145000, 5958, 1, 0
145500, 5896, 1, 0
146000, 6674, 1, 0
146500, 6750, 1, 0
147000, 6920, 1, 0
147500, 6944, 1, 0
148000, 7136, 1, 0
148500, 6154, 1, 0
149000, 6428, 1, 0
149500, 7478, 1, 0
150000, 6882, 1, 0
150500, 6378, 1, 0
151000, 6652, 1, 0
151500, 7046, 1, 0
152000, 7216, 1, 0
152500, 6638, 1, 0
153000, 7006, 1, 0
153500, 6444, 1, 0
154000, 6602, 1, 0
154500, 6198, 1, 0
155000, 6716, 1, 0
155500, 6160, 1, 0
156000, 6570, 1, 0
156500, 6444, 1, 0
157000, 6820, 1, 0
157500, 6486, 1, 0
158000, 6844, 1, 0
158500, 6354, 1, 0
159000, 7316, 1, 0
159500, 7200, 1, 0
160000, 6616, 1, 0
160500, 5672, 1, 0
161000, 5934, 1, 0
161500, 6790, 1, 0
162000, 6790, 1, 0
162500, 6508, 1, 0
163000, 6092, 1, 0
163500, 6152, 1, 0
164000, 7034, 1, 0
164500, 6400, 1, 0
165000, 6118, 1, 0
165500, 6122, 1, 0
166000, 6152, 1, 0
166500, 6434, 1, 0
167000, 6328, 1, 0
167500, 6630, 1, 0
168000, 6218, 1, 0
168500, 5686, 1, 0
169000, 6156, 1, 0
169500, 6572, 1, 0
170000, 6110, 1, 0
170500, 6724, 1, 0
171000, 6402, 1, 0
171500, 6262, 1, 0
172000, 5082, 1, 0
172500, 6530, 1, 0
173000, 6978, 1, 0
173500, 6790, 1, 0
174000, 6800, 1, 0
174500, 7040, 1, 0
175000, 6474, 1, 0
175500, 6430, 1, 0
176000, 7054, 1, 0
176500, 6342, 1, 0
177000, 6534, 1, 0
177500, 6004, 1, 0
178000, 5748, 1, 0
178500, 5404, 1, 0
179000, 6760, 1, 0
179500, 6832, 1, 0
180000, 6362, 1, 0
