500, 2079232, 0, 0
1000, 2131456, 0, 0
1500, 2136064, 0, 0
2000, 2121728, 0, 0
2500, 2193408, 0, 0
3000, 2148352, 0, 0
3501, 2084790, 0, 0
4001, 2093988, 0, 0
4500, 2422272, 0, 0
5000, 2110464, 0, 0
5500, 2080256, 0, 0
6000, 1694720, 0, 0
6501, 1424095, 0, 0
7001, 2126179, 0, 0
7501, 1520670, 0, 0
8000, 2897408, 0, 0
8500, 2865664, 0, 0
9000, 3135488, 0, 0
9500, 3136000, 0, 0
10001, 3346395, 0, 0
10501, 3211497, 0, 0
11000, 3179520, 0, 0
11500, 2419712, 0, 0
12001, 2122602, 0, 0
12500, 2094592, 0, 0
13000, 2129920, 0, 0
13501, 2109317, 0, 0
14001, 2113916, 0, 0
14500, 2120192, 0, 0
15000, 2082304, 0, 0
15500, 2132992, 0, 0
16000, 3027968, 0, 0
16500, 3133440, 0, 0
17001, 3180838, 0, 0
17501, 3207920, 0, 0
18000, 3188224, 0, 0
18500, 3110912, 0, 0
19000, 3373568, 0, 0
19500, 3184640, 0, 0
20000, 3017728, 0, 0
20500, 2486784, 0, 0
21001, 2052087, 0, 0
21501, 2098075, 0, 0
22000, 2107904, 0, 0
22500, 2138112, 0, 0
23000, 2139136, 0, 0
23500, 2677760, 0, 0
24000, 2932736, 0, 0
24501, 2552335, 0, 0
25001, 2103696, 0, 0
25500, 2020864, 0, 0
26000, 2029056, 0, 0
26500, 2384384, 0, 0
27000, 3180544, 0, 0
27500, 3165696, 0, 0
28001, 3157333, 0, 0
28501, 3308582, 0, 0
29001, 2563065, 0, 0
29500, 2107392, 0, 0
30000, 2086912, 0, 0
30500, 2129408, 0, 0
31000, 2128896, 0, 0
31500, 2104320, 0, 0
32001, 2120047, 0, 0
32501, 2125668, 0, 0
33000, 2085888, 0, 0
33500, 2067456, 0, 0
34000, 2125824, 0, 0
34500, 2258432, 0, 0
35000, 3206144, 0, 0
35501, 3149668, 0, 0
36001, 3329021, 0, 0
36500, 2912256, 0, 0
37000, 2584576, 0, 0
37500, 2115072, 0, 0
38000, 2152960, 0, 0
38501, 2140998, 0, 0
39001, 2113916, 0, 0
39500, 1993728, 0, 0
40000, 2057728, 0, 0
40500, 2908160, 0, 0
41000, 3173888, 0, 0
41500, 3158528, 0, 0
42000, 2080768, 0, 0
42501, 2106251, 0, 0
43001, 2134866, 0, 0
43500, 2123776, 0, 0
44000, 2140160, 0, 0
44500, 2138624, 0, 0
45000, 2143232, 0, 0
45500, 2114048, 0, 0
46000, 2129408, 0, 0
46501, 2086323, 0, 0
47001, 2029604, 0, 0
47500, 2605568, 0, 0
48000, 3244544, 0, 0
48500, 2091008, 0, 0
49000, 2691584, 0, 0
49500, 3143168, 0, 0
50001, 2318818, 0, 0
50501, 2075081, 0, 0
51000, 2147328, 0, 0
51500, 2117120, 0, 0
52000, 2072576, 0, 0
52500, 2125312, 0, 0
53000, 1935360, 0, 0
53501, 2069461, 0, 0
54001, 2598834, 0, 0
54500, 1015808, 0, 0
55000, 2738688, 0, 0
55500, 2909696, 0, 0
56000, 3470336, 0, 0
56500, 2475520, 0, 0
57001, 2718403, 0, 0
57501, 3281500, 0, 0
58000, 3294208, 0, 0
58500, 2397696, 0, 0
59000, 2132480, 0, 0
59500, 2107392, 0, 0
60000, 2137600, 0, 0
60500, 2071040, 0, 0
61001, 2060263, 0, 0
61501, 2127201, 0, 0
62000, 2160640, 0, 0
62500, 2101760, 0, 0
63000, 2564096, 0, 0
63500, 3161088, 0, 0
64000, 3500032, 0, 0
64500, 2928128, 0, 0
65001, 2109828, 0, 0
65501, 2115960, 0, 0
66000, 2075648, 0, 0
66500, 2127360, 0, 0
67000, 2157568, 0, 0
67500, 2126336, 0, 0
68000, 2611712, 0, 0
68500, 3079680, 0, 0
69001, 2469556, 0, 0
69501, 2094499, 0, 0
70000, 2887168, 0, 0
70500, 2083328, 0, 0
71000, 2065920, 0, 0
71500, 2116608, 0, 0
72000, 2086400, 0, 0
72500, 2144256, 0, 0
73001, 2111361, 0, 0
73501, 2070994, 0, 0
74000, 1077760, 0, 0
74500, 1598976, 0, 0
75000, 2770944, 0, 0
75500, 2586112, 0, 0
76000, 2237440, 0, 0
76500, 2117120, 0, 0
77001, 2111361, 0, 0
77501, 2142530, 0, 0
78000, 2409472, 0, 0
78500, 3219456, 0, 0
79000, 3203072, 0, 0
79500, 3227136, 0, 0
80000, 2876416, 0, 0
80501, 2113024, 0, 0
81001, 2088878, 0, 0
81501, 2092966, 0, 0
82000, 2107392, 0, 0
82500, 2124288, 0, 0
83000, 2137600, 0, 0
83500, 2108416, 0, 0
84000, 2307584, 0, 0
84501, 3114411, 0, 0
85001, 3022946, 0, 0
85500, 2492416, 0, 0
86000, 2097152, 0, 0
86500, 2587648, 0, 0
87000, 2753024, 0, 0
87500, 2714624, 0, 0
88001, 2823664, 0, 0
88501, 2728111, 0, 0
89000, 3260416, 0, 0
89500, 3254272, 0, 0
90000, 2511360, 0, 0
90500, 2151424, 0, 0
91000, 2166784, 0, 0
91501, 2650954, 0, 0
92001, 3009660, 0, 0
92501, 3064335, 0, 0
93000, 2736640, 0, 0
93500, 2916352, 0, 0
94001, 2717892, 0, 0
94500, 2806784, 0, 0
95001, 2664750, 0, 0
95501, 2632047, 0, 0
96001, 2554890, 0, 0
96500, 2722816, 0, 0
97000, 2594816, 0, 0
97500, 2530304, 0, 0
98000, 2593792, 0, 0
98501, 2855856, 0, 0
99001, 3368367, 0, 0
99500, 3122688, 0, 0
100000, 3312640, 0, 0
100500, 3125248, 0, 0
101000, 3469312, 0, 0
101501, 3241472, 0, 0
102001, 3283033, 0, 0
102501, 3260039, 0, 0
103000, 3428352, 0, 0
103500, 3272704, 0, 0
104000, 3371008, 0, 0
104500, 3309568, 0, 0
105001, 3375520, 0, 0
105501, 3299385, 0, 0
106000, 3251712, 0, 0
106500, 3388416, 0, 0
107000, 3342336, 0, 0
107500, 3268608, 0, 0
108000, 3224064, 0, 0
108501, 3276391, 0, 0
109001, 3421508, 0, 0
109500, 2655744, 0, 0
110000, 3301376, 0, 0
110500, 2968064, 0, 0
111000, 2566144, 0, 0
111500, 2600448, 0, 0
112001, 2475177, 0, 0
112501, 2663728, 0, 0
113000, 2650624, 0, 0
113500, 2632192, 0, 0
114000, 2473472, 0, 0
114500, 2648576, 0, 0
115001, 3130762, 0, 0
115501, 3040830, 0, 0
116000, 2983424, 0, 0
116500, 3183616, 0, 0
117000, 3173888, 0, 0
117500, 3195904, 0, 0
118001, 3155289, 0, 0
118501, 3168574, 0, 0
119000, 3198976, 0, 0
119500, 3272192, 0, 0
120000, 3192832, 0, 0
120500, 3238400, 0, 0
121000, 3362816, 0, 0
121501, 3263105, 0, 0
122001, 3143536, 0, 0
122500, 3182080, 0, 0
123000, 3272704, 0, 0
123500, 3192832, 0, 0
124000, 3179520, 0, 0
124501, 3265149, 0, 0
125001, 3493045, 0, 0
125501, 3456255, 0, 0
126000, 3051008, 0, 0
126500, 3127808, 0, 0
127000, 3193344, 0, 0
127500, 3311104, 0, 0
128000, 3325952, 0, 0
128501, 3210475, 0, 0
129001, 3223760, 0, 0
129500, 3283456, 0, 0
130000, 3485696, 0, 0
130500, 3388928, 0, 0
131000, 3313152, 0, 0
131501, 3109301, 0, 0
132001, 2673437, 0, 0
132501, 2585548, 0, 0
133000, 2551296, 0, 0
133500, 2584576, 0, 0
134000, 1869312, 0, 0
134500, 1940480, 0, 0
135000, 2325504, 0, 0
135501, 2253824, 0, 0
136001, 2648910, 0, 0
136501, 3264127, 0, 0
137000, 3254784, 0, 0
137500, 3243008, 0, 0
138000, 3377152, 0, 0
138500, 3321856, 0, 0
139000, 3362816, 0, 0
139501, 3293764, 0, 0
140001, 3336686, 0, 0
140501, 3166530, 0, 0
141000, 3088896, 0, 0
141500, 3151872, 0, 0
142000, 3159552, 0, 0
142500, 3457536, 0, 0
143000, 3550720, 0, 0
143501, 1143568, 0, 0
144001, 3291720, 0, 0
144500, 3208192, 0, 0
145000, 3203072, 0, 0
145500, 3175424, 0, 0
146000, 3251712, 0, 0
146500, 3357696, 0, 0
147000, 3284992, 0, 0
147501, 3241133, 0, 0
148001, 3270259, 0, 0
148500, 3259392, 0, 0
149000, 3241472, 0, 0
149500, 3235840, 0, 0
150000, 3474944, 0, 0
150501, 3206898, 0, 0
151001, 3128207, 0, 0
151501, 3180327, 0, 0
152000, 3149312, 0, 0
152500, 3299328, 0, 0
153000, 3238912, 0, 0
153501, 3209964, 0, 0
154001, 2800670, 0, 0
154501, 2569708, 0, 0
155000, 2737664, 0, 0
155500, 2409984, 0, 0
156000, 1882112, 0, 0
156500, 1892864, 0, 0
157000, 1917440, 0, 0
157501, 2151728, 0, 0
158001, 2254946, 0, 0
158500, 2318336, 0, 0
159000, 2244096, 0, 0
159500, 2827264, 0, 0
160000, 3336192, 0, 0
160500, 3417088, 0, 0
161001, 3501732, 0, 0
161501, 3660135, 0, 0
162000, 3234816, 0, 0
162500, 2940928, 0, 0
163000, 2078208, 0, 0
163500, 2613248, 0, 0
164000, 2465792, 0, 0
164500, 3159552, 0, 0
165001, 2828263, 0, 0
165501, 3116966, 0, 0
166000, 3169280, 0, 0
166500, 3352576, 0, 0
167000, 3260416, 0, 0
167500, 3334656, 0, 0
168000, 3238912, 0, 0
168501, 3218650, 0, 0
169001, 3328000, 0, 0
169500, 3095552, 0, 0
170000, 2564096, 0, 0
170500, 2620928, 0, 0
171000, 2491392, 0, 0
171500, 3136000, 0, 0
172000, 2720256, 0, 0
172501, 2898778, 0, 0
173001, 2582483, 0, 0
173500, 2519552, 0, 0
174000, 2660864, 0, 0
174500, 2642432, 0, 0
175000, 2167808, 0, 0
175500, 1875968, 0, 0
176001, 2185453, 0, 0
176501, 2196694, 0, 0
177000, 2479616, 0, 0
177500, 3189248, 0, 0
178000, 3209728, 0, 0
178500, 3145728, 0, 0
179001, 3271792, 0, 0
179501, 3553852, 0, 0
180000, 3003392, 0, 0
