500, 284421966, 1, 0
1004, 319768438, 1, 0
1791, 178023554, 1, 0
2027, 466194512, 1, 0
2530, 346399669, 1, 0
3001, 149810148, 1, 0
3504, 175028800, 1, 0
4004, 154374880, 1, 0
4500, 178911588, 1, 0
5006, 120299878, 1, 0
5528, 150608272, 1, 0
6002, 131370979, 1, 0
6529, 266154964, 1, 0
7000, 172787090, 1, 0
7512, 153154772, 1, 0
8002, 289232736, 1, 0
8533, 229232250, 1, 0
9016, 169742289, 1, 0
9511, 194908465, 1, 0
10023, 231682562, 1, 0
10503, 172580264, 1, 0
11000, 256742633, 1, 0
11504, 203487358, 1, 0
12011, 208913874, 1, 0
12511, 143337280, 1, 0
13006, 150493684, 1, 0
13504, 215650545, 1, 0
14001, 159678814, 1, 0
14501, 147427648, 1, 0
15009, 192207082, 1, 0
15531, 249747018, 1, 0
16032, 176381479, 1, 0
16500, 206321767, 1, 0
17000, 153866302, 1, 0
17504, 178089934, 1, 0
18001, 143298520, 1, 0
18500, 156764241, 1, 0
19000, 182526893, 1, 0
19513, 163964271, 1, 0
20006, 177768614, 1, 0
20500, 129941571, 1, 0
21005, 171708514, 1, 0
21532, 199057193, 1, 0
22004, 168976337, 1, 0
22516, 172441648, 1, 0
23024, 157693889, 1, 0
23500, 203821243, 1, 0
24140, 194835283, 1, 0
24500, 411768767, 1, 0
25001, 146312431, 1, 0
25508, 253834506, 1, 0
26000, 204187594, 1, 0
26504, 201897051, 1, 0
27002, 201160755, 1, 0
27502, 294454905, 1, 0
28041, 474498925, 1, 0
28506, 570514092, 1, 0
29000, 189812553, 1, 0
29518, 276495447, 1, 0
30004, 158831527, 1, 0
30511, 203860419, 1, 0
31003, 178590526, 1, 0
31513, 177039614, 1, 0
32005, 200009800, 1, 0
32504, 173583271, 1, 0
33006, 173287726, 1, 0
33507, 176612685, 1, 0
34005, 178124517, 1, 0
34500, 157354595, 1, 0
35035, 316642510, 1, 0
35505, 392877697, 1, 0
36000, 210425872, 1, 0
36507, 237830530, 1, 0
37001, 195157703, 1, 0
37510, 200595802, 1, 0
38013, 210686059, 1, 0
38500, 157081849, 1, 0
39002, 140363588, 1, 0
39501, 171231397, 1, 0
40006, 201600025, 1, 0
40501, 181127202, 1, 0
41013, 129437899, 1, 0
41510, 226182689, 1, 0
42001, 241872392, 1, 0
42512, 227116025, 1, 0
43000, 200648952, 1, 0
43519, 204635587, 1, 0
44003, 182166528, 1, 0
44515, 152866214, 1, 0
45002, 199873415, 1, 0
45517, 193615349, 1, 0
46011, 152643315, 1, 0
46508, 160492037, 1, 0
47007, 162235925, 1, 0
47500, 206155827, 1, 0
48000, 200156842, 1, 0
48505, 154519852, 1, 0
49007, 158438202, 1, 0
49500, 137333897, 1, 0
50003, 177759512, 1, 0
50508, 155601631, 1, 0
51006, 142076742, 1, 0
51500, 142050610, 1, 0
52014, 146366528, 1, 0
52511, 146754968, 1, 0
53001, 177149844, 1, 0
53501, 161841492, 1, 0
54000, 188287213, 1, 0
54500, 182835872, 1, 0
55013, 149969695, 1, 0
55512, 223542736, 1, 0
56000, 143861695, 1, 0
56502, 169387204, 1, 0
57004, 143034683, 1, 0
57508, 141965689, 1, 0
58016, 180426399, 1, 0
58502, 319471084, 1, 0
59012, 210017405, 1, 0
59500, 172125299, 1, 0
60004, 132787624, 1, 0
60514, 129105336, 1, 0
61004, 186122387, 1, 0
61504, 172508653, 1, 0
62003, 196378460, 1, 0
62504, 196854517, 1, 0
63013, 172157527, 1, 0
63504, 175174973, 1, 0
64002, 170405142, 1, 0
64501, 178298871, 1, 0
65000, 165115374, 1, 0
65506, 245236783, 1, 0
66012, 223193260, 1, 0
66513, 198693906, 1, 0
67001, 154710625, 1, 0
67502, 147554806, 1, 0
68013, 222150615, 1, 0
68504, 140910950, 1, 0
69010, 154255935, 1, 0
69500, 203536168, 1, 0
70007, 158165209, 1, 0
70696, 136416684, 1, 0
71012, 336847521, 1, 0
71501, 264915494, 1, 0
72002, 388362154, 1, 0
72501, 321878159, 1, 0
73003, 153302473, 1, 0
73513, 217899270, 1, 0
74023, 276457603, 1, 0
74500, 351962326, 1, 0
75007, 269369982, 1, 0
75504, 149000667, 1, 0
76006, 267063063, 1, 0
76522, 182405335, 1, 0
77022, 204718591, 1, 0
77511, 200775095, 1, 0
78000, 228536941, 1, 0
78502, 244493887, 1, 0
79029, 192769347, 1, 0
79504, 145181866, 1, 0
80013, 270374485, 1, 0
80500, 158451287, 1, 0
81011, 197844788, 1, 0
81514, 178544263, 1, 0
82000, 156193666, 1, 0
82503, 193861805, 1, 0
83035, 214551678, 1, 0
83506, 165076120, 1, 0
84000, 220778415, 1, 0
84502, 149783238, 1, 0
85016, 148881428, 1, 0
85507, 159234282, 1, 0
86008, 166041028, 1, 0
86500, 129747702, 1, 0
87009, 259690462, 1, 0
87500, 178588332, 1, 0
88006, 208230974, 1, 0
88501, 148378079, 1, 0
89004, 140256523, 1, 0
89501, 209263941, 1, 0
90024, 247498940, 1, 0
90503, 187196269, 1, 0
91020, 139400206, 1, 0
91533, 291599228, 1, 0
92002, 192541428, 1, 0
92501, 124076942, 1, 0
93037, 184244446, 1, 0
93521, 298582734, 1, 0
94003, 503005113, 1, 0
94502, 206216878, 1, 0
95003, 234341229, 1, 0
95512, 252572894, 1, 0
96000, 219822141, 1, 0
96501, 167780923, 1, 0
97005, 178971267, 1, 0
97528, 159383531, 1, 0
98003, 164792247, 1, 0
98501, 212044933, 1, 0
99003, 164801974, 1, 0
99507, 194040803, 1, 0
100002, 192674603, 1, 0
100500, 189425616, 1, 0
101012, 145144400, 1, 0
101500, 240308636, 1, 0
102016, 169971461, 1, 0
102505, 229890824, 1, 0
103000, 211879541, 1, 0
103561, 169602207, 1, 0
104003, 181221437, 1, 0
104501, 151816237, 1, 0
105000, 129955818, 1, 0
105505, 183415615, 1, 0
106009, 166645400, 1, 0
106503, 158701804, 1, 0
107010, 163134613, 1, 0
107504, 210225342, 1, 0
108005, 133895152, 1, 0
108503, 155447557, 1, 0
109008, 190786881, 1, 0
109501, 212548302, 1, 0
110008, 158707019, 1, 0
110502, 210465570, 1, 0
111001, 183427236, 1, 0
111504, 169808406, 1, 0
112002, 213751413, 1, 0
112500, 220569713, 1, 0
113006, 175219378, 1, 0
113506, 154568804, 1, 0
114002, 184031484, 1, 0
114501, 169135157, 1, 0
115018, 140723944, 1, 0
115507, 274637434, 1, 0
116005, 188638738, 1, 0
116513, 225432507, 1, 0
117000, 206924358, 1, 0
117504, 175064762, 1, 0
118016, 140416084, 1, 0
118512, 165166517, 1, 0
119013, 173507758, 1, 0
119500, 120968826, 1, 0
120005, 223124572, 1, 0
120514, 188010727, 1, 0
121013, 185753890, 1, 0
121502, 181241079, 1, 0
122000, 208609928, 1, 0
122505, 197363881, 1, 0
123000, 153874596, 1, 0
123501, 172355328, 1, 0
124014, 127325849, 1, 0
124529, 158294279, 1, 0
125041, 141585391, 1, 0
125509, 204512490, 1, 0
126005, 197520873, 1, 0
126500, 160953898, 1, 0
127002, 184224707, 1, 0
127504, 169110855, 1, 0
128002, 140415365, 1, 0
128505, 202076671, 1, 0
129005, 131233743, 1, 0
129503, 273612509, 1, 0
130000, 239826246, 1, 0
130514, 180454446, 1, 0
131013, 159501827, 1, 0
131508, 211600389, 1, 0
132003, 194903083, 1, 0
132509, 167770068, 1, 0
133000, 164454220, 1, 0
133501, 169307004, 1, 0
134011, 127168135, 1, 0
134501, 151950182, 1, 0
135001, 178481659, 1, 0
135504, 156079639, 1, 0
136001, 197821227, 1, 0
136508, 178340254, 1, 0
137011, 138780115, 1, 0
137517, 173369033, 1, 0
138001, 117706173, 1, 0
138504, 154126840, 1, 0
139008, 127999279, 1, 0
139513, 162945897, 1, 0
140000, 181785352, 1, 0
140502, 141030035, 1, 0
141002, 212892481, 1, 0
141513, 180066109, 1, 0
142171, 188092134, 1, 0
142501, 220220517, 1, 0
143003, 172277440, 1, 0
143500, 214341183, 1, 0
144022, 163058868, 1, 0
144505, 212106687, 1, 0
145010, 157783667, 1, 0
145500, 158364677, 1, 0
146002, 158156513, 1, 0
146509, 140670865, 1, 0
147006, 137721147, 1, 0
147508, 192233970, 1, 0
148011, 158580615, 1, 0
148513, 166150276, 1, 0
149019, 218845487, 1, 0
149513, 189965807, 1, 0
150001, 189210241, 1, 0
150510, 203842039, 1, 0
151007, 148506263, 1, 0
151501, 178538232, 1, 0
152015, 117093997, 1, 0
152501, 191444570, 1, 0
153007, 156980874, 1, 0
153510, 158467910, 1, 0
154008, 142136799, 1, 0
154501, 204440024, 1, 0
155007, 186795042, 1, 0
155501, 234539798, 1, 0
156007, 195648934, 1, 0
156503, 165432110, 1, 0
157000, 203806340, 1, 0
157503, 181724449, 1, 0
158002, 151004443, 1, 0
158505, 168579380, 1, 0
159010, 187350740, 1, 0
159500, 196696269, 1, 0
160010, 216748847, 1, 0
160507, 179875597, 1, 0
161002, 131272913, 1, 0
161505, 152181785, 1, 0
162003, 174513735, 1, 0
162553, 143582189, 1, 0
163001, 269336886, 1, 0
163512, 188463966, 1, 0
164004, 203593961, 1, 0
164500, 230711598, 1, 0
165001, 166649309, 1, 0
165510, 205748012, 1, 0
166003, 137944004, 1, 0
166501, 201005057, 1, 0
167000, 170004249, 1, 0
167501, 159919383, 1, 0
168010, 145111904, 1, 0
168507, 158683477, 1, 0
169000, 231587523, 1, 0
169501, 178169879, 1, 0
170008, 137865391, 1, 0
170504, 143794192, 1, 0
171022, 143925155, 1, 0
171500, 208119183, 1, 0
172023, 184271327, 1, 0
172502, 144298393, 1, 0
173006, 149996895, 1, 0
173529, 176597141, 1, 0
174002, 225282155, 1, 0
174502, 178604929, 1, 0
175014, 175427822, 1, 0
175505, 246671987, 1, 0
176010, 195493803, 1, 0
176502, 170598839, 1, 0
177014, 150840558, 1, 0
177501, 150466912, 1, 0
178007, 266964000, 1, 0
178534, 161358296, 1, 0
179004, 172395279, 1, 0
179502, 172821974, 1, 0
180041, 129862114, 1, 0
181984, 2444556508, 1, 0
181984, 2445732669, 1, 0
181984, 2135773114, 1, 0
181984, 2187398670, 1, 0
