501, 12486, 0, 0
1000, 11569, 0, 0
1500, 13764, 0, 0
2000, 13084, 0, 0
2500, 13555, 0, 0
3001, 12021, 0, 0
3500, 11930, 0, 0
4000, 11320, 0, 0
4501, 11894, 0, 0
5000, 13457, 0, 0
5500, 13045, 0, 0
6000, 15624, 0, 0
6501, 12714, 0, 0
7000, 12121, 0, 0
7500, 14198, 0, 0
8000, 12499, 0, 0
8500, 13162, 0, 0
9000, 15951, 0, 0
9500, 18708, 0, 0
10000, 17559, 0, 0
10503, 15787, 0, 0
11000, 13424, 0, 0
11502, 13029, 0, 0
12000, 13098, 0, 0
12502, 12854, 0, 0
13000, 12876, 0, 0
13500, 11622, 0, 0
14000, 12794, 0, 0
14500, 11643, 0, 0
15000, 11319, 0, 0
15505, 14289, 0, 0
16000, 12384, 0, 0
16500, 14060, 0, 0
17000, 13533, 0, 0
17500, 13938, 0, 0
18000, 12488, 0, 0
18500, 12747, 0, 0
19000, 12872, 0, 0
19501, 12034, 0, 0
20002, 13318, 0, 0
20501, 14460, 0, 0
21000, 15966, 0, 0
21500, 14415, 0, 0
22001, 12943, 0, 0
22500, 13639, 0, 0
23001, 12932, 0, 0
23500, 12968, 0, 0
24001, 15243, 0, 0
24500, 15730, 0, 0
25000, 16023, 0, 0
25500, 13420, 0, 0
26000, 13783, 0, 0
26501, 13016, 0, 0
27000, 12377, 0, 0
27500, 12367, 0, 0
28000, 12845, 0, 0
28500, 13364, 0, 0
29001, 15848, 0, 0
29500, 13897, 0, 0
30000, 13609, 0, 0
30500, 14471, 0, 0
31000, 15991, 0, 0
31500, 12875, 0, 0
32001, 11839, 0, 0
32500, 12243, 0, 0
33000, 13727, 0, 0
33500, 14659, 0, 0
34001, 15722, 0, 0
34500, 14560, 0, 0
35000, 15174, 0, 0
35500, 17235, 0, 0
36002, 12901, 0, 0
36500, 13128, 0, 0
37000, 12154, 0, 0
37500, 12152, 0, 0
38000, 12300, 0, 0
38500, 12010, 0, 0
39000, 12139, 0, 0
39500, 13150, 0, 0
40000, 11387, 0, 0
40500, 12209, 0, 0
41000, 11929, 0, 0
41500, 11053, 0, 0
42000, 12337, 0, 0
42500, 13105, 0, 0
43000, 13624, 0, 0
43500, 14016, 0, 0
44001, 12371, 0, 0
44500, 12451, 0, 0
45000, 14500, 0, 0
45500, 13282, 0, 0
46000, 12617, 0, 0
46500, 13904, 0, 0
47000, 13566, 0, 0
47500, 15509, 0, 0
48001, 12735, 0, 0
48501, 13606, 0, 0
49001, 11742, 0, 0
49500, 11369, 0, 0
50000, 12864, 0, 0
50500, 13039, 0, 0
51000, 13015, 0, 0
51501, 11865, 0, 0
52001, 11724, 0, 0
52500, 11165, 0, 0
53001, 14460, 0, 0
53500, 12496, 0, 0
54000, 11997, 0, 0
54501, 13786, 0, 0
55000, 12587, 0, 0
55501, 12978, 0, 0
56000, 11946, 0, 0
56501, 12119, 0, 0
57000, 12564, 0, 0
57500, 13357, 0, 0
58001, 12777, 0, 0
58500, 12263, 0, 0
59001, 12520, 0, 0
59500, 14404, 0, 0
60000, 14896, 0, 0
60500, 13811, 0, 0
61000, 15169, 0, 0
61501, 11135, 0, 0
62000, 12648, 0, 0
62501, 12382, 0, 0
63000, 12232, 0, 0
63501, 12186, 0, 0
64000, 12674, 0, 0
64501, 12356, 0, 0
65000, 11326, 0, 0
65502, 11958, 0, 0
66000, 11517, 0, 0
66500, 12252, 0, 0
67000, 12155, 0, 0
67500, 12811, 0, 0
68000, 13255, 0, 0
68503, 13206, 0, 0
69000, 11897, 0, 0
69500, 11607, 0, 0
70001, 12489, 0, 0
70501, 12295, 0, 0
71000, 12464, 0, 0
71500, 12279, 0, 0
72001, 11691, 0, 0
72500, 11937, 0, 0
73000, 11376, 0, 0
73501, 12467, 0, 0
74001, 12230, 0, 0
74500, 12341, 0, 0
75001, 12429, 0, 0
75501, 17146, 0, 0
76000, 16888, 0, 0
76500, 13863, 0, 0
77000, 14661, 0, 0
77500, 13162, 0, 0
78001, 13107, 0, 0
78500, 13101, 0, 0
79000, 12925, 0, 0
79500, 12584, 0, 0
80000, 13370, 0, 0
80501, 13704, 0, 0
81000, 15193, 0, 0
81500, 11351, 0, 0
82000, 10909, 0, 0
82500, 10791, 0, 0
83000, 11255, 0, 0
83506, 12239, 0, 0
84001, 12841, 0, 0
84503, 12063, 0, 0
85001, 11761, 0, 0
85500, 12848, 0, 0
86000, 12875, 0, 0
86500, 12625, 0, 0
87000, 12524, 0, 0
87501, 11982, 0, 0
88000, 13977, 0, 0
88505, 14860, 0, 0
89000, 12653, 0, 0
89501, 11115, 0, 0
90000, 11692, 0, 0
90500, 12127, 0, 0
91000, 12324, 0, 0
91502, 12781, 0, 0
92000, 11540, 0, 0
92502, 11272, 0, 0
93000, 11413, 0, 0
93500, 11848, 0, 0
94002, 12365, 0, 0
94500, 15461, 0, 0
95000, 18650, 0, 0
95500, 16104, 0, 0
96001, 14954, 0, 0
96500, 18913, 0, 0
97000, 16893, 0, 0
97500, 13870, 0, 0
98000, 13551, 0, 0
98501, 17214, 0, 0
99001, 13623, 0, 0
99513, 11758, 0, 0
100000, 11823, 0, 0
100501, 12152, 0, 0
101001, 11816, 0, 0
101500, 11721, 0, 0
102000, 12271, 0, 0
102500, 12092, 0, 0
103000, 14201, 0, 0
103500, 16021, 0, 0
104000, 12133, 0, 0
104500, 12513, 0, 0
105000, 12660, 0, 0
105500, 16101, 0, 0
106002, 15170, 0, 0
106500, 15968, 0, 0
107000, 13052, 0, 0
107501, 16230, 0, 0
108001, 14777, 0, 0
108500, 12149, 0, 0
109000, 12072, 0, 0
109502, 11644, 0, 0
110000, 11896, 0, 0
110500, 14235, 0, 0
111000, 13115, 0, 0
111500, 12919, 0, 0
112000, 12816, 0, 0
112501, 12164, 0, 0
113000, 11793, 0, 0
113500, 11126, 0, 0
114000, 11547, 0, 0
114500, 11563, 0, 0
115002, 11270, 0, 0
115500, 11552, 0, 0
116000, 11457, 0, 0
116500, 11361, 0, 0
117000, 11390, 0, 0
117500, 13464, 0, 0
118000, 12077, 0, 0
118502, 13983, 0, 0
119000, 16209, 0, 0
119501, 11817, 0, 0
120000, 11455, 0, 0
120502, 11983, 0, 0
121000, 11632, 0, 0
121500, 12884, 0, 0
122000, 13080, 0, 0
122500, 12418, 0, 0
123000, 12446, 0, 0
123502, 14229, 0, 0
124000, 13077, 0, 0
124500, 11986, 0, 0
125001, 12957, 0, 0
125500, 12282, 0, 0
126000, 12571, 0, 0
126502, 13747, 0, 0
127001, 13141, 0, 0
127500, 12681, 0, 0
128000, 12036, 0, 0
128500, 13572, 0, 0
129000, 12171, 0, 0
129501, 12101, 0, 0
130000, 13721, 0, 0
130500, 11925, 0, 0
131000, 11746, 0, 0
131500, 12540, 0, 0
132000, 12653, 0, 0
132501, 14508, 0, 0
133000, 12802, 0, 0
133500, 16506, 0, 0
134002, 12399, 0, 0
134503, 15210, 0, 0
135000, 15263, 0, 0
135500, 13804, 0, 0
136000, 13881, 0, 0
136501, 13129, 0, 0
137005, 13046, 0, 0
137502, 12983, 0, 0
138000, 19477, 0, 0
138500, 19493, 0, 0
139000, 17284, 0, 0
139500, 12416, 0, 0
140000, 13260, 0, 0
140500, 12850, 0, 0
141000, 12396, 0, 0
141500, 13269, 0, 0
142000, 12963, 0, 0
142500, 11836, 0, 0
143000, 11387, 0, 0
143500, 12622, 0, 0
144000, 14220, 0, 0
144500, 14180, 0, 0
145001, 13454, 0, 0
145500, 13643, 0, 0
146001, 14215, 0, 0
146502, 14147, 0, 0
147000, 13046, 0, 0
147501, 12941, 0, 0
148001, 12741, 0, 0
148502, 13759, 0, 0
149000, 13790, 0, 0
149501, 13202, 0, 0
150000, 12719, 0, 0
150500, 14671, 0, 0
151000, 13610, 0, 0
151500, 13888, 0, 0
152000, 13887, 0, 0
152500, 13355, 0, 0
153000, 11149, 0, 0
153500, 15905, 0, 0
154002, 15934, 0, 0
154500, 16588, 0, 0
155001, 16262, 0, 0
155500, 16029, 0, 0
156000, 12776, 0, 0
156502, 12451, 0, 0
157000, 11039, 0, 0
157500, 12106, 0, 0
158000, 11204, 0, 0
158500, 11630, 0, 0
159000, 11997, 0, 0
159501, 11494, 0, 0
160000, 10394, 0, 0
160500, 14590, 0, 0
161000, 13946, 0, 0
161500, 11829, 0, 0
162000, 12969, 0, 0
162500, 12126, 0, 0
163000, 12705, 0, 0
163500, 12408, 0, 0
164000, 12947, 0, 0
164500, 12809, 0, 0
165000, 12668, 0, 0
165501, 13411, 0, 0
166000, 14679, 0, 0
166501, 19366, 0, 0
167000, 16844, 0, 0
167500, 18284, 0, 0
168001, 17151, 0, 0
168500, 10074, 0, 0
169002, 12701, 0, 0
169501, 11937, 0, 0
170001, 13267, 0, 0
170501, 14475, 0, 0
171001, 12019, 0, 0
171500, 11985, 0, 0
172001, 14153, 0, 0
172501, 14861, 0, 0
173000, 12080, 0, 0
173500, 12387, 0, 0
174000, 11227, 0, 0
174500, 12055, 0, 0
175000, 12578, 0, 0
175500, 11348, 0, 0
176000, 11393, 0, 0
176500, 12207, 0, 0
177001, 11773, 0, 0
177501, 11432, 0, 0
178000, 11104, 0, 0
178500, 9837, 0, 0
179000, 10398, 0, 0
179500, 12028, 0, 0
180779, 12679, 0, 0
