501, 26536387, 0, 0
1000, 29272718, 0, 0
1500, 26143560, 0, 0
2000, 35621007, 0, 0
2500, 26118534, 0, 0
3001, 26409076, 0, 0
3500, 35437517, 0, 0
4000, 35549833, 0, 0
4501, 35776135, 0, 0
5000, 41403999, 0, 0
5500, 37884199, 0, 0
6000, 54423690, 0, 0
6501, 41592734, 0, 0
7000, 47557438, 0, 0
7500, 28883886, 0, 0
8000, 22842291, 0, 0
8500, 30709581, 0, 0
9000, 38769173, 0, 0
9500, 32641643, 0, 0
10000, 30021832, 0, 0
10503, 24892713, 0, 0
11000, 44862283, 0, 0
11502, 35723075, 0, 0
12000, 33701374, 0, 0
12502, 26068732, 0, 0
13000, 43090856, 0, 0
13500, 31430822, 0, 0
14000, 34730092, 0, 0
14500, 41781663, 0, 0
15000, 42685861, 0, 0
15505, 47494898, 0, 0
16000, 52892278, 0, 0
16500, 37354610, 0, 0
17000, 51215252, 0, 0
17500, 40614312, 0, 0
18001, 31547139, 0, 0
18500, 53525910, 0, 0
19000, 42632745, 0, 0
19501, 38543856, 0, 0
20001, 45191807, 0, 0
20501, 54155002, 0, 0
21000, 36369742, 0, 0
21500, 66775481, 0, 0
22001, 33670371, 0, 0
22500, 30491000, 0, 0
23001, 44280032, 0, 0
23500, 52127781, 0, 0
24001, 49819384, 0, 0
24500, 35047249, 0, 0
25000, 50331881, 0, 0
25500, 27217531, 0, 0
26000, 37097082, 0, 0
26501, 24950709, 0, 0
27000, 31912437, 0, 0
27500, 26769796, 0, 0
28000, 34823355, 0, 0
28500, 27382621, 0, 0
29001, 43119475, 0, 0
29500, 36772235, 0, 0
30000, 39105906, 0, 0
30500, 37867430, 0, 0
31000, 33708834, 0, 0
31500, 40891424, 0, 0
32001, 36775777, 0, 0
32500, 26749836, 0, 0
33000, 47093746, 0, 0
33500, 35171849, 0, 0
34001, 38928847, 0, 0
34500, 47371039, 0, 0
35000, 30692201, 0, 0
35500, 38352089, 0, 0
36002, 44689543, 0, 0
36500, 57689820, 0, 0
37000, 33119908, 0, 0
37500, 42368463, 0, 0
38000, 46273271, 0, 0
38500, 34990794, 0, 0
39000, 35671839, 0, 0
39500, 32614870, 0, 0
40000, 29555577, 0, 0
40500, 42138190, 0, 0
41000, 34216622, 0, 0
41500, 29478336, 0, 0
42000, 34339155, 0, 0
42500, 38647691, 0, 0
43000, 52159926, 0, 0
43500, 32819161, 0, 0
44001, 24510051, 0, 0
44500, 35908031, 0, 0
45000, 40942954, 0, 0
45500, 33246255, 0, 0
46000, 37800066, 0, 0
46500, 55508715, 0, 0
47000, 38326582, 0, 0
47500, 23576534, 0, 0
48001, 48999542, 0, 0
48501, 51235778, 0, 0
49001, 38560066, 0, 0
49500, 25010721, 0, 0
50000, 37364766, 0, 0
50500, 35028702, 0, 0
51000, 37239763, 0, 0
51501, 28378685, 0, 0
52000, 41364901, 0, 0
52500, 30749298, 0, 0
53001, 40259834, 0, 0
53500, 33131833, 0, 0
54000, 38570124, 0, 0
54501, 22757936, 0, 0
55000, 36723630, 0, 0
55501, 43207394, 0, 0
56000, 42319916, 0, 0
56501, 42990488, 0, 0
57000, 35904535, 0, 0
57500, 38382003, 0, 0
58001, 45543177, 0, 0
58500, 38443907, 0, 0
59001, 29342391, 0, 0
59500, 38673894, 0, 0
60000, 26550707, 0, 0
60500, 41289135, 0, 0
61000, 42808032, 0, 0
61501, 39969785, 0, 0
62000, 34982502, 0, 0
62501, 39308843, 0, 0
63000, 54004570, 0, 0
63501, 33856563, 0, 0
64000, 30707026, 0, 0
64501, 33287943, 0, 0
65000, 30062252, 0, 0
65502, 36114372, 0, 0
66000, 35791565, 0, 0
66500, 29193359, 0, 0
67000, 31995382, 0, 0
67500, 38020076, 0, 0
68000, 31919750, 0, 0
68503, 25024540, 0, 0
69000, 33528092, 0, 0
69500, 39734950, 0, 0
70001, 36251393, 0, 0
70501, 41048517, 0, 0
71000, 31206839, 0, 0
71500, 37371005, 0, 0
72001, 51724379, 0, 0
72500, 43529398, 0, 0
73000, 50239714, 0, 0
73501, 31613544, 0, 0
74001, 42420510, 0, 0
74500, 27467332, 0, 0
75001, 43479295, 0, 0
75501, 38601110, 0, 0
76000, 34913858, 0, 0
76500, 29786718, 0, 0
77000, 32038627, 0, 0
77500, 33123084, 0, 0
78001, 33018656, 0, 0
78500, 32067089, 0, 0
79000, 34548620, 0, 0
79500, 37169413, 0, 0
80000, 42567308, 0, 0
80501, 39042621, 0, 0
81000, 74307961, 0, 0
81500, 27150552, 0, 0
82000, 28196257, 0, 0
82500, 23753143, 0, 0
83000, 35939620, 0, 0
83506, 28614673, 0, 0
84001, 35012364, 0, 0
84503, 45559354, 0, 0
85001, 37525089, 0, 0
85500, 43315681, 0, 0
86000, 32626834, 0, 0
86500, 35475503, 0, 0
87000, 37026211, 0, 0
87501, 36017517, 0, 0
88000, 31248841, 0, 0
88505, 21798934, 0, 0
89000, 82609286, 0, 0
89501, 30102746, 0, 0
90000, 39637872, 0, 0
90500, 30148935, 0, 0
91000, 41078917, 0, 0
91502, 51315085, 0, 0
92000, 44809512, 0, 0
92502, 30046797, 0, 0
93000, 31462100, 0, 0
93500, 26345794, 0, 0
94002, 34642995, 0, 0
94500, 26994987, 0, 0
95000, 44131649, 0, 0
95500, 32132979, 0, 0
96001, 35675231, 0, 0
96500, 43006590, 0, 0
97000, 40267261, 0, 0
97500, 38403162, 0, 0
98000, 32471460, 0, 0
98501, 25791828, 0, 0
99001, 30873243, 0, 0
99513, 35333835, 0, 0
100000, 37132564, 0, 0
100501, 44851552, 0, 0
101001, 41683101, 0, 0
101500, 47900764, 0, 0
102000, 35413447, 0, 0
102500, 42347614, 0, 0
103000, 37946282, 0, 0
103500, 34368135, 0, 0
104000, 31233424, 0, 0
104500, 38957561, 0, 0
105000, 44594496, 0, 0
105500, 38551705, 0, 0
106002, 32273766, 0, 0
106500, 35022442, 0, 0
107000, 41026439, 0, 0
107501, 32043975, 0, 0
108001, 36431470, 0, 0
108500, 57459137, 0, 0
109000, 40682108, 0, 0
109502, 34448353, 0, 0
110000, 30221764, 0, 0
110500, 36890279, 0, 0
111000, 27988705, 0, 0
111500, 28429292, 0, 0
112000, 48206739, 0, 0
112500, 33361847, 0, 0
113000, 36089743, 0, 0
113500, 37596557, 0, 0
114000, 43919814, 0, 0
114500, 31834348, 0, 0
115002, 25819223, 0, 0
115500, 27822518, 0, 0
116000, 33353447, 0, 0
116500, 28631062, 0, 0
117000, 28370647, 0, 0
117500, 46717579, 0, 0
118000, 53924347, 0, 0
118502, 31566029, 0, 0
119000, 29261336, 0, 0
119501, 29273853, 0, 0
120000, 36408721, 0, 0
120502, 42137422, 0, 0
121000, 31898852, 0, 0
121500, 41943512, 0, 0
122000, 44035558, 0, 0
122500, 40730449, 0, 0
123000, 26948222, 0, 0
123502, 26419064, 0, 0
124000, 39681677, 0, 0
124500, 25546046, 0, 0
125001, 37961147, 0, 0
125500, 42491456, 0, 0
126000, 37973250, 0, 0
126502, 24286413, 0, 0
127001, 46726937, 0, 0
127500, 39226083, 0, 0
128000, 33394010, 0, 0
128500, 33784784, 0, 0
129000, 31915758, 0, 0
129501, 44177996, 0, 0
130000, 36151465, 0, 0
130500, 41820357, 0, 0
131000, 22739516, 0, 0
131500, 39942879, 0, 0
132000, 30740402, 0, 0
132501, 34437434, 0, 0
133000, 28531208, 0, 0
133500, 32935427, 0, 0
134002, 27580530, 0, 0
134503, 56385586, 0, 0
135000, 30543068, 0, 0
135500, 32177643, 0, 0
136000, 50525709, 0, 0
136501, 40156881, 0, 0
137005, 39392115, 0, 0
137502, 45352587, 0, 0
138000, 49385524, 0, 0
138502, 33007469, 0, 0
139000, 35719694, 0, 0
139500, 31884693, 0, 0
140000, 39774094, 0, 0
140500, 51803145, 0, 0
141000, 55603527, 0, 0
141500, 42009716, 0, 0
142000, 33165791, 0, 0
142500, 26516244, 0, 0
143000, 35099245, 0, 0
143500, 41987357, 0, 0
144000, 27158994, 0, 0
144500, 37163099, 0, 0
145001, 33738706, 0, 0
145500, 35594051, 0, 0
146000, 40441431, 0, 0
146502, 54990823, 0, 0
147000, 45398542, 0, 0
147501, 32256904, 0, 0
148001, 26520145, 0, 0
148502, 36962621, 0, 0
149000, 35270634, 0, 0
149501, 30615753, 0, 0
150000, 30816477, 0, 0
150500, 27666724, 0, 0
151000, 33696432, 0, 0
151500, 24008288, 0, 0
152000, 39656756, 0, 0
152500, 54162124, 0, 0
153000, 36036291, 0, 0
153500, 36603645, 0, 0
154002, 34595073, 0, 0
154500, 41701784, 0, 0
155001, 41058995, 0, 0
155500, 45552079, 0, 0
156000, 37235001, 0, 0
156502, 33054986, 0, 0
157000, 42625709, 0, 0
157500, 38968827, 0, 0
158000, 35577602, 0, 0
158500, 26231803, 0, 0
159000, 49327964, 0, 0
159501, 30077023, 0, 0
160000, 33042013, 0, 0
160500, 43520096, 0, 0
161000, 38912656, 0, 0
161500, 27199294, 0, 0
162000, 51044079, 0, 0
162500, 35148512, 0, 0
163000, 35197762, 0, 0
163500, 25181656, 0, 0
164000, 30699837, 0, 0
164500, 44698276, 0, 0
165000, 36106459, 0, 0
165501, 45782057, 0, 0
166000, 38453663, 0, 0
166501, 42150576, 0, 0
167000, 32951092, 0, 0
167500, 41932273, 0, 0
168001, 42172845, 0, 0
168500, 35507129, 0, 0
169002, 33238619, 0, 0
169501, 33745560, 0, 0
170001, 37621485, 0, 0
170501, 31227756, 0, 0
171001, 40038218, 0, 0
171500, 33540448, 0, 0
172001, 29713568, 0, 0
172501, 33987286, 0, 0
173000, 27219331, 0, 0
173500, 31939649, 0, 0
174000, 46492835, 0, 0
174500, 72978188, 0, 0
175000, 30737411, 0, 0
175500, 29946990, 0, 0
176000, 41745686, 0, 0
176500, 36472403, 0, 0
177001, 46966720, 0, 0
177501, 35159691, 0, 0
178000, 29285443, 0, 0
178500, 29302325, 0, 0
179000, 29102390, 0, 0
179500, 36581384, 0, 0
180000, 34020043, 0, 0
180779, 789864916, 0, 0
180779, 1247418726, 0, 0
