500, 24031236, 0, 0
500, 34886005, 1, 0
1000, 18397654, 0, 0
1002, 33057221, 1, 0
1500, 24038415, 0, 0
1500, 27381170, 1, 0
2000, 18572293, 0, 0
2000, 26247881, 1, 0
2500, 22499377, 0, 0
2502, 32224703, 1, 0
3000, 24701315, 0, 0
3002, 33934776, 1, 0
3500, 23437967, 0, 0
3503, 29350834, 1, 0
4001, 20717367, 0, 0
4003, 37084499, 1, 0
4500, 25973002, 1, 0
4500, 18933701, 0, 0
5000, 20150495, 0, 0
5001, 27074827, 1, 0
5500, 16598904, 0, 0
5500, 27571135, 1, 0
6000, 27575590, 1, 0
6000, 22338970, 0, 0
6500, 19361434, 0, 0
6508, 32448722, 1, 0
7000, 25283549, 0, 0
7009, 26648581, 1, 0
7500, 21574855, 0, 0
7502, 48998751, 1, 0
8000, 23143975, 0, 0
8002, 28990490, 1, 0
8500, 24093356, 0, 0
8504, 33570751, 1, 0
9000, 20595339, 0, 0
9000, 30456199, 1, 0
9500, 22787410, 0, 0
9505, 23341183, 1, 0
10000, 30254938, 0, 0
10000, 34814530, 1, 0
10500, 23841366, 0, 0
10501, 27511641, 1, 0
11000, 24316843, 0, 0
11001, 33882773, 1, 0
11500, 20383652, 0, 0
11500, 29013828, 1, 0
12000, 22035679, 0, 0
12000, 30327225, 1, 0
12500, 18339431, 0, 0
12503, 28354882, 1, 0
13000, 21011478, 0, 0
13002, 25051275, 1, 0
13500, 25202172, 0, 0
13500, 30086391, 1, 0
14000, 26717307, 0, 0
14000, 20268363, 1, 0
14500, 28977223, 1, 0
14500, 31085265, 0, 0
15000, 27511628, 0, 0
15005, 32693305, 1, 0
15501, 18756723, 0, 0
15502, 34178934, 1, 0
16000, 32785246, 1, 0
16000, 23518544, 0, 0
16500, 17927582, 0, 0
16500, 28107079, 1, 0
17000, 23601969, 0, 0
17003, 30560693, 1, 0
17501, 15920559, 0, 0
17501, 35072549, 1, 0
18000, 36571161, 1, 0
18000, 22636971, 0, 0
18500, 25325304, 1, 0
18500, 22492058, 0, 0
19000, 25184982, 1, 0
19001, 24423670, 0, 0
19501, 33847171, 1, 0
19501, 26201473, 0, 0
20000, 25661437, 0, 0
20000, 27360423, 1, 0
20500, 25772522, 1, 0
20500, 21405546, 0, 0
21000, 27025310, 0, 0
21002, 34574470, 1, 0
21500, 37200874, 0, 0
21502, 52288012, 1, 0
22000, 18396733, 0, 0
22000, 23184530, 1, 0
22500, 19523396, 0, 0
22500, 29003613, 1, 0
23000, 19640965, 0, 0
23003, 27108912, 1, 0
23500, 17776484, 0, 0
23500, 28290987, 1, 0
24000, 21741677, 0, 0
24000, 29451481, 1, 0
24500, 18578762, 0, 0
24500, 30946938, 1, 0
25000, 21892659, 0, 0
25000, 25012591, 1, 0
25500, 23566945, 0, 0
25501, 27184693, 1, 0
26000, 19079715, 0, 0
26001, 30548420, 1, 0
26500, 17291631, 0, 0
26500, 25975821, 1, 0
27002, 18552410, 0, 0
27002, 23389898, 1, 0
27500, 20861678, 0, 0
27501, 25077729, 1, 0
28000, 18051557, 0, 0
28000, 27267886, 1, 0
28500, 29210014, 1, 0
28501, 21716105, 0, 0
29000, 29745789, 1, 0
29001, 22823039, 0, 0
29500, 21312912, 0, 0
29501, 31164416, 1, 0
30000, 36103677, 1, 0
30001, 24220323, 0, 0
30500, 33443450, 1, 0
30500, 18444356, 0, 0
31000, 31531771, 1, 0
31000, 21707852, 0, 0
31500, 24366973, 0, 0
31500, 31270330, 1, 0
32000, 29931572, 1, 0
32001, 24322922, 0, 0
32500, 19498113, 0, 0
32500, 33993557, 1, 0
33000, 22718687, 0, 0
33000, 32980431, 1, 0
33500, 17282143, 0, 0
33559, 26466190, 1, 0
34000, 35474747, 0, 0
34000, 78887685, 1, 0
34629, 31032224, 1, 0
34629, 25528049, 0, 0
35000, 30643587, 0, 0
35002, 60820342, 1, 0
35500, 17510559, 0, 0
35500, 27904723, 1, 0
36000, 18390633, 0, 0
36000, 29472146, 1, 0
36501, 32769843, 1, 0
36502, 19555891, 0, 0
37000, 20435165, 0, 0
37003, 28700348, 1, 0
37500, 29747013, 1, 0
37500, 17458185, 0, 0
38000, 17822391, 0, 0
38001, 29755517, 1, 0
38502, 27367063, 1, 0
38502, 19854547, 0, 0
39000, 22515707, 0, 0
39002, 31648441, 1, 0
39500, 19649510, 0, 0
39500, 27071748, 1, 0
40000, 18910870, 0, 0
40010, 39342598, 1, 0
40500, 29843979, 0, 0
40500, 42471406, 1, 0
41000, 30238052, 1, 0
41000, 23785842, 0, 0
41500, 22338940, 0, 0
41504, 24312574, 1, 0
42000, 19538511, 0, 0
42000, 25407608, 1, 0
42500, 24836882, 1, 0
42500, 20422744, 0, 0
43000, 18631761, 0, 0
43001, 29845867, 1, 0
43500, 22139341, 0, 0
43500, 32600897, 1, 0
44000, 35325768, 1, 0
44000, 19187206, 0, 0
44500, 21995611, 0, 0
44500, 28703360, 1, 0
45000, 25225609, 1, 0
45000, 27568266, 0, 0
45500, 24645650, 0, 0
45503, 23629175, 1, 0
46000, 32646442, 1, 0
46000, 20972656, 0, 0
46500, 21540748, 0, 0
46502, 29999526, 1, 0
47000, 31360433, 1, 0
47001, 24679197, 0, 0
47500, 22159983, 0, 0
47501, 31695991, 1, 0
48000, 25176043, 1, 0
48000, 22219974, 0, 0
48500, 25482254, 0, 0
48501, 26328089, 1, 0
49000, 41378467, 0, 0
49003, 31997588, 1, 0
49500, 36880849, 1, 0
49501, 25600654, 0, 0
50001, 28488983, 0, 0
50001, 38806829, 1, 0
50500, 39972590, 1, 0
50500, 22191950, 0, 0
51000, 38224563, 1, 0
51002, 21758799, 0, 0
51500, 20449935, 0, 0
51501, 36561015, 1, 0
52000, 18633270, 0, 0
52000, 28308376, 1, 0
52500, 21495871, 0, 0
52500, 34938474, 1, 0
53001, 21418710, 0, 0
53002, 26423434, 1, 0
53500, 19962578, 0, 0
53500, 26128904, 1, 0
54000, 17857680, 0, 0
54001, 27876569, 1, 0
54500, 21244886, 0, 0
54502, 23697831, 1, 0
55000, 19491623, 0, 0
55002, 36299206, 1, 0
55500, 24758369, 0, 0
55500, 30978231, 1, 0
56000, 20454526, 0, 0
56000, 24034168, 1, 0
56500, 19768026, 0, 0
56500, 27463462, 1, 0
57000, 18517111, 0, 0
57000, 23061037, 1, 0
57500, 26340113, 1, 0
57500, 21026779, 0, 0
58000, 28754623, 1, 0
58000, 20301107, 0, 0
58500, 20337860, 0, 0
58500, 26869817, 1, 0
59000, 19484559, 0, 0
59001, 27900469, 1, 0
59500, 23381251, 0, 0
59500, 23733367, 1, 0
60000, 31116077, 1, 0
60001, 22356860, 0, 0
60500, 24257630, 0, 0
60500, 31050696, 1, 0
61000, 22121976, 0, 0
61000, 24266458, 1, 0
61500, 25778561, 0, 0
61500, 24287487, 1, 0
62000, 22516593, 0, 0
62002, 28723407, 1, 0
62500, 24837705, 1, 0
62500, 21572587, 0, 0
63000, 19790353, 0, 0
63000, 24747697, 1, 0
63500, 20025355, 0, 0
63500, 27316606, 1, 0
64000, 17510578, 0, 0
64002, 24934703, 1, 0
64500, 21571725, 0, 0
64500, 28786997, 1, 0
65000, 20027174, 0, 0
65002, 24697761, 1, 0
65500, 22212960, 0, 0
65500, 26383147, 1, 0
66000, 18883972, 0, 0
66000, 24611858, 1, 0
66500, 19254906, 0, 0
66501, 25725266, 1, 0
67000, 21239794, 0, 0
67000, 28754233, 1, 0
67500, 21934155, 0, 0
67500, 30349854, 1, 0
68002, 20238172, 0, 0
68003, 26380908, 1, 0
68500, 31652385, 1, 0
68501, 19613782, 0, 0
69000, 20110710, 1, 0
69000, 18418147, 0, 0
69500, 21465419, 1, 0
69501, 17830178, 0, 0
70000, 19077986, 0, 0
70001, 32513472, 1, 0
70501, 16825462, 0, 0
70501, 32395909, 1, 0
71000, 38054279, 1, 0
71000, 22926134, 0, 0
71500, 20096430, 0, 0
71504, 30566082, 1, 0
72000, 20870990, 0, 0
72000, 31114722, 1, 0
72500, 22687243, 0, 0
72500, 25579124, 1, 0
73001, 27250164, 0, 0
73002, 29769652, 1, 0
73500, 25080431, 1, 0
73500, 20476861, 0, 0
74000, 23343508, 0, 0
74001, 39523578, 1, 0
74500, 17707948, 0, 0
74501, 28080305, 1, 0
75000, 36294125, 1, 0
75000, 27800793, 0, 0
75500, 31968665, 0, 0
75501, 67796477, 1, 0
76000, 23544509, 0, 0
76001, 34462039, 1, 0
76500, 17278842, 0, 0
76501, 22836690, 1, 0
77000, 30091454, 1, 0
77000, 23354746, 0, 0
77500, 30732174, 1, 0
77500, 17966741, 0, 0
78000, 27000473, 1, 0
78000, 22634176, 0, 0
78500, 20344945, 0, 0
78500, 29498884, 1, 0
79000, 19414695, 0, 0
79002, 35087332, 1, 0
79500, 19625035, 1, 0
79501, 24673604, 0, 0
80000, 22934142, 0, 0
80001, 28644351, 1, 0
80500, 34311267, 0, 0
80501, 24643321, 1, 0
81000, 28028109, 0, 0
81002, 26778378, 1, 0
81500, 23186044, 0, 0
81500, 26203412, 1, 0
82000, 28119360, 0, 0
82000, 28473228, 1, 0
82500, 28866528, 1, 0
82500, 20810004, 0, 0
83000, 26545074, 0, 0
83001, 32963326, 1, 0
83501, 28361640, 1, 0
83501, 22414445, 0, 0
84000, 24694894, 0, 0
84001, 32737031, 1, 0
84500, 22511092, 0, 0
84501, 36783860, 1, 0
85000, 20660669, 0, 0
85008, 36829628, 1, 0
85500, 37452065, 1, 0
85501, 25468235, 0, 0
86001, 31265358, 1, 0
86001, 21359909, 0, 0
86500, 22889690, 0, 0
86500, 27819589, 1, 0
87000, 41980049, 0, 0
87002, 43376645, 1, 0
87500, 22228428, 0, 0
87501, 33556069, 1, 0
88000, 22635711, 0, 0
88000, 29368244, 1, 0
88500, 23206906, 0, 0
88501, 27509316, 1, 0
89001, 22694802, 0, 0
89003, 30089067, 1, 0
89500, 24255307, 1, 0
89500, 19824761, 0, 0
90000, 21685637, 0, 0
90003, 28601728, 1, 0
90500, 21612246, 0, 0
90507, 29138014, 1, 0
91000, 27920903, 1, 0
91001, 19370622, 0, 0
91500, 17553026, 0, 0
91503, 26689525, 1, 0
92000, 17917134, 0, 0
92000, 25264572, 1, 0
92500, 23434078, 0, 0
92501, 35469127, 1, 0
93000, 20167948, 0, 0
93000, 22999650, 1, 0
93500, 23319700, 1, 0
93500, 17959931, 0, 0
94000, 19718480, 0, 0
94001, 34418897, 1, 0
94500, 27386885, 1, 0
94500, 22314495, 0, 0
95000, 21936559, 0, 0
95000, 35146971, 1, 0
95500, 23427794, 0, 0
95504, 21752857, 1, 0
96000, 27789587, 1, 0
96000, 20883334, 0, 0
96500, 20034561, 0, 0
96500, 22705448, 1, 0
97000, 21737388, 0, 0
97000, 32569463, 1, 0
97500, 19688042, 0, 0
97501, 25377299, 1, 0
98000, 19637455, 0, 0
98000, 30636407, 1, 0
98500, 23712768, 1, 0
98500, 16375962, 0, 0
99000, 31998468, 1, 0
99000, 19634454, 0, 0
99500, 21706779, 0, 0
99501, 31030249, 1, 0
100000, 33722063, 1, 0
100000, 21016357, 0, 0
100500, 26798922, 1, 0
100500, 20988328, 0, 0
101001, 21912203, 0, 0
101001, 26638246, 1, 0
101500, 21972922, 0, 0
101500, 28516398, 1, 0
102000, 18777224, 0, 0
102000, 31857259, 1, 0
102501, 19109328, 0, 0
102501, 31639169, 1, 0
103000, 31999966, 1, 0
103000, 16969906, 0, 0
103500, 31040142, 0, 0
103500, 51758847, 1, 0
104103, 11007293, 0, 0
104103, 19949450, 1, 0
104500, 20992348, 0, 0
104500, 31860124, 1, 0
105112, 25536261, 1, 0
105112, 16927850, 0, 0
105500, 60505484, 1, 0
105501, 22025101, 0, 0
106000, 26921642, 0, 0
106000, 44087131, 1, 0
106500, 15550538, 0, 0
106500, 27623213, 1, 0
107000, 25888255, 1, 0
107000, 17387476, 0, 0
107500, 21574000, 0, 0
107500, 24631793, 1, 0
108000, 19699595, 0, 0
108000, 26374992, 1, 0
108500, 18077125, 0, 0
108500, 23151327, 1, 0
109000, 32211870, 1, 0
109000, 19630011, 0, 0
109500, 22722281, 0, 0
109501, 24323686, 1, 0
110000, 20981471, 0, 0
110001, 28314424, 1, 0
110500, 22496642, 1, 0
110501, 19931326, 0, 0
111000, 19679135, 0, 0
111001, 32766183, 1, 0
111500, 18094105, 0, 0
111501, 35439014, 1, 0
112001, 16321202, 0, 0
112001, 30819648, 1, 0
112500, 36085214, 1, 0
112500, 18000069, 0, 0
113000, 24426660, 0, 0
113001, 35844735, 1, 0
113500, 24151916, 0, 0
113500, 33462312, 1, 0
114000, 29128538, 1, 0
114001, 25413733, 0, 0
114500, 20341133, 0, 0
114500, 26108212, 1, 0
115000, 30411426, 0, 0
115001, 56836699, 1, 0
115500, 16521585, 0, 0
115500, 28327158, 1, 0
116000, 19206024, 0, 0
116001, 24840285, 1, 0
116500, 27010888, 1, 0
116502, 20765773, 0, 0
117000, 16754630, 0, 0
117002, 25860935, 1, 0
117500, 18507945, 0, 0
117501, 25929033, 1, 0
118000, 20078977, 0, 0
118002, 23134792, 1, 0
118500, 22262497, 0, 0
118500, 25856723, 1, 0
119002, 26392240, 0, 0
119003, 36857806, 1, 0
119500, 22551739, 0, 0
119500, 30341066, 1, 0
120000, 23276380, 1, 0
120002, 16949692, 0, 0
120500, 18225986, 0, 0
120502, 24566156, 1, 0
121000, 18978585, 0, 0
121003, 29135177, 1, 0
121500, 18026098, 0, 0
121500, 26431468, 1, 0
122000, 17900718, 0, 0
122004, 27498323, 1, 0
122500, 18024944, 0, 0
122505, 27835439, 1, 0
123000, 18629226, 0, 0
123003, 24006695, 1, 0
123501, 20194520, 0, 0
123502, 27615547, 1, 0
124000, 30905183, 0, 0
124000, 44503427, 1, 0
124500, 28111661, 1, 0
124500, 15821380, 0, 0
125000, 21571301, 0, 0
125003, 42758936, 1, 0
125500, 20399994, 0, 0
125500, 36695081, 1, 0
126000, 15743112, 0, 0
126002, 30026426, 1, 0
126500, 16628203, 0, 0
126506, 31063606, 1, 0
127000, 27418606, 1, 0
127000, 14460708, 0, 0
127500, 16958713, 0, 0
127500, 27246753, 1, 0
128000, 17101245, 0, 0
128001, 26948171, 1, 0
128500, 15542493, 0, 0
128501, 24589133, 1, 0
129000, 17182432, 0, 0
129002, 27065774, 1, 0
129500, 18133241, 0, 0
129501, 25176494, 1, 0
130000, 19480804, 0, 0
130002, 28234791, 1, 0
130500, 21844921, 0, 0
130501, 29090856, 1, 0
131000, 21248418, 0, 0
131002, 28707006, 1, 0
131501, 15931955, 0, 0
131501, 29664370, 1, 0
132000, 23785561, 0, 0
132000, 23668704, 1, 0
132500, 19812926, 0, 0
132500, 31587332, 1, 0
133000, 19748366, 0, 0
133000, 28395475, 1, 0
133501, 24409117, 1, 0
133501, 17885652, 0, 0
134000, 36114506, 1, 0
134000, 22784280, 0, 0
134500, 23668538, 0, 0
134506, 21897934, 1, 0
135000, 25249242, 0, 0
135004, 35538909, 1, 0
135500, 27378469, 1, 0
135500, 25288296, 0, 0
136000, 23166759, 0, 0
136002, 35479448, 1, 0
136500, 20485666, 0, 0
136508, 26872885, 1, 0
137001, 21083097, 0, 0
137006, 28375644, 1, 0
137500, 29108853, 0, 0
137500, 42910930, 1, 0
138001, 36783115, 1, 0
138002, 23997658, 0, 0
138500, 18763835, 0, 0
138500, 34126890, 1, 0
139000, 16498626, 0, 0
139000, 22559612, 1, 0
139500, 24193307, 1, 0
139501, 16151435, 0, 0
140000, 16849781, 0, 0
140000, 26034120, 1, 0
140500, 24830618, 0, 0
140501, 26027579, 1, 0
141000, 25806857, 1, 0
141000, 17237948, 0, 0
141500, 18608904, 0, 0
141501, 21273708, 1, 0
142002, 32057910, 1, 0
142003, 19276071, 0, 0
142500, 31440828, 1, 0
142500, 20327600, 0, 0
143000, 25585391, 1, 0
143000, 23411586, 0, 0
143500, 19861595, 0, 0
143501, 26865976, 1, 0
144000, 20848336, 0, 0
144000, 22501121, 1, 0
144500, 23620695, 1, 0
144500, 20425484, 0, 0
145000, 20804888, 0, 0
145000, 31633094, 1, 0
145500, 28257888, 1, 0
145502, 14812297, 0, 0
146000, 19475715, 0, 0
146001, 31053377, 1, 0
146500, 31423553, 1, 0
146501, 19829598, 0, 0
147000, 24117388, 1, 0
147000, 21313234, 0, 0
147500, 17655024, 0, 0
147500, 27233176, 1, 0
148000, 18198224, 0, 0
148000, 28988714, 1, 0
148500, 21500698, 0, 0
148501, 22156484, 1, 0
149000, 18865222, 0, 0
149002, 25826202, 1, 0
149500, 21305419, 0, 0
149500, 33353935, 1, 0
150000, 28947578, 1, 0
150000, 17252449, 0, 0
150500, 19532746, 0, 0
150500, 24418620, 1, 0
151000, 22243111, 0, 0
151002, 24497750, 1, 0
151500, 21177868, 0, 0
151502, 30401575, 1, 0
152000, 17279310, 0, 0
152004, 24418099, 1, 0
152501, 34724856, 1, 0
152507, 37897769, 0, 0
153000, 49450651, 1, 0
153001, 26353619, 0, 0
153500, 25528947, 1, 0
153500, 17344505, 0, 0
154000, 16098538, 0, 0
154000, 24054183, 1, 0
154500, 15428564, 0, 0
154502, 25022317, 1, 0
155000, 24907600, 1, 0
155000, 15356131, 0, 0
155500, 17812145, 0, 0
155501, 25926532, 1, 0
156000, 18857026, 0, 0
156000, 27277035, 1, 0
156500, 20255256, 0, 0
156503, 30062390, 1, 0
157000, 18408344, 0, 0
157001, 26346268, 1, 0
157500, 21884927, 0, 0
157501, 36225054, 1, 0
158000, 26693933, 1, 0
158000, 20445803, 0, 0
158500, 18953504, 0, 0
158502, 20652460, 1, 0
159000, 21709252, 1, 0
159000, 23084022, 0, 0
159500, 42385581, 1, 0
159501, 29563958, 0, 0
160000, 20823568, 0, 0
160004, 19868892, 1, 0
160501, 24124602, 0, 0
160501, 18667015, 1, 0
161001, 28874460, 0, 0
161001, 34363355, 1, 0
161501, 32716431, 0, 0
161502, 26627663, 1, 0
162000, 27288052, 0, 0
162001, 22647250, 1, 0
162500, 30835604, 0, 0
162501, 32081009, 1, 0
163000, 21978113, 0, 0
163000, 25920803, 1, 0
163500, 23493687, 0, 0
163502, 22170574, 1, 0
164001, 25943645, 0, 0
164002, 27735495, 1, 0
164500, 20679978, 0, 0
164501, 29480027, 1, 0
165000, 25057778, 0, 0
165000, 34401973, 1, 0
165500, 21319393, 0, 0
165500, 24746438, 1, 0
166000, 24224069, 1, 0
166000, 19718293, 0, 0
166500, 15760670, 0, 0
166501, 31796343, 1, 0
167000, 24133424, 1, 0
167000, 18837239, 0, 0
167500, 24808983, 1, 0
167500, 17093818, 0, 0
168001, 23714473, 1, 0
168001, 16163369, 0, 0
168501, 22303095, 1, 0
168504, 20350440, 0, 0
169000, 18491355, 0, 0
169000, 25880709, 1, 0
169501, 28692131, 0, 0
169503, 38879979, 1, 0
170000, 26609341, 0, 0
170007, 24350602, 1, 0
170500, 26051386, 0, 0
170500, 30476792, 1, 0
171000, 16596025, 1, 0
171000, 28780602, 0, 0
171501, 20717178, 0, 0
171505, 38573215, 1, 0
172000, 49221640, 1, 0
172008, 42833166, 0, 0
172536, 16671458, 0, 0
172538, 114698752, 1, 0
173000, 34032841, 0, 0
173001, 64583535, 1, 0
173500, 25430894, 0, 0
173500, 65261323, 1, 0
174000, 21364881, 0, 0
174001, 34085622, 1, 0
174500, 24902608, 0, 0
174501, 60711392, 1, 0
175000, 16958831, 0, 0
175003, 27672612, 1, 0
175500, 27911208, 1, 0
175500, 17716838, 0, 0
176000, 16083963, 0, 0
176000, 24265629, 1, 0
176500, 17525497, 0, 0
176500, 26242701, 1, 0
177001, 29839784, 1, 0
177001, 16974507, 0, 0
177500, 16583104, 0, 0
177500, 27265500, 1, 0
178000, 18427501, 0, 0
178001, 26653509, 1, 0
178500, 13659008, 0, 0
178500, 19787672, 1, 0
179000, 18211858, 0, 0
179001, 27633954, 1, 0
179500, 15891632, 0, 0
179500, 21045100, 1, 0
180000, 22616488, 1, 0
180180, 14403381, 0, 0
180180, 233404960, 0, 0
180180, 310759224, 1, 0
