500, 7800, 0, 0
500, 3312, 1, 0
1000, 6712, 0, 0
1000, 3088, 1, 0
1500, 8448, 0, 0
1500, 3568, 1, 0
2000, 6864, 0, 0
2000, 3136, 1, 0
2500, 6528, 0, 0
2500, 3032, 1, 0
3001, 7441, 0, 0
3001, 2882, 1, 0
3501, 7584, 0, 0
3501, 2978, 1, 0
4000, 7936, 0, 0
4000, 3328, 1, 0
4500, 8648, 0, 0
4500, 3208, 1, 0
5000, 8320, 0, 0
5000, 3568, 1, 0
5500, 8496, 0, 0
5500, 3680, 1, 0
6000, 7216, 0, 0
6000, 3312, 1, 0
6501, 7800, 0, 0
6501, 3345, 1, 0
7001, 6387, 0, 0
7001, 2483, 1, 0
7500, 5680, 0, 0
7500, 2504, 1, 0
8001, 6506, 0, 0
8001, 3009, 1, 0
8500, 7496, 0, 0
8500, 2872, 1, 0
9000, 7680, 0, 0
9000, 3184, 1, 0
9500, 5712, 0, 0
9500, 2344, 1, 0
10001, 6562, 0, 0
10001, 2818, 1, 0
10501, 7920, 0, 0
10501, 3289, 1, 0
11000, 7424, 0, 0
11000, 3112, 1, 0
11500, 7664, 0, 0
11500, 3416, 1, 0
12000, 6496, 0, 0
12000, 3088, 1, 0
12500, 7648, 0, 0
12500, 3296, 1, 0
13000, 8048, 0, 0
13000, 3064, 1, 0
13500, 6712, 0, 0
13500, 2768, 1, 0
14001, 6451, 0, 0
14001, 2674, 1, 0
14500, 6632, 0, 0
14500, 3088, 1, 0
15000, 6816, 0, 0
15000, 2944, 1, 0
15500, 8200, 0, 0
15500, 3720, 1, 0
16000, 7016, 0, 0
16000, 3272, 1, 0
16500, 7784, 0, 0
16500, 3576, 1, 0
17000, 7064, 0, 0
17000, 2912, 1, 0
17501, 7992, 0, 0
17501, 3137, 1, 0
18001, 6674, 0, 0
18001, 2906, 1, 0
18500, 7248, 0, 0
18500, 3064, 1, 0
19000, 6928, 0, 0
19000, 3272, 1, 0
19500, 6856, 0, 0
19500, 2864, 1, 0
20000, 7000, 0, 0
20000, 2824, 1, 0
20500, 6816, 0, 0
20500, 3072, 1, 0
21000, 6928, 0, 0
21000, 2792, 1, 0
21501, 5005, 0, 0
21501, 2155, 1, 0
22001, 9045, 0, 0
22001, 3872, 1, 0
22500, 7888, 0, 0
22500, 3264, 1, 0
23000, 8224, 0, 0
23000, 3416, 1, 0
23500, 8224, 0, 0
23500, 3712, 1, 0
24000, 7600, 0, 0
24000, 3384, 1, 0
24500, 7672, 0, 0
24500, 3360, 1, 0
25001, 7129, 0, 0
25001, 2890, 1, 0
25501, 7624, 0, 0
25501, 3321, 1, 0
26000, 8736, 0, 0
26000, 3824, 1, 0
26500, 8776, 0, 0
26500, 3752, 1, 0
27000, 8408, 0, 0
27000, 3640, 1, 0
27500, 8368, 0, 0
27500, 3440, 1, 0
28000, 7704, 0, 0
28000, 3304, 1, 0
28500, 7328, 0, 0
28500, 2952, 1, 0
29001, 7305, 0, 0
29001, 3185, 1, 0
29500, 7232, 0, 0
29500, 3336, 1, 0
30000, 7072, 0, 0
30000, 3192, 1, 0
30500, 7448, 0, 0
30500, 3160, 1, 0
31000, 6248, 0, 0
31000, 2936, 1, 0
31500, 6440, 0, 0
31500, 2784, 1, 0
32000, 7168, 0, 0
32000, 3240, 1, 0
32501, 7944, 0, 0
32501, 3656, 1, 0
33001, 7361, 0, 0
33001, 2786, 1, 0
33500, 7032, 0, 0
33500, 2896, 1, 0
34000, 3488, 0, 0
34000, 1472, 1, 0
34500, 5712, 0, 0
34500, 2288, 1, 0
35000, 6760, 0, 0
35000, 3056, 1, 0
35500, 8536, 0, 0
35500, 3736, 1, 0
36001, 8375, 0, 0
36001, 3265, 1, 0
36501, 7313, 0, 0
36501, 3121, 1, 0
37000, 8112, 0, 0
37000, 3360, 1, 0
37500, 8448, 0, 0
37500, 3512, 1, 0
38000, 7792, 0, 0
38000, 3000, 1, 0
38500, 7832, 0, 0
38500, 3120, 1, 0
39000, 7368, 0, 0
39000, 3160, 1, 0
39501, 7928, 0, 0
39501, 3600, 1, 0
40001, 5293, 0, 0
40001, 2227, 1, 0
40500, 7064, 0, 0
40500, 2680, 1, 0
41000, 6760, 0, 0
41000, 3104, 1, 0
41500, 7840, 0, 0
41500, 3480, 1, 0
42000, 8864, 0, 0
42000, 3704, 1, 0
42501, 8782, 0, 0
42501, 3536, 1, 0
43001, 7209, 0, 0
43001, 3193, 1, 0
43501, 7824, 0, 0
43501, 3465, 1, 0
44000, 6872, 0, 0
44000, 3240, 1, 0
44500, 6656, 0, 0
44500, 2888, 1, 0
45000, 6152, 0, 0
45000, 2744, 1, 0
45500, 7320, 0, 0
45500, 3280, 1, 0
46000, 6968, 0, 0
46000, 3024, 1, 0
46501, 7401, 0, 0
46501, 3345, 1, 0
47001, 7041, 0, 0
47001, 3137, 1, 0
47500, 7312, 0, 0
47500, 3128, 1, 0
48000, 7192, 0, 0
48000, 3272, 1, 0
48500, 7200, 0, 0
48500, 2848, 1, 0
49000, 4352, 0, 0
49000, 1776, 1, 0
49500, 6912, 0, 0
49500, 2952, 1, 0
50001, 6456, 0, 0
50001, 2704, 1, 0
50501, 6139, 0, 0
50501, 2802, 1, 0
51000, 7120, 0, 0
51000, 3136, 1, 0
51500, 7072, 0, 0
51500, 2792, 1, 0
52000, 8248, 0, 0
52000, 3616, 1, 0
52500, 7512, 0, 0
52500, 2872, 1, 0
53000, 7504, 0, 0
53000, 3280, 1, 0
53501, 7752, 0, 0
53501, 3049, 1, 0
54001, 8303, 0, 0
54001, 3648, 1, 0
54500, 7640, 0, 0
54500, 3208, 1, 0
55000, 6608, 0, 0
55000, 3272, 1, 0
55500, 7648, 0, 0
55500, 3296, 1, 0
56000, 8704, 0, 0
56000, 3592, 1, 0
56500, 8336, 0, 0
56500, 3456, 1, 0
57001, 8782, 0, 0
57001, 3920, 1, 0
57501, 7952, 0, 0
57501, 3385, 1, 0
58000, 7664, 0, 0
58000, 3384, 1, 0
58500, 8384, 0, 0
58500, 3488, 1, 0
59000, 7648, 0, 0
59000, 3144, 1, 0
59500, 6648, 0, 0
59500, 2888, 1, 0
60000, 7472, 0, 0
60000, 3184, 1, 0
60500, 6200, 0, 0
60500, 2760, 1, 0
61001, 7784, 0, 0
61001, 3249, 1, 0
61500, 7624, 0, 0
61500, 2832, 1, 0
62000, 7280, 0, 0
62000, 3184, 1, 0
62500, 8832, 0, 0
62500, 3552, 1, 0
63000, 8296, 0, 0
63000, 3768, 1, 0
63500, 8080, 0, 0
63500, 3704, 1, 0
64000, 9032, 0, 0
64000, 3392, 1, 0
64501, 7536, 0, 0
64501, 3241, 1, 0
65000, 8368, 0, 0
65000, 3568, 1, 0
65500, 8224, 0, 0
65500, 3440, 1, 0
66000, 8104, 0, 0
66000, 3488, 1, 0
66500, 7184, 0, 0
66500, 3656, 1, 0
67000, 8344, 0, 0
67000, 3448, 1, 0
67501, 8447, 0, 0
67501, 3137, 1, 0
68001, 7337, 0, 0
68001, 3385, 1, 0
68500, 8152, 0, 0
68500, 3336, 1, 0
69000, 9856, 0, 0
69000, 4312, 1, 0
69500, 7664, 0, 0
69500, 3072, 1, 0
70000, 7984, 0, 0
70000, 3632, 1, 0
70500, 7528, 0, 0
70500, 3288, 1, 0
71000, 6664, 0, 0
71000, 3048, 1, 0
71501, 7465, 0, 0
71501, 3009, 1, 0
72000, 6728, 0, 0
72000, 3224, 1, 0
72500, 7320, 0, 0
72500, 3432, 1, 0
73000, 7848, 0, 0
73000, 3368, 1, 0
73500, 6392, 0, 0
73500, 2672, 1, 0
74000, 7584, 0, 0
74000, 3144, 1, 0
74500, 6952, 0, 0
74500, 3000, 1, 0
75001, 5013, 0, 0
75001, 2235, 1, 0
75500, 4832, 0, 0
75500, 2392, 1, 0
76000, 7424, 0, 0
76000, 3144, 1, 0
76500, 8744, 0, 0
76500, 3664, 1, 0
77000, 8040, 0, 0
77000, 3208, 1, 0
77500, 7472, 0, 0
77500, 3160, 1, 0
78001, 7433, 0, 0
78001, 3065, 1, 0
78500, 7752, 0, 0
78500, 3248, 1, 0
79000, 7296, 0, 0
79000, 3360, 1, 0
79500, 7048, 0, 0
79500, 2952, 1, 0
80000, 6288, 0, 0
80000, 2680, 1, 0
80500, 6528, 0, 0
80500, 2592, 1, 0
81000, 7112, 0, 0
81000, 3008, 1, 0
81501, 6107, 0, 0
81501, 2443, 1, 0
82001, 6826, 0, 0
82001, 2850, 1, 0
82500, 7944, 0, 0
82500, 3528, 1, 0
83000, 6776, 0, 0
83000, 2832, 1, 0
83500, 6888, 0, 0
83500, 2808, 1, 0
84000, 7168, 0, 0
84000, 2864, 1, 0
84500, 6536, 0, 0
84500, 2784, 1, 0
85001, 6610, 0, 0
85001, 3097, 1, 0
85501, 6866, 0, 0
85501, 3081, 1, 0
86000, 6944, 0, 0
86000, 3376, 1, 0
86500, 7248, 0, 0
86500, 3296, 1, 0
87000, 4424, 0, 0
87000, 1856, 1, 0
87500, 8208, 0, 0
87500, 3296, 1, 0
88000, 6352, 0, 0
88000, 2664, 1, 0
88501, 7624, 0, 0
88501, 3113, 1, 0
89000, 6840, 0, 0
89000, 3016, 1, 0
89500, 7976, 0, 0
89500, 3280, 1, 0
90000, 8000, 0, 0
90000, 3552, 1, 0
90500, 8512, 0, 0
90500, 3528, 1, 0
91000, 8024, 0, 0
91000, 3664, 1, 0
91500, 8816, 0, 0
91500, 3776, 1, 0
92001, 7672, 0, 0
92001, 3393, 1, 0
92500, 6376, 0, 0
92500, 3176, 1, 0
93000, 8736, 0, 0
93000, 3728, 1, 0
93500, 8264, 0, 0
93500, 3136, 1, 0
94000, 7624, 0, 0
94000, 3272, 1, 0
94500, 7544, 0, 0
94500, 3440, 1, 0
95000, 7064, 0, 0
95000, 3048, 1, 0
95501, 8111, 0, 0
95501, 3025, 1, 0
96001, 8039, 0, 0
96001, 3097, 1, 0
96500, 7784, 0, 0
96500, 3328, 1, 0
97000, 8056, 0, 0
97000, 3320, 1, 0
97500, 8568, 0, 0
97500, 3240, 1, 0
98000, 8672, 0, 0
98000, 3400, 1, 0
98500, 9808, 0, 0
98500, 4416, 1, 0
99001, 7137, 0, 0
99001, 2882, 1, 0
99501, 6682, 0, 0
99501, 3129, 1, 0
100000, 8072, 0, 0
100000, 3352, 1, 0
100500, 7928, 0, 0
100500, 3144, 1, 0
101000, 7576, 0, 0
101000, 3432, 1, 0
101500, 8264, 0, 0
101500, 3152, 1, 0
102000, 8424, 0, 0
102000, 3432, 1, 0
102501, 7632, 0, 0
102501, 3249, 1, 0
103001, 8031, 0, 0
103001, 3528, 1, 0
103500, 5392, 0, 0
103500, 2080, 1, 0
104000, 11488, 0, 0
104000, 4744, 1, 0
104500, 8400, 0, 0
104500, 3576, 1, 0
105000, 5664, 0, 0
105000, 2360, 1, 0
105500, 7160, 0, 0
105500, 3320, 1, 0
106000, 5376, 0, 0
106000, 2416, 1, 0
106501, 9221, 0, 0
106501, 3880, 1, 0
107000, 8176, 0, 0
107000, 3736, 1, 0
107500, 8312, 0, 0
107500, 3616, 1, 0
108000, 7872, 0, 0
108000, 3336, 1, 0
108500, 8168, 0, 0
108500, 3400, 1, 0
109000, 7320, 0, 0
109000, 3352, 1, 0
109500, 7488, 0, 0
109500, 3256, 1, 0
110001, 7904, 0, 0
110001, 3305, 1, 0
110501, 9293, 0, 0
110501, 4239, 1, 0
111000, 7456, 0, 0
111000, 2800, 1, 0
111500, 8520, 0, 0
111500, 3608, 1, 0
112000, 7160, 0, 0
112000, 3512, 1, 0
112500, 7424, 0, 0
112500, 2928, 1, 0
113000, 6648, 0, 0
113000, 2936, 1, 0
113501, 6962, 0, 0
113501, 3241, 1, 0
114000, 7128, 0, 0
114000, 2984, 1, 0
114500, 7656, 0, 0
114500, 3608, 1, 0
115000, 5440, 0, 0
115000, 2152, 1, 0
115500, 9144, 0, 0
115500, 3696, 1, 0
116000, 8336, 0, 0
116000, 3352, 1, 0
116501, 8104, 0, 0
116501, 3600, 1, 0
117001, 8566, 0, 0
117001, 3840, 1, 0
117500, 8008, 0, 0
117500, 3392, 1, 0
118000, 7832, 0, 0
118000, 3264, 1, 0
118500, 7680, 0, 0
118500, 2968, 1, 0
119000, 6536, 0, 0
119000, 2976, 1, 0
119500, 8424, 0, 0
119500, 3496, 1, 0
120001, 8654, 0, 0
120001, 3768, 1, 0
120501, 8894, 0, 0
120501, 3864, 1, 0
121000, 7944, 0, 0
121000, 3800, 1, 0
121500, 8544, 0, 0
121500, 3688, 1, 0
122000, 8952, 0, 0
122000, 3816, 1, 0
122500, 8600, 0, 0
122500, 3560, 1, 0
123000, 8160, 0, 0
123000, 3544, 1, 0
123501, 8822, 0, 0
123501, 3840, 1, 0
124001, 5189, 0, 0
124001, 2315, 1, 0
124500, 8512, 0, 0
124500, 3424, 1, 0
125000, 6176, 0, 0
125000, 2768, 1, 0
125500, 7728, 0, 0
125500, 3256, 1, 0
126000, 8024, 0, 0
126000, 3136, 1, 0
126500, 9904, 0, 0
126500, 4336, 1, 0
127001, 10123, 0, 0
127001, 3864, 1, 0
127501, 8487, 0, 0
127501, 3648, 1, 0
128000, 8888, 0, 0
128000, 3952, 1, 0
128500, 8504, 0, 0
128500, 3776, 1, 0
129000, 8688, 0, 0
129000, 4200, 1, 0
129500, 8512, 0, 0
129500, 3656, 1, 0
130000, 7656, 0, 0
130000, 3184, 1, 0
130501, 7928, 0, 0
130501, 3449, 1, 0
131001, 7992, 0, 0
131001, 3584, 1, 0
131500, 7872, 0, 0
131500, 3192, 1, 0
132000, 8176, 0, 0
132000, 3384, 1, 0
132500, 7688, 0, 0
132500, 3904, 1, 0
133000, 7192, 0, 0
133000, 3472, 1, 0
133500, 8208, 0, 0
133500, 3680, 1, 0
134001, 6586, 0, 0
134001, 2722, 1, 0
134501, 6355, 0, 0
134501, 2786, 1, 0
135000, 6672, 0, 0
135000, 2952, 1, 0
135500, 7232, 0, 0
135500, 3000, 1, 0
136000, 7416, 0, 0
136000, 3320, 1, 0
136500, 8968, 0, 0
136500, 3496, 1, 0
137000, 5832, 0, 0
137000, 2768, 1, 0
137500, 6208, 0, 0
137501, 2536, 1, 0
138001, 7193, 0, 0
138001, 3097, 1, 0
138500, 7784, 0, 0
138500, 3136, 1, 0
139000, 8800, 0, 0
139000, 4144, 1, 0
139500, 8504, 0, 0
139500, 3624, 1, 0
140000, 8640, 0, 0
140000, 3848, 1, 0
140500, 7576, 0, 0
140500, 3232, 1, 0
141001, 9277, 0, 0
141001, 4095, 1, 0
141501, 8822, 0, 0
141501, 3728, 1, 0
142000, 8080, 0, 0
142000, 3464, 1, 0
142500, 6824, 0, 0
142500, 3048, 1, 0
143000, 7776, 0, 0
143000, 3336, 1, 0
143500, 7856, 0, 0
143500, 3376, 1, 0
144000, 8664, 0, 0
144000, 3680, 1, 0
144500, 7736, 0, 0
144500, 3248, 1, 0
145001, 7736, 0, 0
145001, 3696, 1, 0
145500, 9064, 0, 0
145500, 4016, 1, 0
146000, 8032, 0, 0
146000, 3776, 1, 0
146500, 7856, 0, 0
146500, 3488, 1, 0
147000, 8336, 0, 0
147000, 3840, 1, 0
147500, 7784, 0, 0
147500, 3512, 1, 0
148001, 9421, 0, 0
148001, 3880, 1, 0
148501, 7848, 0, 0
148501, 3369, 1, 0
149000, 7520, 0, 0
149000, 3464, 1, 0
149500, 7408, 0, 0
149500, 3024, 1, 0
150000, 8016, 0, 0
150000, 3584, 1, 0
150500, 8544, 0, 0
150500, 3792, 1, 0
151000, 7336, 0, 0
151000, 3120, 1, 0
151500, 8088, 0, 0
151500, 3536, 1, 0
152001, 7441, 0, 0
152001, 2922, 1, 0
152500, 5528, 0, 0
152500, 2384, 1, 0
153000, 6856, 0, 0
153000, 2880, 1, 0
153500, 9120, 0, 0
153500, 3720, 1, 0
154000, 9952, 0, 0
154000, 4128, 1, 0
154500, 9752, 0, 0
154500, 4232, 1, 0
155000, 9488, 0, 0
155000, 4056, 1, 0
155501, 8590, 0, 0
155501, 3273, 1, 0
156000, 8448, 0, 0
156000, 3368, 1, 0
156500, 7648, 0, 0
156500, 3464, 1, 0
157000, 7936, 0, 0
157000, 3664, 1, 0
157500, 7032, 0, 0
157500, 3024, 1, 0
158000, 7984, 0, 0
158000, 3408, 1, 0
158501, 7744, 0, 0
158501, 3169, 1, 0
159001, 5756, 0, 0
159001, 2267, 1, 0
159500, 6536, 0, 0
159500, 3240, 1, 0
160000, 7992, 0, 0
160000, 3304, 1, 0
160500, 7192, 0, 0
160500, 3016, 1, 0
161000, 5456, 0, 0
161000, 2496, 1, 0
161500, 6000, 0, 0
161500, 2776, 1, 0
162000, 6864, 0, 0
162000, 2904, 1, 0
162501, 6914, 0, 0
162501, 2898, 1, 0
163000, 8576, 0, 0
163000, 3480, 1, 0
163500, 7080, 0, 0
163500, 3000, 1, 0
164000, 7352, 0, 0
164000, 2712, 1, 0
164500, 7024, 0, 0
164500, 3168, 1, 0
165000, 7720, 0, 0
165000, 3136, 1, 0
165500, 8160, 0, 0
165500, 3784, 1, 0
166001, 8487, 0, 0
166001, 3608, 1, 0
166501, 8822, 0, 0
166501, 3616, 1, 0
167000, 9112, 0, 0
167000, 3872, 1, 0
167500, 9008, 0, 0
167500, 4056, 1, 0
168000, 8528, 0, 0
168000, 3904, 1, 0
168500, 7960, 0, 0
168500, 3504, 1, 0
169000, 6600, 0, 0
169000, 3128, 1, 0
169501, 6083, 0, 0
169501, 2650, 1, 0
170000, 7008, 0, 0
170000, 3288, 1, 0
170500, 7296, 0, 0
170500, 2912, 1, 0
171000, 6592, 0, 0
171000, 3000, 1, 0
171500, 5360, 0, 0
171500, 2416, 1, 0
172000, 4984, 0, 0
172000, 1832, 1, 0
172500, 3608, 0, 0
172500, 1448, 1, 0
173001, 5469, 0, 0
173001, 2491, 1, 0
173501, 4886, 0, 0
173501, 1996, 1, 0
174000, 7024, 0, 0
174000, 2968, 1, 0
174500, 5408, 0, 0
174500, 2280, 1, 0
175000, 8544, 0, 0
175000, 3760, 1, 0
175500, 8888, 0, 0
175500, 3808, 1, 0
176000, 9352, 0, 0
176000, 4120, 1, 0
176500, 8584, 0, 0
176500, 3656, 1, 0
177001, 8846, 0, 0
177001, 3760, 1, 0
177500, 8536, 0, 0
177500, 3856, 1, 0
178000, 8152, 0, 0
178000, 3488, 1, 0
178500, 9968, 0, 0
178500, 4336, 1, 0
179000, 9632, 0, 0
179000, 3936, 1, 0
179500, 10256, 0, 0
179500, 4920, 1, 0
180001, 10618, 0, 0
180001, 4614, 1, 0
