500, 1802, 0, 0
500, 832, 1, 0
1000, 1948, 0, 0
1000, 834, 1, 0
1500, 1750, 0, 0
1500, 726, 1, 0
2000, 1662, 0, 0
2000, 722, 1, 0
2501, 1744, 0, 0
2501, 728, 1, 0
3001, 1518, 0, 0
3001, 668, 1, 0
3501, 2031, 0, 0
3501, 908, 1, 0
4000, 2032, 0, 0
4000, 832, 1, 0
4500, 1838, 0, 0
4500, 738, 1, 0
5000, 2004, 0, 0
5000, 794, 1, 0
5500, 1816, 0, 0
5500, 750, 1, 0
6001, 2154, 0, 0
6001, 848, 1, 0
6501, 1940, 0, 0
6501, 836, 1, 0
7001, 1532, 0, 0
7001, 724, 1, 0
7500, 1356, 0, 0
7500, 584, 1, 0
8001, 1536, 0, 0
8001, 688, 1, 0
8500, 1674, 0, 0
8500, 722, 1, 0
9000, 1594, 0, 0
9000, 730, 1, 0
9501, 1546, 0, 0
9501, 738, 1, 0
10001, 1826, 0, 0
10001, 752, 1, 0
10501, 1678, 0, 0
10501, 696, 1, 0
11000, 1808, 0, 0
11000, 732, 1, 0
11500, 1730, 0, 0
11500, 794, 1, 0
12000, 1832, 0, 0
12000, 744, 1, 0
12500, 1898, 0, 0
12500, 798, 1, 0
13000, 1926, 0, 0
13000, 802, 1, 0
13501, 1902, 0, 0
13501, 782, 1, 0
14001, 2071, 0, 0
14001, 820, 1, 0
14500, 1978, 0, 0
14500, 874, 1, 0
15000, 1986, 0, 0
15000, 836, 1, 0
15500, 1894, 0, 0
15500, 842, 1, 0
16000, 1982, 0, 0
16000, 826, 1, 0
16500, 2056, 0, 0
16500, 852, 1, 0
17001, 1944, 0, 0
17001, 734, 1, 0
17501, 1896, 0, 0
17501, 850, 1, 0
18001, 1860, 0, 0
18001, 858, 1, 0
18500, 2080, 0, 0
18500, 940, 1, 0
19000, 1810, 0, 0
19000, 778, 1, 0
19500, 1906, 0, 0
19500, 714, 1, 0
20000, 1850, 0, 0
20000, 740, 1, 0
20500, 1846, 0, 0
20500, 826, 1, 0
21001, 1602, 0, 0
21001, 686, 1, 0
21501, 1173, 0, 0
21501, 514, 1, 0
22001, 2135, 0, 0
22001, 954, 1, 0
22500, 1894, 0, 0
22500, 870, 1, 0
23000, 1842, 0, 0
23000, 838, 1, 0
23500, 2090, 0, 0
23500, 888, 1, 0
24000, 1980, 0, 0
24000, 806, 1, 0
24501, 2099, 0, 0
24501, 972, 1, 0
25001, 1644, 0, 0
25001, 728, 1, 0
25501, 1902, 0, 0
25501, 844, 1, 0
26000, 2076, 0, 0
26000, 952, 1, 0
26500, 2076, 0, 0
26500, 946, 1, 0
27000, 1828, 0, 0
27000, 826, 1, 0
27500, 1978, 0, 0
27500, 894, 1, 0
28000, 1882, 0, 0
28000, 908, 1, 0
28501, 2109, 0, 0
28501, 924, 1, 0
29001, 1830, 0, 0
29001, 800, 1, 0
29500, 1828, 0, 0
29500, 928, 1, 0
30000, 1846, 0, 0
30000, 798, 1, 0
30500, 1712, 0, 0
30500, 736, 1, 0
31000, 1626, 0, 0
31000, 698, 1, 0
31500, 1586, 0, 0
31500, 640, 1, 0
32001, 1588, 0, 0
32001, 762, 1, 0
32501, 1900, 0, 0
32501, 782, 1, 0
33001, 2099, 0, 0
33001, 904, 1, 0
33500, 1524, 0, 0
33500, 650, 1, 0
34000, 666, 0, 0
34000, 320, 1, 0
34500, 1318, 0, 0
34500, 504, 1, 0
35000, 1816, 0, 0
35000, 748, 1, 0
35501, 2319, 0, 0
35501, 824, 1, 0
36001, 1862, 0, 0
36001, 888, 1, 0
36501, 2055, 0, 0
36501, 854, 1, 0
37000, 2026, 0, 0
37000, 804, 1, 0
37500, 2254, 0, 0
37500, 960, 1, 0
38000, 1708, 0, 0
38000, 720, 1, 0
38500, 1790, 0, 0
38500, 744, 1, 0
39000, 1516, 0, 0
39000, 714, 1, 0
39501, 1948, 0, 0
39501, 790, 1, 0
40001, 1467, 0, 0
40001, 622, 1, 0
40500, 1722, 0, 0
40500, 706, 1, 0
41000, 2132, 0, 0
41000, 992, 1, 0
41500, 1832, 0, 0
41500, 862, 1, 0
42000, 1936, 0, 0
42000, 874, 1, 0
42501, 1930, 0, 0
42501, 824, 1, 0
43001, 2267, 0, 0
43001, 924, 1, 0
43501, 2013, 0, 0
43501, 924, 1, 0
44000, 1984, 0, 0
44000, 892, 1, 0
44500, 2208, 0, 0
44500, 920, 1, 0
45000, 2018, 0, 0
45000, 810, 1, 0
45500, 1682, 0, 0
45500, 716, 1, 0
46001, 1658, 0, 0
46001, 810, 1, 0
46501, 1596, 0, 0
46501, 656, 1, 0
47001, 1752, 0, 0
47001, 678, 1, 0
47500, 1836, 0, 0
47500, 786, 1, 0
48000, 1796, 0, 0
48000, 808, 1, 0
48500, 1908, 0, 0
48500, 758, 1, 0
49000, 1100, 0, 0
49000, 494, 1, 0
49500, 1862, 0, 0
49500, 782, 1, 0
50001, 1568, 0, 0
50001, 636, 1, 0
50501, 1532, 0, 0
50501, 708, 1, 0
51000, 1762, 0, 0
51000, 764, 1, 0
51500, 1852, 0, 0
51500, 792, 1, 0
52000, 1966, 0, 0
52000, 890, 1, 0
52500, 1902, 0, 0
52500, 788, 1, 0
53001, 1864, 0, 0
53001, 784, 1, 0
53501, 2331, 0, 0
53501, 954, 1, 0
54001, 2043, 0, 0
54001, 824, 1, 0
54500, 1790, 0, 0
54500, 728, 1, 0
55000, 1500, 0, 0
55000, 618, 1, 0
55500, 1818, 0, 0
55500, 874, 1, 0
56000, 1758, 0, 0
56000, 742, 1, 0
56500, 2272, 0, 0
56500, 896, 1, 0
57001, 2169, 0, 0
57001, 836, 1, 0
57501, 2255, 0, 0
57501, 962, 1, 0
58000, 2188, 0, 0
58000, 906, 1, 0
58500, 2064, 0, 0
58500, 970, 1, 0
59000, 1978, 0, 0
59000, 776, 1, 0
59500, 1592, 0, 0
59500, 724, 1, 0
60000, 1678, 0, 0
60000, 804, 1, 0
60501, 1896, 0, 0
60501, 750, 1, 0
61001, 1608, 0, 0
61001, 724, 1, 0
61500, 2020, 0, 0
61500, 856, 1, 0
62000, 2184, 0, 0
62000, 948, 1, 0
62500, 1654, 0, 0
62500, 740, 1, 0
63000, 1942, 0, 0
63000, 854, 1, 0
63500, 1950, 0, 0
63500, 900, 1, 0
64001, 1622, 0, 0
64001, 728, 1, 0
64501, 1762, 0, 0
64501, 682, 1, 0
65000, 1784, 0, 0
65000, 722, 1, 0
65500, 2122, 0, 0
65500, 986, 1, 0
66000, 1970, 0, 0
66000, 952, 1, 0
66500, 2022, 0, 0
66500, 858, 1, 0
67001, 1546, 0, 0
67001, 592, 1, 0
67501, 1880, 0, 0
67501, 768, 1, 0
68001, 2173, 0, 0
68001, 878, 1, 0
68500, 2166, 0, 0
68500, 912, 1, 0
69000, 1854, 0, 0
69000, 770, 1, 0
69500, 2084, 0, 0
69500, 904, 1, 0
70000, 2056, 0, 0
70000, 920, 1, 0
70500, 1898, 0, 0
70500, 742, 1, 0
71001, 1906, 0, 0
71001, 748, 1, 0
71501, 1734, 0, 0
71501, 756, 1, 0
72000, 1494, 0, 0
72000, 646, 1, 0
72500, 1686, 0, 0
72500, 802, 1, 0
73000, 1760, 0, 0
73000, 776, 1, 0
73500, 2028, 0, 0
73500, 826, 1, 0
74000, 1842, 0, 0
74000, 804, 1, 0
74501, 1830, 0, 0
74501, 720, 1, 0
75001, 1696, 0, 0
75001, 702, 1, 0
75500, 1598, 0, 0
75500, 696, 1, 0
76000, 1680, 0, 0
76000, 654, 1, 0
76500, 1840, 0, 0
76500, 766, 1, 0
77000, 1800, 0, 0
77000, 680, 1, 0
77501, 2211, 0, 0
77501, 908, 1, 0
78001, 1860, 0, 0
78001, 770, 1, 0
78500, 1680, 0, 0
78500, 750, 1, 0
79000, 1832, 0, 0
79000, 842, 1, 0
79500, 1618, 0, 0
79500, 666, 1, 0
80000, 1774, 0, 0
80000, 710, 1, 0
80500, 1992, 0, 0
80500, 832, 1, 0
81001, 1818, 0, 0
81001, 774, 1, 0
81501, 1780, 0, 0
81501, 858, 1, 0
82001, 1602, 0, 0
82001, 638, 1, 0
82500, 1530, 0, 0
82500, 678, 1, 0
83000, 1562, 0, 0
83000, 648, 1, 0
83500, 1740, 0, 0
83500, 672, 1, 0
84000, 2064, 0, 0
84000, 808, 1, 0
84501, 1754, 0, 0
84501, 742, 1, 0
85001, 1946, 0, 0
85001, 806, 1, 0
85501, 2073, 0, 0
85501, 888, 1, 0
86000, 2066, 0, 0
86000, 768, 1, 0
86500, 1936, 0, 0
86500, 828, 1, 0
87000, 1356, 0, 0
87000, 606, 1, 0
87500, 2140, 0, 0
87500, 866, 1, 0
88001, 2167, 0, 0
88001, 928, 1, 0
88501, 1886, 0, 0
88501, 830, 1, 0
89000, 1934, 0, 0
89000, 912, 1, 0
89500, 1812, 0, 0
89500, 760, 1, 0
90000, 1744, 0, 0
90000, 754, 1, 0
90500, 2100, 0, 0
90500, 868, 1, 0
91000, 2226, 0, 0
91000, 1012, 1, 0
91501, 2103, 0, 0
91501, 936, 1, 0
92001, 1916, 0, 0
92001, 834, 1, 0
92500, 1774, 0, 0
92500, 736, 1, 0
93000, 1768, 0, 0
93000, 772, 1, 0
93500, 1706, 0, 0
93500, 710, 1, 0
94000, 1786, 0, 0
94000, 798, 1, 0
94500, 2034, 0, 0
94500, 784, 1, 0
95001, 1840, 0, 0
95001, 848, 1, 0
95501, 1882, 0, 0
95501, 790, 1, 0
96001, 2121, 0, 0
96001, 864, 1, 0
96500, 1774, 0, 0
96500, 812, 1, 0
97000, 1920, 0, 0
97000, 856, 1, 0
97500, 2044, 0, 0
97500, 912, 1, 0
98001, 1956, 0, 0
98001, 892, 1, 0
98501, 2073, 0, 0
98501, 898, 1, 0
99001, 2189, 0, 0
99001, 982, 1, 0
99501, 1842, 0, 0
99501, 682, 1, 0
100000, 1930, 0, 0
100000, 782, 1, 0
100500, 1688, 0, 0
100500, 740, 1, 0
101000, 1938, 0, 0
101000, 790, 1, 0
101500, 1990, 0, 0
101500, 916, 1, 0
102001, 1920, 0, 0
102001, 884, 1, 0
102501, 1862, 0, 0
102501, 836, 1, 0
103001, 1904, 0, 0
103001, 838, 1, 0
103500, 1404, 0, 0
103500, 646, 1, 0
104000, 2646, 0, 0
104000, 1076, 1, 0
104500, 2098, 0, 0
104500, 882, 1, 0
105000, 1340, 0, 0
105000, 484, 1, 0
105500, 1780, 0, 0
105500, 838, 1, 0
106001, 1221, 0, 0
106001, 552, 1, 0
106501, 2121, 0, 0
106501, 936, 1, 0
107000, 2192, 0, 0
107000, 928, 1, 0
107500, 1762, 0, 0
107500, 726, 1, 0
108000, 2066, 0, 0
108000, 868, 1, 0
108500, 1734, 0, 0
108500, 786, 1, 0
109000, 1660, 0, 0
109000, 684, 1, 0
109501, 1962, 0, 0
109501, 806, 1, 0
110001, 1956, 0, 0
110001, 868, 1, 0
110501, 1778, 0, 0
110501, 764, 1, 0
111000, 1770, 0, 0
111000, 808, 1, 0
111500, 1908, 0, 0
111500, 894, 1, 0
112000, 1804, 0, 0
112000, 784, 1, 0
112500, 1894, 0, 0
112500, 830, 1, 0
113001, 1834, 0, 0
113001, 824, 1, 0
113501, 1920, 0, 0
113501, 852, 1, 0
114000, 1810, 0, 0
114000, 776, 1, 0
114500, 1950, 0, 0
114500, 848, 1, 0
115000, 1360, 0, 0
115000, 536, 1, 0
115500, 2132, 0, 0
115500, 932, 1, 0
116001, 2044, 0, 0
116001, 1018, 1, 0
116501, 2243, 0, 0
116501, 964, 1, 0
117001, 2229, 0, 0
117001, 992, 1, 0
117500, 2020, 0, 0
117500, 870, 1, 0
118000, 1918, 0, 0
118000, 792, 1, 0
118500, 1856, 0, 0
118500, 710, 1, 0
119000, 2110, 0, 0
119000, 986, 1, 0
119501, 2238, 0, 0
119501, 984, 1, 0
120001, 2181, 0, 0
120001, 872, 1, 0
120501, 1964, 0, 0
120501, 886, 1, 0
121000, 2202, 0, 0
121000, 942, 1, 0
121500, 1768, 0, 0
121500, 788, 1, 0
122000, 1944, 0, 0
122000, 890, 1, 0
122500, 2250, 0, 0
122500, 902, 1, 0
123001, 2097, 0, 0
123001, 910, 1, 0
123501, 2199, 0, 0
123501, 868, 1, 0
124001, 1343, 0, 0
124001, 624, 1, 0
124500, 2074, 0, 0
124500, 882, 1, 0
125000, 1538, 0, 0
125000, 718, 1, 0
125500, 1856, 0, 0
125500, 842, 1, 0
126000, 1886, 0, 0
126000, 736, 1, 0
126501, 2281, 0, 0
126501, 1033, 1, 0
127001, 2197, 0, 0
127001, 958, 1, 0
127501, 2275, 0, 0
127501, 856, 1, 0
128000, 2054, 0, 0
128000, 994, 1, 0
128500, 2154, 0, 0
128500, 902, 1, 0
129000, 1988, 0, 0
129000, 786, 1, 0
129500, 2110, 0, 0
129500, 916, 1, 0
130000, 2150, 0, 0
130000, 1048, 1, 0
130501, 1792, 0, 0
130501, 748, 1, 0
131001, 2013, 0, 0
131001, 784, 1, 0
131500, 1904, 0, 0
131500, 810, 1, 0
132000, 1754, 0, 0
132000, 880, 1, 0
132500, 2084, 0, 0
132500, 930, 1, 0
133000, 2174, 0, 0
133000, 1002, 1, 0
133501, 1924, 0, 0
133501, 910, 1, 0
134001, 1782, 0, 0
134001, 792, 1, 0
134501, 2027, 0, 0
134501, 858, 1, 0
135000, 1582, 0, 0
135000, 668, 1, 0
135500, 2100, 0, 0
135500, 888, 1, 0
136000, 2050, 0, 0
136000, 824, 1, 0
136500, 1812, 0, 0
136500, 798, 1, 0
137000, 1666, 0, 0
137000, 664, 1, 0
137501, 1632, 0, 0
137501, 698, 1, 0
138001, 1780, 0, 0
138001, 752, 1, 0
138500, 1964, 0, 0
138500, 826, 1, 0
139000, 2260, 0, 0
139000, 978, 1, 0
139500, 2066, 0, 0
139500, 818, 1, 0
140000, 2080, 0, 0
140000, 856, 1, 0
140501, 1978, 0, 0
140501, 868, 1, 0
141001, 1858, 0, 0
141001, 804, 1, 0
141501, 1838, 0, 0
141501, 746, 1, 0
142000, 2104, 0, 0
142000, 898, 1, 0
142500, 2138, 0, 0
142500, 882, 1, 0
143000, 2080, 0, 0
143000, 870, 1, 0
143500, 2174, 0, 0
143500, 964, 1, 0
144000, 1832, 0, 0
144000, 854, 1, 0
144501, 2117, 0, 0
144501, 846, 1, 0
145001, 2147, 0, 0
145001, 932, 1, 0
145500, 1584, 0, 0
145500, 738, 1, 0
146000, 1956, 0, 0
146000, 834, 1, 0
146500, 2354, 0, 0
146500, 958, 1, 0
147000, 2102, 0, 0
147000, 894, 1, 0
147500, 2142, 0, 0
147500, 862, 1, 0
148001, 1970, 0, 0
148001, 872, 1, 0
148501, 1886, 0, 0
148501, 824, 1, 0
149000, 2172, 0, 0
149000, 870, 1, 0
149500, 1880, 0, 0
149500, 838, 1, 0
150000, 1932, 0, 0
150000, 776, 1, 0
150500, 2192, 0, 0
150500, 1018, 1, 0
151000, 2270, 0, 0
151000, 982, 1, 0
151501, 1708, 0, 0
151501, 760, 1, 0
152001, 2037, 0, 0
152001, 910, 1, 0
152500, 1778, 0, 0
152500, 758, 1, 0
153000, 1744, 0, 0
153000, 764, 1, 0
153500, 2182, 0, 0
153500, 1050, 1, 0
154000, 2300, 0, 0
154000, 1064, 1, 0
154500, 2388, 0, 0
154500, 1074, 1, 0
155001, 2403, 0, 0
155001, 1051, 1, 0
155501, 1942, 0, 0
155501, 886, 1, 0
156000, 2458, 0, 0
156000, 1062, 1, 0
156500, 2290, 0, 0
156500, 906, 1, 0
157000, 1720, 0, 0
157000, 766, 1, 0
157500, 1982, 0, 0
157500, 860, 1, 0
158000, 1978, 0, 0
158000, 818, 1, 0
158501, 1872, 0, 0
158501, 836, 1, 0
159001, 1738, 0, 0
159001, 718, 1, 0
159500, 1506, 0, 0
159500, 682, 1, 0
160000, 1682, 0, 0
160000, 714, 1, 0
160500, 1690, 0, 0
160500, 788, 1, 0
161000, 1872, 0, 0
161000, 828, 1, 0
161500, 1708, 0, 0
161500, 778, 1, 0
162001, 1618, 0, 0
162001, 676, 1, 0
162501, 1742, 0, 0
162501, 702, 1, 0
163000, 1678, 0, 0
163000, 766, 1, 0
163500, 1772, 0, 0
163500, 806, 1, 0
164000, 2010, 0, 0
164000, 854, 1, 0
164500, 1896, 0, 0
164500, 806, 1, 0
165000, 2198, 0, 0
165000, 900, 1, 0
165501, 1986, 0, 0
165501, 918, 1, 0
166001, 2219, 0, 0
166001, 964, 1, 0
166501, 2019, 0, 0
166501, 942, 1, 0
167000, 2200, 0, 0
167000, 944, 1, 0
167500, 2340, 0, 0
167500, 1000, 1, 0
168000, 2208, 0, 0
168000, 978, 1, 0
168500, 1808, 0, 0
168500, 868, 1, 0
169001, 1596, 0, 0
169001, 676, 1, 0
169501, 1798, 0, 0
169501, 760, 1, 0
170000, 1766, 0, 0
170000, 778, 1, 0
170500, 1958, 0, 0
170500, 870, 1, 0
171000, 2214, 0, 0
171000, 942, 1, 0
171500, 1210, 0, 0
171500, 472, 1, 0
172000, 1254, 0, 0
172000, 442, 1, 0
172501, 654, 0, 0
172501, 358, 1, 0
173001, 1514, 0, 0
173001, 664, 1, 0
173501, 1207, 0, 0
173501, 500, 1, 0
174000, 2296, 0, 0
174000, 862, 1, 0
174500, 1474, 0, 0
174500, 594, 1, 0
175000, 2076, 0, 0
175000, 868, 1, 0
175500, 2178, 0, 0
175500, 938, 1, 0
176000, 2278, 0, 0
176000, 932, 1, 0
176501, 2229, 0, 0
176501, 1019, 1, 0
177001, 2147, 0, 0
177001, 894, 1, 0
177500, 2200, 0, 0
177500, 998, 1, 0
178000, 2114, 0, 0
178000, 878, 1, 0
178500, 2664, 0, 0
178500, 1042, 1, 0
179000, 2594, 0, 0
179000, 1030, 1, 0
179500, 2444, 0, 0
179500, 1094, 1, 0
180001, 2726, 0, 0
180001, 1177, 1, 0
