500, 27592, 1, 0
1000, 30160, 1, 0
1500, 26488, 1, 0
2000, 29384, 1, 0
2500, 29536, 1, 0
3000, 25576, 1, 0
3500, 27360, 1, 0
4000, 25808, 1, 0
4500, 20968, 1, 0
5000, 30632, 1, 0
5500, 29992, 1, 0
6000, 28840, 1, 0
6500, 28712, 1, 0
7000, 28664, 1, 0
7500, 27752, 1, 0
8000, 30648, 1, 0
8500, 28352, 1, 0
9000, 29472, 1, 0
9500, 28232, 1, 0
10000, 24648, 1, 0
10500, 24080, 1, 0
11000, 17296, 1, 0
11500, 25216, 1, 0
12000, 27888, 1, 0
12500, 29536, 1, 0
13000, 30680, 1, 0
13500, 27504, 1, 0
14000, 31544, 1, 0
14500, 25904, 1, 0
15000, 25616, 1, 0
15500, 25744, 1, 0
16000, 27232, 1, 0
16500, 29312, 1, 0
17000, 24320, 1, 0
17500, 26088, 1, 0
18000, 28352, 1, 0
18500, 26864, 1, 0
19000, 27224, 1, 0
19500, 26792, 1, 0
20000, 26176, 1, 0
20500, 30064, 1, 0
21000, 28328, 1, 0
21500, 26880, 1, 0
22000, 29584, 1, 0
22500, 25744, 1, 0
23000, 25672, 1, 0
23500, 23544, 1, 0
24000, 26280, 1, 0
24500, 26648, 1, 0
25000, 28272, 1, 0
25500, 28904, 1, 0
26000, 28488, 1, 0
26500, 28304, 1, 0
27000, 28712, 1, 0
27500, 30168, 1, 0
28000, 23264, 1, 0
28500, 22520, 1, 0
29000, 26504, 1, 0
29500, 25144, 1, 0
30000, 28288, 1, 0
30500, 28480, 1, 0
31000, 29800, 1, 0
31500, 28192, 1, 0
32000, 28656, 1, 0
32500, 25584, 1, 0
33000, 23312, 1, 0
33500, 25400, 1, 0
34000, 25456, 1, 0
34500, 22944, 1, 0
35000, 24944, 1, 0
35500, 25392, 1, 0
36000, 24704, 1, 0
36500, 24600, 1, 0
37000, 26496, 1, 0
37500, 27368, 1, 0
38000, 25824, 1, 0
38500, 26120, 1, 0
39000, 24704, 1, 0
39500, 24104, 1, 0
40000, 24760, 1, 0
40500, 29208, 1, 0
41000, 27856, 1, 0
41500, 27824, 1, 0
42000, 30360, 1, 0
42500, 30408, 1, 0
43000, 26392, 1, 0
43500, 28208, 1, 0
44000, 26768, 1, 0
44500, 27336, 1, 0
45000, 26720, 1, 0
45500, 28224, 1, 0
46000, 26984, 1, 0
46500, 28072, 1, 0
47000, 26688, 1, 0
47500, 26928, 1, 0
48000, 27144, 1, 0
48500, 28728, 1, 0
49000, 26672, 1, 0
49500, 24824, 1, 0
50000, 25224, 1, 0
50500, 25336, 1, 0
51000, 25736, 1, 0
51500, 26392, 1, 0
52000, 16984, 1, 0
52500, 22400, 1, 0
53000, 15736, 1, 0
53500, 23688, 1, 0
54000, 25016, 1, 0
54500, 25360, 1, 0
55000, 27176, 1, 0
55500, 24160, 1, 0
56000, 22992, 1, 0
56500, 23360, 1, 0
57000, 24592, 1, 0
57500, 26096, 1, 0
58000, 26208, 1, 0
58500, 24712, 1, 0
59000, 24488, 1, 0
59500, 27192, 1, 0
60000, 30296, 1, 0
60500, 29016, 1, 0
61000, 32368, 1, 0
61500, 27536, 1, 0
62000, 29264, 1, 0
62500, 25328, 1, 0
63000, 27624, 1, 0
63500, 25816, 1, 0
64000, 25856, 1, 0
64500, 25664, 1, 0
65000, 27864, 1, 0
65500, 28496, 1, 0
66000, 26088, 1, 0
66500, 27584, 1, 0
67000, 28872, 1, 0
67500, 26760, 1, 0
68000, 23336, 1, 0
68500, 22744, 1, 0
69000, 23800, 1, 0
69500, 23104, 1, 0
70000, 25160, 1, 0
70500, 26072, 1, 0
71000, 21128, 1, 0
71500, 22936, 1, 0
72000, 23952, 1, 0
72500, 24648, 1, 0
73000, 26120, 1, 0
73500, 26648, 1, 0
74000, 6888, 1, 0
74500, 27304, 1, 0
75000, 28752, 1, 0
75500, 28584, 1, 0
76000, 23104, 1, 0
76500, 22312, 1, 0
77000, 26160, 1, 0
77500, 28592, 1, 0
78000, 28184, 1, 0
78500, 28728, 1, 0
79000, 27672, 1, 0
79500, 26032, 1, 0
80000, 26192, 1, 0
80500, 27368, 1, 0
81000, 26856, 1, 0
81500, 26752, 1, 0
82000, 27608, 1, 0
82500, 24744, 1, 0
83000, 24632, 1, 0
83500, 24296, 1, 0
84000, 22696, 1, 0
84500, 26144, 1, 0
85000, 24144, 1, 0
85500, 25112, 1, 0
86000, 25312, 1, 0
86500, 22320, 1, 0
87000, 24960, 1, 0
87500, 25872, 1, 0
88000, 26592, 1, 0
88500, 25520, 1, 0
89000, 24496, 1, 0
89500, 26800, 1, 0
90000, 28816, 1, 0
90500, 26392, 1, 0
91000, 28360, 1, 0
91500, 25904, 1, 0
92000, 28512, 1, 0
92500, 25696, 1, 0
93000, 27624, 1, 0
93500, 25064, 1, 0
94000, 26072, 1, 0
94500, 25960, 1, 0
95000, 24704, 1, 0
95500, 24192, 1, 0
96000, 27072, 1, 0
96500, 29264, 1, 0
97000, 27424, 1, 0
97500, 28304, 1, 0
98000, 25288, 1, 0
98500, 28280, 1, 0
99000, 28392, 1, 0
99500, 24864, 1, 0
100000, 25552, 1, 0
100500, 22984, 1, 0
101000, 25240, 1, 0
101500, 24480, 1, 0
102000, 26736, 1, 0
102500, 26592, 1, 0
103000, 23120, 1, 0
103500, 24432, 1, 0
104000, 26128, 1, 0
104500, 26360, 1, 0
105000, 24024, 1, 0
105500, 23464, 1, 0
106000, 20672, 1, 0
106500, 24616, 1, 0
107000, 25544, 1, 0
107500, 26320, 1, 0
108000, 26152, 1, 0
108500, 27376, 1, 0
109000, 26896, 1, 0
109500, 23864, 1, 0
110000, 26376, 1, 0
110500, 25760, 1, 0
111000, 24536, 1, 0
111500, 25000, 1, 0
112000, 27192, 1, 0
112500, 29080, 1, 0
113000, 27000, 1, 0
113500, 28864, 1, 0
114000, 26712, 1, 0
114500, 27856, 1, 0
115000, 29632, 1, 0
115500, 27976, 1, 0
116000, 26112, 1, 0
116500, 26320, 1, 0
117000, 22472, 1, 0
117500, 22744, 1, 0
118000, 22816, 1, 0
118500, 26120, 1, 0
119000, 27656, 1, 0
119500, 27592, 1, 0
120000, 28064, 1, 0
120500, 29192, 1, 0
121000, 26160, 1, 0
121500, 26968, 1, 0
122000, 29856, 1, 0
122500, 26984, 1, 0
123000, 24856, 1, 0
123500, 23168, 1, 0
124000, 22504, 1, 0
124500, 22688, 1, 0
125000, 24064, 1, 0
125500, 24432, 1, 0
126000, 25816, 1, 0
126500, 23072, 1, 0
127000, 27328, 1, 0
127500, 29128, 1, 0
128000, 31544, 1, 0
128500, 26264, 1, 0
129000, 25560, 1, 0
129500, 26160, 1, 0
130000, 28560, 1, 0
130500, 25672, 1, 0
131000, 24840, 1, 0
131500, 22008, 1, 0
132000, 27040, 1, 0
132500, 27664, 1, 0
133000, 29128, 1, 0
133500, 28528, 1, 0
134000, 27208, 1, 0
134500, 24400, 1, 0
135000, 25192, 1, 0
135500, 27800, 1, 0
136000, 26120, 1, 0
136500, 26040, 1, 0
137000, 25144, 1, 0
137500, 28144, 1, 0
138000, 27096, 1, 0
138500, 26184, 1, 0
139000, 27304, 1, 0
139500, 25680, 1, 0
140000, 27392, 1, 0
140500, 23896, 1, 0
141000, 23904, 1, 0
141500, 23560, 1, 0
142000, 13056, 1, 0
142500, 9256, 1, 0
143000, 24144, 1, 0
143500, 23624, 1, 0
144000, 25888, 1, 0
144500, 26600, 1, 0
145000, 28040, 1, 0
145500, 29232, 1, 0
146000, 27680, 1, 0
146500, 24464, 1, 0
147000, 26680, 1, 0
147500, 29144, 1, 0
148000, 28680, 1, 0
148500, 25664, 1, 0
149000, 25040, 1, 0
149500, 27504, 1, 0
150000, 30632, 1, 0
150500, 26192, 1, 0
151000, 26152, 1, 0
151500, 25968, 1, 0
152000, 25768, 1, 0
152500, 25616, 1, 0
153000, 26768, 1, 0
153500, 26480, 1, 0
154000, 27320, 1, 0
154500, 25584, 1, 0
155000, 26544, 1, 0
155500, 26928, 1, 0
156000, 26336, 1, 0
156500, 26696, 1, 0
157000, 27784, 1, 0
157500, 29096, 1, 0
158000, 26144, 1, 0
158500, 23128, 1, 0
159000, 23376, 1, 0
159500, 27592, 1, 0
160000, 27240, 1, 0
160500, 25920, 1, 0
161000, 24832, 1, 0
161500, 23136, 1, 0
162000, 26192, 1, 0
162500, 26992, 1, 0
163000, 24776, 1, 0
163500, 23528, 1, 0
164000, 25664, 1, 0
164500, 26760, 1, 0
165000, 27040, 1, 0
165500, 26648, 1, 0
166000, 25048, 1, 0
166500, 23096, 1, 0
167000, 22576, 1, 0
167500, 25576, 1, 0
168000, 24568, 1, 0
168500, 25336, 1, 0
169000, 26368, 1, 0
169500, 25360, 1, 0
170000, 20064, 1, 0
170500, 25232, 1, 0
171000, 27752, 1, 0
171500, 26672, 1, 0
172000, 28024, 1, 0
172500, 28880, 1, 0
173000, 24600, 1, 0
173500, 24696, 1, 0
174000, 28120, 1, 0
174500, 26760, 1, 0
175000, 25544, 1, 0
175500, 25600, 1, 0
176000, 21928, 1, 0
176500, 22576, 1, 0
177000, 26912, 1, 0
177500, 28648, 1, 0
178000, 24616, 1, 0
178500, 32096, 1, 0
179000, 35760, 1, 0
179500, 30264, 1, 0
180000, 35936, 1, 0
