500, 6898, 1, 0
1000, 7540, 1, 0
1500, 6622, 1, 0
2000, 7346, 1, 0
2500, 7384, 1, 0
3000, 6394, 1, 0
3500, 6840, 1, 0
4000, 6452, 1, 0
4500, 5242, 1, 0
5000, 7658, 1, 0
5500, 7498, 1, 0
6000, 7210, 1, 0
6500, 7178, 1, 0
7000, 7166, 1, 0
7500, 6938, 1, 0
8000, 7662, 1, 0
8500, 7088, 1, 0
9000, 7368, 1, 0
9500, 7058, 1, 0
10000, 6162, 1, 0
10500, 6020, 1, 0
11000, 4324, 1, 0
11500, 6304, 1, 0
12000, 6972, 1, 0
12500, 7384, 1, 0
13000, 7670, 1, 0
13500, 6876, 1, 0
14000, 7886, 1, 0
14500, 6476, 1, 0
15000, 6404, 1, 0
15500, 6436, 1, 0
16000, 6808, 1, 0
16500, 7328, 1, 0
17000, 6080, 1, 0
17500, 6522, 1, 0
18000, 7088, 1, 0
18500, 6716, 1, 0
19000, 6806, 1, 0
19500, 6698, 1, 0
20000, 6544, 1, 0
20500, 7514, 1, 0
21000, 7082, 1, 0
21500, 6720, 1, 0
22000, 7396, 1, 0
22500, 6436, 1, 0
23000, 6418, 1, 0
23500, 5886, 1, 0
24000, 6570, 1, 0
24500, 6662, 1, 0
25000, 7068, 1, 0
25500, 7226, 1, 0
26000, 7122, 1, 0
26500, 7076, 1, 0
27000, 7178, 1, 0
27500, 7542, 1, 0
28000, 5816, 1, 0
28500, 5630, 1, 0
29000, 6626, 1, 0
29500, 6286, 1, 0
30000, 7072, 1, 0
30500, 7120, 1, 0
31000, 7450, 1, 0
31500, 7048, 1, 0
32000, 7164, 1, 0
32500, 6396, 1, 0
33000, 5828, 1, 0
33500, 6350, 1, 0
34000, 6364, 1, 0
34500, 5736, 1, 0
35000, 6236, 1, 0
35500, 6348, 1, 0
36000, 6176, 1, 0
36500, 6150, 1, 0
37000, 6624, 1, 0
37500, 6842, 1, 0
38000, 6456, 1, 0
38500, 6530, 1, 0
39000, 6176, 1, 0
39500, 6026, 1, 0
40000, 6190, 1, 0
40500, 7302, 1, 0
41000, 6964, 1, 0
41500, 6956, 1, 0
42000, 7590, 1, 0
42500, 7602, 1, 0
43000, 6598, 1, 0
43500, 7052, 1, 0
44000, 6692, 1, 0
44500, 6834, 1, 0
45000, 6680, 1, 0
45500, 7056, 1, 0
46000, 6746, 1, 0
46500, 7018, 1, 0
47000, 6672, 1, 0
47500, 6732, 1, 0
48000, 6786, 1, 0
48500, 7182, 1, 0
49000, 6668, 1, 0
49500, 6206, 1, 0
50000, 6306, 1, 0
50500, 6334, 1, 0
51000, 6434, 1, 0
51500, 6598, 1, 0
52000, 4246, 1, 0
52500, 5600, 1, 0
53000, 3934, 1, 0
53500, 5922, 1, 0
54000, 6254, 1, 0
54500, 6340, 1, 0
55000, 6794, 1, 0
55500, 6040, 1, 0
56000, 5748, 1, 0
56500, 5840, 1, 0
57000, 6148, 1, 0
57500, 6524, 1, 0
58000, 6552, 1, 0
58500, 6178, 1, 0
59000, 6122, 1, 0
59500, 6798, 1, 0
60000, 7574, 1, 0
60500, 7254, 1, 0
61000, 8092, 1, 0
61500, 6884, 1, 0
62000, 7316, 1, 0
62500, 6332, 1, 0
63000, 6906, 1, 0
63500, 6454, 1, 0
64000, 6464, 1, 0
64500, 6416, 1, 0
65000, 6966, 1, 0
65500, 7124, 1, 0
66000, 6522, 1, 0
66500, 6896, 1, 0
67000, 7218, 1, 0
67500, 6690, 1, 0
68000, 5834, 1, 0
68500, 5686, 1, 0
69000, 5950, 1, 0
69500, 5776, 1, 0
70000, 6290, 1, 0
70500, 6518, 1, 0
71000, 5282, 1, 0
71500, 5734, 1, 0
72000, 5988, 1, 0
72500, 6162, 1, 0
73000, 6530, 1, 0
73500, 6662, 1, 0
74000, 1722, 1, 0
74500, 6826, 1, 0
75000, 7188, 1, 0
75500, 7146, 1, 0
76000, 5776, 1, 0
76500, 5578, 1, 0
77000, 6540, 1, 0
77500, 7148, 1, 0
78000, 7046, 1, 0
78500, 7182, 1, 0
79000, 6918, 1, 0
79500, 6508, 1, 0
80000, 6548, 1, 0
80500, 6842, 1, 0
81000, 6714, 1, 0
81500, 6688, 1, 0
82000, 6902, 1, 0
82500, 6186, 1, 0
83000, 6158, 1, 0
83500, 6074, 1, 0
84000, 5674, 1, 0
84500, 6536, 1, 0
85000, 6036, 1, 0
85500, 6278, 1, 0
86000, 6330, 1, 0
86500, 5580, 1, 0
87000, 6240, 1, 0
87500, 6468, 1, 0
88000, 6648, 1, 0
88500, 6380, 1, 0
89000, 6124, 1, 0
89500, 6700, 1, 0
90000, 7204, 1, 0
90500, 6598, 1, 0
91000, 7090, 1, 0
91500, 6476, 1, 0
92000, 7128, 1, 0
92500, 6424, 1, 0
93000, 6906, 1, 0
93500, 6266, 1, 0
94000, 6518, 1, 0
94500, 6490, 1, 0
95000, 6176, 1, 0
95500, 6048, 1, 0
96000, 6764, 1, 0
96500, 7316, 1, 0
97000, 6856, 1, 0
97500, 7076, 1, 0
98000, 6322, 1, 0
98500, 7070, 1, 0
99000, 7098, 1, 0
99500, 6216, 1, 0
100000, 6388, 1, 0
100500, 5746, 1, 0
101000, 6310, 1, 0
101500, 6120, 1, 0
102000, 6684, 1, 0
102500, 6648, 1, 0
103000, 5780, 1, 0
103500, 6108, 1, 0
104000, 6532, 1, 0
104500, 6590, 1, 0
105000, 6006, 1, 0
105500, 5866, 1, 0
106000, 5168, 1, 0
106500, 6154, 1, 0
107000, 6386, 1, 0
107500, 6580, 1, 0
108000, 6538, 1, 0
108500, 6844, 1, 0
109000, 6724, 1, 0
109500, 5966, 1, 0
110000, 6594, 1, 0
110500, 6440, 1, 0
111000, 6134, 1, 0
111500, 6250, 1, 0
112000, 6798, 1, 0
112500, 7270, 1, 0
113000, 6750, 1, 0
113500, 7216, 1, 0
114000, 6678, 1, 0
114500, 6964, 1, 0
115000, 7408, 1, 0
115500, 6994, 1, 0
116000, 6528, 1, 0
116500, 6580, 1, 0
117000, 5618, 1, 0
117500, 5686, 1, 0
118000, 5704, 1, 0
118500, 6530, 1, 0
119000, 6914, 1, 0
119500, 6898, 1, 0
120000, 7016, 1, 0
120500, 7298, 1, 0
121000, 6540, 1, 0
121500, 6742, 1, 0
122000, 7464, 1, 0
122500, 6746, 1, 0
123000, 6214, 1, 0
123500, 5792, 1, 0
124000, 5626, 1, 0
124500, 5672, 1, 0
125000, 6016, 1, 0
125500, 6108, 1, 0
126000, 6454, 1, 0
126500, 5768, 1, 0
127000, 6832, 1, 0
127500, 7282, 1, 0
128000, 7886, 1, 0
128500, 6566, 1, 0
129000, 6390, 1, 0
129500, 6540, 1, 0
130000, 7140, 1, 0
130500, 6418, 1, 0
131000, 6210, 1, 0
131500, 5502, 1, 0
132000, 6760, 1, 0
132500, 6916, 1, 0
133000, 7282, 1, 0
133500, 7132, 1, 0
134000, 6802, 1, 0
134500, 6100, 1, 0
135000, 6298, 1, 0
135500, 6950, 1, 0
136000, 6530, 1, 0
136500, 6510, 1, 0
137000, 6286, 1, 0
137500, 7036, 1, 0
138000, 6774, 1, 0
138500, 6546, 1, 0
139000, 6826, 1, 0
139500, 6420, 1, 0
140000, 6848, 1, 0
140500, 5974, 1, 0
141000, 5976, 1, 0
141500, 5890, 1, 0
142000, 3264, 1, 0
142500, 2314, 1, 0
143000, 6036, 1, 0
143500, 5906, 1, 0
144000, 6472, 1, 0
144500, 6650, 1, 0
145000, 7010, 1, 0
145500, 7308, 1, 0
146000, 6920, 1, 0
146500, 6116, 1, 0
147000, 6670, 1, 0
147500, 7286, 1, 0
148000, 7170, 1, 0
148500, 6416, 1, 0
149000, 6260, 1, 0
149500, 6876, 1, 0
150000, 7658, 1, 0
150500, 6548, 1, 0
151000, 6538, 1, 0
151500, 6492, 1, 0
152000, 6442, 1, 0
152500, 6404, 1, 0
153000, 6692, 1, 0
153500, 6620, 1, 0
154000, 6830, 1, 0
154500, 6396, 1, 0
155000, 6636, 1, 0
155500, 6732, 1, 0
156000, 6584, 1, 0
156500, 6674, 1, 0
157000, 6946, 1, 0
157500, 7274, 1, 0
158000, 6536, 1, 0
158500, 5782, 1, 0
159000, 5844, 1, 0
159500, 6898, 1, 0
160000, 6810, 1, 0
160500, 6480, 1, 0
161000, 6208, 1, 0
161500, 5784, 1, 0
162000, 6548, 1, 0
162500, 6748, 1, 0
163000, 6196, 1, 0
163500, 5882, 1, 0
164000, 6416, 1, 0
164500, 6690, 1, 0
165000, 6760, 1, 0
165500, 6662, 1, 0
166000, 6262, 1, 0
166500, 5774, 1, 0
167000, 5644, 1, 0
167500, 6394, 1, 0
168000, 6142, 1, 0
168500, 6334, 1, 0
169000, 6592, 1, 0
169500, 6340, 1, 0
170000, 5016, 1, 0
170500, 6308, 1, 0
171000, 6938, 1, 0
171500, 6668, 1, 0
172000, 7006, 1, 0
172500, 7220, 1, 0
173000, 6150, 1, 0
173500, 6174, 1, 0
174000, 7030, 1, 0
174500, 6690, 1, 0
175000, 6386, 1, 0
175500, 6400, 1, 0
176000, 5482, 1, 0
176500, 5644, 1, 0
177000, 6728, 1, 0
177500, 7164, 1, 0
178000, 6154, 1, 0
178500, 8024, 1, 0
179000, 8940, 1, 0
179500, 7566, 1, 0
180000, 8984, 1, 0
