501, 27024, 1, 0
1000, 30104, 1, 0
1500, 26480, 1, 0
2000, 29480, 1, 0
2500, 30104, 1, 0
3000, 24896, 1, 0
3501, 27656, 1, 0
4000, 25600, 1, 0
4500, 21432, 1, 0
5000, 30928, 1, 0
5500, 29840, 1, 0
6001, 28942, 1, 0
6500, 28360, 1, 0
7000, 28504, 1, 0
7500, 27920, 1, 0
8000, 30808, 1, 0
8500, 28256, 1, 0
9001, 29700, 1, 0
9500, 29048, 1, 0
10000, 24296, 1, 0
10500, 23720, 1, 0
11000, 17192, 1, 0
11500, 25520, 1, 0
12001, 27800, 1, 0
12500, 29296, 1, 0
13000, 30624, 1, 0
13500, 27296, 1, 0
14000, 31480, 1, 0
14500, 25856, 1, 0
15001, 26323, 1, 0
15500, 25264, 1, 0
16000, 27688, 1, 0
16500, 29208, 1, 0
17000, 24352, 1, 0
17501, 25844, 1, 0
18000, 28680, 1, 0
18500, 26384, 1, 0
19000, 27816, 1, 0
19500, 26456, 1, 0
20000, 26384, 1, 0
20501, 30155, 1, 0
21000, 28208, 1, 0
21500, 26144, 1, 0
22000, 29336, 1, 0
22500, 25696, 1, 0
23001, 25564, 1, 0
23500, 23856, 1, 0
24000, 26488, 1, 0
24500, 26424, 1, 0
25000, 28544, 1, 0
25500, 28664, 1, 0
26001, 28471, 1, 0
26500, 28640, 1, 0
27000, 29016, 1, 0
27500, 29912, 1, 0
28000, 22560, 1, 0
28500, 22432, 1, 0
29001, 26770, 1, 0
29500, 25032, 1, 0
30000, 28536, 1, 0
30500, 28352, 1, 0
31000, 28992, 1, 0
31500, 27888, 1, 0
32000, 28424, 1, 0
32500, 26120, 1, 0
33000, 24120, 1, 0
33500, 25472, 1, 0
34001, 24910, 1, 0
34500, 22664, 1, 0
35000, 25064, 1, 0
35500, 26208, 1, 0
36000, 24424, 1, 0
36500, 24736, 1, 0
37000, 26824, 1, 0
37500, 26880, 1, 0
38000, 25648, 1, 0
38500, 26120, 1, 0
39000, 24624, 1, 0
39500, 24840, 1, 0
40000, 24624, 1, 0
40500, 28680, 1, 0
41000, 28496, 1, 0
41500, 28048, 1, 0
42000, 30128, 1, 0
42500, 30528, 1, 0
43000, 26624, 1, 0
43500, 27192, 1, 0
44000, 28016, 1, 0
44500, 27272, 1, 0
45001, 26898, 1, 0
45500, 27688, 1, 0
46000, 26576, 1, 0
46500, 28296, 1, 0
47000, 26624, 1, 0
47500, 26848, 1, 0
48000, 27128, 1, 0
48500, 28464, 1, 0
49000, 26416, 1, 0
49500, 25192, 1, 0
50001, 24902, 1, 0
50500, 25216, 1, 0
51000, 25960, 1, 0
51500, 26992, 1, 0
52000, 17264, 1, 0
52501, 22155, 1, 0
53000, 15448, 1, 0
53500, 23736, 1, 0
54000, 24576, 1, 0
54500, 25264, 1, 0
55000, 26856, 1, 0
55501, 24295, 1, 0
56000, 23168, 1, 0
56500, 23416, 1, 0
57000, 24432, 1, 0
57500, 25920, 1, 0
58000, 25728, 1, 0
58500, 24512, 1, 0
59000, 25384, 1, 0
59500, 26480, 1, 0
60000, 30576, 1, 0
60500, 29360, 1, 0
61000, 31728, 1, 0
61500, 27368, 1, 0
62000, 29608, 1, 0
62500, 24880, 1, 0
63000, 27032, 1, 0
63501, 25437, 1, 0
64000, 25856, 1, 0
64500, 25936, 1, 0
65000, 28088, 1, 0
65500, 28648, 1, 0
66000, 26208, 1, 0
66501, 27584, 1, 0
67000, 28184, 1, 0
67500, 27264, 1, 0
68000, 23584, 1, 0
68500, 22864, 1, 0
69001, 22602, 1, 0
69500, 22936, 1, 0
70000, 25568, 1, 0
70500, 25960, 1, 0
71000, 21256, 1, 0
71501, 22986, 1, 0
72000, 24504, 1, 0
72500, 23800, 1, 0
73000, 25944, 1, 0
73500, 27096, 1, 0
74001, 6906, 1, 0
74500, 26544, 1, 0
75000, 28792, 1, 0
75500, 28912, 1, 0
76000, 23504, 1, 0
76500, 22992, 1, 0
77001, 25564, 1, 0
77500, 28392, 1, 0
78000, 27496, 1, 0
78500, 28720, 1, 0
79000, 27584, 1, 0
79500, 25648, 1, 0
80000, 25952, 1, 0
80500, 27544, 1, 0
81000, 27440, 1, 0
81500, 25872, 1, 0
82000, 27344, 1, 0
82500, 24600, 1, 0
83000, 24672, 1, 0
83500, 24008, 1, 0
84000, 22048, 1, 0
84500, 26456, 1, 0
85001, 24423, 1, 0
85500, 25584, 1, 0
86000, 25040, 1, 0
86500, 22344, 1, 0
87000, 25312, 1, 0
87501, 25652, 1, 0
88000, 26664, 1, 0
88500, 25200, 1, 0
89000, 24840, 1, 0
89500, 27032, 1, 0
90000, 28712, 1, 0
90500, 27168, 1, 0
91000, 28344, 1, 0
91501, 25421, 1, 0
92000, 28080, 1, 0
92500, 25648, 1, 0
93001, 26634, 1, 0
93500, 25120, 1, 0
94000, 25736, 1, 0
94500, 25848, 1, 0
95000, 24824, 1, 0
95501, 24423, 1, 0
96000, 26904, 1, 0
96500, 28640, 1, 0
97000, 27272, 1, 0
97500, 27960, 1, 0
98000, 26056, 1, 0
98500, 27544, 1, 0
99000, 28736, 1, 0
99500, 25232, 1, 0
100000, 25656, 1, 0
100500, 23344, 1, 0
101000, 25424, 1, 0
101500, 23824, 1, 0
102000, 26312, 1, 0
102500, 26464, 1, 0
103000, 23080, 1, 0
103501, 24207, 1, 0
104000, 26096, 1, 0
104500, 26440, 1, 0
105000, 23856, 1, 0
105500, 23392, 1, 0
106001, 20375, 1, 0
106500, 24160, 1, 0
107000, 24992, 1, 0
107500, 26928, 1, 0
108000, 26432, 1, 0
108500, 27704, 1, 0
109001, 26578, 1, 0
109500, 23344, 1, 0
110000, 26728, 1, 0
110500, 26088, 1, 0
111000, 24976, 1, 0
111500, 25120, 1, 0
112001, 27305, 1, 0
112500, 29608, 1, 0
113000, 26744, 1, 0
113500, 28160, 1, 0
114000, 27176, 1, 0
114500, 27560, 1, 0
115000, 29416, 1, 0
115500, 27936, 1, 0
116000, 25496, 1, 0
116500, 26624, 1, 0
117000, 22536, 1, 0
117501, 22850, 1, 0
118000, 23120, 1, 0
118500, 26384, 1, 0
119000, 27360, 1, 0
119500, 27280, 1, 0
120000, 28440, 1, 0
120500, 29160, 1, 0
121000, 26408, 1, 0
121500, 27088, 1, 0
122000, 29384, 1, 0
122500, 27200, 1, 0
123000, 24592, 1, 0
123500, 23208, 1, 0
124000, 22352, 1, 0
124501, 22618, 1, 0
125000, 24144, 1, 0
125500, 24520, 1, 0
126000, 25928, 1, 0
126500, 22672, 1, 0
127000, 26792, 1, 0
127500, 29488, 1, 0
128000, 30736, 1, 0
128500, 26968, 1, 0
129000, 25864, 1, 0
129500, 25824, 1, 0
130001, 28654, 1, 0
130500, 25856, 1, 0
131000, 24480, 1, 0
131500, 21992, 1, 0
132000, 26504, 1, 0
132500, 27664, 1, 0
133000, 29352, 1, 0
133500, 28872, 1, 0
134000, 27064, 1, 0
134500, 24240, 1, 0
135000, 25320, 1, 0
135501, 28047, 1, 0
136000, 25672, 1, 0
136500, 25944, 1, 0
137000, 24888, 1, 0
137500, 28232, 1, 0
138000, 26744, 1, 0
138500, 26440, 1, 0
139000, 26816, 1, 0
139500, 26544, 1, 0
140000, 27424, 1, 0
140500, 23584, 1, 0
141001, 23584, 1, 0
141500, 23408, 1, 0
142000, 13344, 1, 0
142500, 9128, 1, 0
143000, 24088, 1, 0
143500, 23552, 1, 0
144001, 26235, 1, 0
144500, 26304, 1, 0
145000, 27160, 1, 0
145500, 29480, 1, 0
146000, 27920, 1, 0
146500, 25064, 1, 0
147001, 26930, 1, 0
147500, 28952, 1, 0
148000, 28392, 1, 0
148500, 25664, 1, 0
149000, 25224, 1, 0
149501, 27321, 1, 0
150000, 30472, 1, 0
150500, 26696, 1, 0
151000, 26280, 1, 0
151500, 25688, 1, 0
152000, 26136, 1, 0
152500, 25656, 1, 0
153000, 27120, 1, 0
153500, 27000, 1, 0
154000, 28152, 1, 0
154500, 25704, 1, 0
155000, 26248, 1, 0
155500, 27808, 1, 0
156000, 26560, 1, 0
156500, 27016, 1, 0
157000, 27760, 1, 0
157501, 29045, 1, 0
158000, 26360, 1, 0
158500, 22856, 1, 0
159000, 23624, 1, 0
159500, 27592, 1, 0
160000, 27064, 1, 0
160501, 25740, 1, 0
161000, 24824, 1, 0
161500, 22984, 1, 0
162000, 25968, 1, 0
162500, 27088, 1, 0
163001, 24910, 1, 0
163500, 24152, 1, 0
164000, 25664, 1, 0
164500, 26528, 1, 0
165000, 27128, 1, 0
165500, 26664, 1, 0
166000, 25024, 1, 0
166500, 23232, 1, 0
167000, 22456, 1, 0
167500, 25480, 1, 0
168000, 24064, 1, 0
168501, 25253, 1, 0
169000, 26296, 1, 0
169500, 24936, 1, 0
170000, 20040, 1, 0
170500, 25128, 1, 0
171000, 27736, 1, 0
171501, 27001, 1, 0
172000, 27800, 1, 0
172500, 28528, 1, 0
173000, 24216, 1, 0
173500, 25320, 1, 0
174000, 28256, 1, 0
174500, 25872, 1, 0
175000, 25808, 1, 0
175500, 26320, 1, 0
176000, 22320, 1, 0
176500, 22304, 1, 0
177000, 26816, 1, 0
177500, 27896, 1, 0
178000, 24568, 1, 0
178500, 31880, 1, 0
179000, 36232, 1, 0
179500, 30912, 1, 0
180000, 36192, 1, 0
